{ "summary": "Failure: -3/36 tests passed (39 failed). Run time 5.461 seconds", "text_description": "# Failure: -3/36 tests passed (39 failed). Run time 5.461 seconds\n\n## FAIL array-initialise\n\n### build:\n\n```\nunexpected build failure\n```\n## FAIL array-new\n\n### build:\n\n```\nunexpected build failure\n```\n## FAIL array-null-to-string\n\n### build:\n\n```\nunexpected build failure\n```\n## FAIL char-escapes\n\n### build:\n\n```\nunexpected build failure\n```\n## FAIL closure\n\n### build:\n\n```\nunexpected build failure\n```\n## FAIL enums\n\n### build:\n\n```\nunexpected build failure\n```\n## FAIL fibonacci\n\n### build:\n\n```\nunexpected build failure\n```\n## FAIL hello-world\n\n### build:\n\n```\nunexpected build failure\n```\n## FAIL hex-character-literal\n\n### build:\n\n```\nunexpected build failure\n```\n## FAIL if-elif-else\n\n### build:\n\n```\nunexpected build failure\n```\n## FAIL iterator\n\n### build:\n\n```\nunexpected build failure\n```\n## FAIL map-indexer\n\n### build:\n\n```\nunexpected build failure\n```\n## FAIL namespaces\n\n### build:\n\n```\nunexpected build failure\n```\n## FAIL native-member\n\n### build:\n\n```\nunexpected build failure\n```\n### compiler warning mismatch:\n\n```\n1,2d0\n< ./test.ghul: 15,0..16,0: warn: Test.ParseUnary.Main is unsafe: calls native code\n< ./test.ghul: 7,0..8,0: warn: declaring native method puts\n```\n## FAIL null-statement\n\n### build:\n\n```\nunexpected build failure: test.ghul: 15,17..15,18: warn: empty statement\ntest.ghul: 18,13..18,14: warn: empty statement\ntest.ghul: 21,17..21,18: warn: empty statement\ntest.ghul: 27,17..27,18: warn: empty statement\ntest.ghul: 41,17..41,18: warn: empty statement\ntest.ghul: 44,13..44,14: warn: empty statement\ntest.ghul: 46,20..46,21: warn: empty statement\ntest.ghul: 46,22..46,23: warn: empty statement\ntest.ghul: 49,17..49,18: warn: empty statement\ntest.ghul: 57,13..57,14: warn: empty statement\ntest.ghul: 60,17..60,18: warn: empty statement\ntest.ghul: 62,17..62,18: warn: empty statement\ntest.ghul: 63,17..63,18: warn: empty statement\n```\n### stderr:\n\n```\ntest.ghul: 15,17..15,18: warn: empty statement\ntest.ghul: 18,13..18,14: warn: empty statement\ntest.ghul: 21,17..21,18: warn: empty statement\ntest.ghul: 27,17..27,18: warn: empty statement\ntest.ghul: 41,17..41,18: warn: empty statement\ntest.ghul: 44,13..44,14: warn: empty statement\ntest.ghul: 46,20..46,21: warn: empty statement\ntest.ghul: 46,22..46,23: warn: empty statement\ntest.ghul: 49,17..49,18: warn: empty statement\ntest.ghul: 57,13..57,14: warn: empty statement\ntest.ghul: 60,17..60,18: warn: empty statement\ntest.ghul: 62,17..62,18: warn: empty statement\ntest.ghul: 63,17..63,18: warn: empty statement\n\n```\n## FAIL octal-character-literal\n\n### build:\n\n```\nunexpected build failure\n```\n## FAIL range\n\n### build:\n\n```\nunexpected build failure\n```\n## FAIL simple-case\n\n### build:\n\n```\nunexpected build failure\n```\n## FAIL simple-generic-inheritance\n\n### build:\n\n```\nunexpected build failure\n```\n### compiler warning mismatch:\n\n```\n1,2d0\n< ./test.ghul: 21,0..22,0: warn: first statement in void Test.GenericInheritance.J[char].init(char) is not a call to super.init() or this.init() (in template Test.GenericInheritance.J[char])\n< ./test.ghul: 21,0..22,0: warn: first statement in void Test.GenericInheritance.J[int].init(int) is not a call to super.init() or this.init() (in template Test.GenericInheritance.J[int])\n```\n## FAIL simple-if\n\n### build:\n\n```\nunexpected build failure\n```\n## FAIL simple-indexer\n\n### build:\n\n```\nunexpected build failure\n```\n## FAIL simple-isa\n\n### build:\n\n```\nunexpected build failure\n```\n### compiler warning mismatch:\n\n```\n1,3d0\n< ./test.ghul: 39,0..40,0: warn: isa Test.SimpleOperators.A always evaluates to true here\n< ./test.ghul: 45,0..46,0: warn: isa Test.SimpleOperators.A always evaluates to true here\n< ./test.ghul: 51,0..52,0: warn: isa Test.SimpleOperators.A always evaluates to true here\n```\n## FAIL simple-operators\n\n### build:\n\n```\nunexpected build failure\n```\n## FAIL simple-property\n\n### build:\n\n```\nunexpected build failure\n```\n## FAIL simple-trait\n\n### build:\n\n```\nunexpected build failure\n```\n## FAIL single-arg-lambda-with-parens\n\n### build:\n\n```\nunexpected build failure\n```\n## FAIL static-modifier-error\n\n### compiler error mismatch:\n\n```\n1d0\n< ./test.ghul: 19,0..20,0: error: cannot call instance method void Test.StaticModifier.Instance.instance_function() from static context\n```\n## FAIL static-modifier\n\n### build:\n\n```\nunexpected build failure\n```\n### compiler warning mismatch:\n\n```\n1d0\n< ./test.ghul: 20,0..21,0: warn: call to static method void Test.StaticModifier.Instance.static_function() does not evaluate left value\n```\n## FAIL string-plus-int\n\n### build:\n\n```\nunexpected build failure\n```\n## FAIL trait-indexer-assign-1\n\n### build:\n\n```\nunexpected build failure\n```\n## FAIL trait-inherit\n\n### build:\n\n```\nunexpected build failure\n```\n## FAIL trait-property-assign-1\n\n### build:\n\n```\nunexpected build failure\n```\n## FAIL typed-sequence\n\n### build:\n\n```\nunexpected build failure\n```\n## FAIL utf8-string-literal\n\n### build:\n\n```\nunexpected build failure\n```\n## FAIL zero-arg-function\n\n### build:\n\n```\nunexpected build failure\n```\n## PASS assignment-type-check\n\n### stderr:\n\n```\ntest.ghul: 13,13..13,18: error: Ghul.int is not assignable to Ghul.bool\ntest.ghul: 21,13..21,33: error: Ghul.long is not assignable to Ghul.int\ntest.ghul: 25,13..25,34: error: Ghul.long is not assignable to Ghul.int\n\n```\n"}