cases/4/namespaces.ghul: 54,13..54,15: error: symbol not defined: IO
cases/4/namespaces.ghul: 54,16..54,19: error: symbol not defined: Std
cases/4/namespaces.ghul: 54,20..54,23: error: symbol not defined: err
cases/4/namespaces.ghul: 54,24..54,31: error: symbol not defined: println
