<testsuites duration="0.030">
<testsuite name="integration" tests="1" failures="2" time="0.030" id="0">
<testcase name="simple-isa" time="0.028" classname="simple-isa">
<failure type="build" message="build">
unexpected build failure
</failure>
<failure type="compiler warning mismatch" message="compiler warning mismatch">
1,3d0
&lt; ./cases/simple-isa/test.ghul: 39,0..40,0: warn: isa Test.SimpleOperators.A always evaluates to true here
&lt; ./cases/simple-isa/test.ghul: 45,0..46,0: warn: isa Test.SimpleOperators.A always evaluates to true here
&lt; ./cases/simple-isa/test.ghul: 51,0..52,0: warn: isa Test.SimpleOperators.A always evaluates to true here
</failure>
<system-err>System.Exception: execvp: /usr/bin/lc: Unknown error 1107213688
ghul(_ZN4Util7Process14throwUnixErrorEN6System6StringE+0x74) [0x83c834]
ghul(_ZN4Util7Process5spawnEN6System6StringEA_N6System6StringEA_N6System6StringE+0x11d) [0x83cc0d]
ghul(_ZN4Util7Process3runEN6System6StringEA_N6System6StringEA_N6System6StringEb+0x59) [0x83cc89]
ghul(_ZN6Driver4Main4initEv+0xe03) [0x79ddc3]
ghul(_ZN6System7Startup4run1EN6System6ObjectE+0xd) [0x827bad]
ghul(main+0x43) [0x739153]

</system-err>
</testcase>
</testsuite>
</testsuites>

