"# Failure: 127/128 tests passed (1 failed). Run time 6.740 seconds\n\n## FAIL integration-ilasm-failure\n\n### compiler error mismatch:\n\n```\n1d0\n< out.il : Error : No entry point found.\n```\n## PASS enum-relational-operators\n\n## PASS function-no-arg-type\n\n### stderr:\n\n```\ntest.ghul: 6,18..6,22: error: explicit argument type required\ntest.ghul: 6,23..6,27: error: explicit argument type required\n\n```\n## PASS function-type-checks\n\n### stderr:\n\n```\ntest.ghul: 20,18..20,21: error: expected argument of type Ghul.char but Ghul.int supplied\ntest.ghul: 21,18..21,25: error: expected argument of type Ghul.char but System.String supplied\ntest.ghul: 23,19..23,26: error: expected argument of type Ghul.int but System.String supplied\ntest.ghul: 24,24..24,31: error: expected argument of type Ghul.int but System.String supplied\ntest.ghul: 26,18..26,44: error: expected 1 arguments but 3 supplied\ntest.ghul: 27,18..27,19: error: expected 1 arguments but 0 supplied\ntest.ghul: 35,13..35,25: error: Ghul.char -> Ghul.char is not assignable to (Ghul.int,Ghul.int) -> Ghul.int\ntest.ghul: 36,13..36,25: error: Ghul.FUNCTION_1[Ghul.char,Ghul.char] is not assignable to Ghul.FUNCTION_2[Ghul.int,Ghul.int,Ghul.int]\ntest.ghul: 38,13..38,20: error: cannot call value of non-function type System.String\n\n```\n## PASS function-type\n\n## PASS generic-arguments\n\n## PASS generic-function-type\n\n## PASS generic-inheritance-2\n\n## PASS generic-inheritance\n\n## PASS generic-overrides\n\n## PASS generic-self-2\n\n## PASS generic-self\n\n## PASS generic-traits\n\n## PASS generic-type-compatibility-2\n\n## PASS generic-type-compatibility-3\n\n## PASS generic-type-compatibility\n\n## PASS generic-type-constraints\n\n### stderr:\n\n```\ntest.ghul: 19,24..19,40: error: member nonTraitFunction not found in Test.GenericTypeConstraints.NeedsSomeTrait.T\n\n```\n## PASS il-def-class-implement-traits\n\n## PASS il-def-class-implement-trait\n\n## PASS il-def-class-minimal\n\n## PASS il-def-class-superclass-and-traits\n\n## PASS il-def-class-superclass\n\n## PASS il-def-function-fall-through-returns\n\n## PASS il-def-function-instance-args-innate-types\n\n## PASS il-def-function-instance-il-name-override\n\n## PASS il-def-function-instance-minimal\n\n## PASS il-def-function-static\n\n## PASS il-def-generic-class\n\n## PASS il-def-namespace-class-method\n\n## PASS il-def-namespace-minimal\n\n## PASS il-def-namespace-nested\n\n## PASS il-def-namespace-qualified-name\n\n## PASS il-def-trait-method\n\n## PASS il-operations-arithmetic-integer\n\n## PASS il-output-pragma\n\n## PASS indexer-type-checks\n\n### stderr:\n\n```\ntest.ghul: 9,13..9,23: error: indexer [System.String] = Ghul.int not found in Ghul.int[]\ntest.ghul: 10,13..10,18: error: indexer [Ghul.int] = System.String not found in Ghul.int[]\ntest.ghul: 12,13..12,17: error: indexer not found in Ghul.int\ntest.ghul: 14,21..14,31: error: indexer [System.String] not found in Ghul.int[]\n\n```\n## PASS indirect-overrides\n\n## PASS integration-hello-world\n\n### stdout:\n\n```\nhello, world\n\n```\n## PASS integration-minimal\n\n## PASS integration-to-string\n\n### stdout:\n\n```\nA thing\nA thing\n\n```\n## PASS parse-definition-pragma-1\n\n## PASS parse-generic-function-1\n\n## PASS parse-incomplete-class-10\n\n### stderr:\n\n```\ntest.ghul: 6,1..6,2: error: in type expression: expected ( or identifier but found si\n\n```\n## PASS parse-incomplete-class-11\n\n### stderr:\n\n```\ntest.ghul: 6,1..6,2: error: in type expression: expected ] but found si\n\n```\n## PASS parse-incomplete-class-12\n\n### stderr:\n\n```\ntest.ghul: 6,1..6,2: error: syntax error: expected is but found si\n\n```\n## PASS parse-incomplete-class-13\n\n### stderr:\n\n```\ntest.ghul: 6,1..6,3: error: syntax error: expected si but found end of input\n\n```\n## PASS parse-incomplete-class-1\n\n### stderr:\n\n```\ntest.ghul: 6,1..6,2: error: syntax error: expected is but found si\n\n```\n## PASS parse-incomplete-class-2\n\n### stderr:\n\n```\ntest.ghul: 6,1..6,2: error: in type expression: expected ( or identifier but found si\n\n```\n## PASS parse-incomplete-class-3\n\n### stderr:\n\n```\ntest.ghul: 6,1..6,2: error: syntax error: expected ] but found si\n\n```\n## PASS parse-incomplete-class-4\n\n### stderr:\n\n```\ntest.ghul: 6,1..6,2: error: in type expression: expected ( or identifier but found si\n\n```\n## PASS parse-incomplete-class-5\n\n### stderr:\n\n```\ntest.ghul: 6,1..6,2: error: syntax error: expected ] but found si\n\n```\n## PASS parse-incomplete-class-6\n\n### stderr:\n\n```\ntest.ghul: 6,1..6,2: error: syntax error: expected is but found si\n\n```\n## PASS parse-incomplete-class-7\n\n### stderr:\n\n```\ntest.ghul: 6,1..6,2: error: in type expression: expected ( or identifier but found si\n\n```\n## PASS parse-incomplete-class-8\n\n### stderr:\n\n```\ntest.ghul: 6,1..6,2: error: in type expression: expected ( or identifier but found si\ntest.ghul: 5,22..6,2: error: expected 2 type arguments\n\n```\n## PASS parse-incomplete-class-9\n\n### stderr:\n\n```\ntest.ghul: 6,1..6,2: error: in type expression: expected ] but found si\ntest.ghul: 5,22..6,2: error: expected 2 type arguments\n\n```\n## PASS parse-incomplete-enum-10\n\n### stderr:\n\n```\ntest.ghul: 8,5..8,10: error: in identifier: expected identifier but found class\n\n```\n## PASS parse-incomplete-enum-1\n\n### stderr:\n\n```\ntest.ghul: 6,1..6,2: error: in identifier: expected identifier but found si\n\n```\n## PASS parse-incomplete-enum-2\n\n### stderr:\n\n```\ntest.ghul: 6,1..6,2: error: syntax error: expected is but found si\n\n```\n## PASS parse-incomplete-enum-3\n\n### stderr:\n\n```\ntest.ghul: 7,1..7,3: error: syntax error: expected si but found end of input\n\n```\n## PASS parse-incomplete-enum-4\n\n### stderr:\n\n```\ntest.ghul: 7,1..7,2: error: in identifier: expected identifier but found si\n\n```\n## PASS parse-incomplete-enum-5\n\n### stderr:\n\n```\ntest.ghul: 8,1..8,3: error: syntax error: expected si but found end of input\n\n```\n## PASS parse-incomplete-enum-6\n\n### stderr:\n\n```\ntest.ghul: 8,1..8,2: error: in primary expression: expected (, [, cast, char literal, identifier, int literal, isa, native, new, none, null, self, string literal or super but found si\n\n```\n## PASS parse-incomplete-enum-7\n\n### stderr:\n\n```\ntest.ghul: 7,5..7,10: error: in identifier: expected identifier but found class\n\n```\n## PASS parse-incomplete-enum-8\n\n### stderr:\n\n```\ntest.ghul: 7,5..7,11: error: syntax error: expected is but found struct\n\n```\n## PASS parse-incomplete-enum-9\n\n### stderr:\n\n```\ntest.ghul: 7,5..7,9: error: in identifier: expected identifier but found enum\n\n```\n## PASS parse-incomplete-function-1\n\n### stderr:\n\n```\ntest.ghul: 6,5..6,7: error: syntax error: expected identifier but found si\n\n```\n## PASS parse-incomplete-function-2\n\n### stderr:\n\n```\ntest.ghul: 5,18..5,26: error: explicit argument type required\ntest.ghul: 6,5..6,7: error: syntax error: expected ) but found si\n\n```\n## PASS parse-incomplete-function-3\n\n### stderr:\n\n```\ntest.ghul: 6,5..6,7: error: in type expression: expected ( or identifier but found si\ntest.ghul: 6,5..6,7: error: syntax error: expected ) but found si\n\n```\n## PASS parse-incomplete-function-4\n\n### stderr:\n\n```\ntest.ghul: 6,5..6,7: error: syntax error: expected ) but found si\n\n```\n## PASS parse-incomplete-function-5\n\n### stderr:\n\n```\ntest.ghul: 6,5..6,7: error: syntax error: expected ; but found si\n\n```\n## PASS parse-incomplete-function-6\n\n### stderr:\n\n```\ntest.ghul: 7,1..7,3: error: syntax error: expected si but found end of input\n\n```\n## PASS parse-incomplete-function-7\n\n### stderr:\n\n```\ntest.ghul: 5,28..5,30: error: in type expression: expected ( or identifier but found in\ntest.ghul: 6,5..6,7: error: syntax error: expected ) but found si\n\n```\n## PASS parse-incomplete-if-1\n\n### stderr:\n\n```\ntest.ghul: 9,9..9,11: error: in primary expression: expected (, [, cast, char literal, identifier, int literal, isa, native, new, none, null, self, string literal or super but found si\ntest.ghul: 9,9..9,11: error: syntax error: expected then but found si\n\n```\n## PASS parse-incomplete-if-2\n\n### stderr:\n\n```\ntest.ghul: 9,9..9,11: error: syntax error: expected then but found si\n\n```\n## PASS parse-incomplete-if-3\n\n### stderr:\n\n```\ntest.ghul: 9,9..9,11: error: syntax error: expected else but found si\n\n```\n## PASS parse-incomplete-member\n\n### stderr:\n\n```\ntest.ghul: 6,5..6,7: error: in member: expected :, ;, => or = but found si\n\n```\n## PASS parse-incomplete-namespace-1\n\n### stderr:\n\n```\ntest.ghul: 1,1..2,1: error: in qualified identifier: expected identifier but found end of input\nSystem.NullPointerException: null pointer dereference\nghul(_ZN6System20NullPointerException8throwNPEEv+0x34) [0x783594]\nghul() [0x7eee75]\nghul(_ZN6Syntax6Parser11LAZY_PARSERIN6Syntax4Tree10Definition9NAMESPACEEE5parseEN6Syntax6Parser7CONTEXTE+0x23) [0x870563]\nghul(__thunk_bound__ZN6Syntax6Parser10Definition4NODE8__anon_1EN6Syntax6Parser7CONTEXTE+0x1a) [0x877f4a]\nghul(_ZN6Syntax6Parser4BASEIN6Syntax4Tree10Definition4NODEEE5parseEN6Syntax6Parser7CONTEXTE+0x45) [0x809f55]\nghul(_ZN6Driver8COMPILER5parseEN6System6StringEN2IO6ReaderEN6Driver11BUILD_FLAGSE+0x10e) [0x77ccfe]\nghul(_ZN6Driver8COMPILER15parse_and_queueEN6System6StringEN2IO6ReaderEN6Driver11BUILD_FLAGSE+0x12) [0x77cb42]\nghul(_ZN6Driver4Main11parse_flagsEv+0x119) [0x7adc09]\nghul(_ZN6Driver4Main4initEv+0x170) [0x7ad930]\nghul(_ZN6System7Startup4run1EN6System6ObjectE+0xd) [0x83d69d]\nghul(main+0x43) [0x74b893]\n\n\n```\n## PASS parse-incomplete-namespace-2\n\n### stderr:\n\n```\ntest.ghul: 1,11..1,15: error: syntax error: expected is but found end of input\n\n```\n## PASS parse-incomplete-namespace-3\n\n### stderr:\n\n```\ntest.ghul: 1,15..1,16: error: in qualified identifier: expected identifier but found end of input\n\n```\n## PASS parse-incomplete-namespace-4\n\n### stderr:\n\n```\ntest.ghul: 1,16..1,20: error: syntax error: expected is but found end of input\n\n```\n## PASS parse-incomplete-namespace-5\n\n### stderr:\n\n```\ntest.ghul: 1,21..1,23: error: syntax error: expected si but found end of input\n\n```\n## PASS parse-incomplete-namespace-6\n\n### stderr:\n\n```\ntest.ghul: 1,17..1,18: error: in qualified identifier: expected identifier but found is\n\n```\n## PASS parse-incomplete-namespace-7\n\n### stderr:\n\n```\ntest.ghul: 1,17..1,19: error: in qualified identifier: expected identifier but found is\n\n```\n## PASS parse-incomplete-property-10\n\n### stderr:\n\n```\ntest.ghul: 6,5..6,7: error: syntax error: expected ; but found si\n\n```\n## PASS parse-incomplete-property-11\n\n### stderr:\n\n```\ntest.ghul: 6,5..6,7: error: unexpected input in property\n\n```\n## PASS parse-incomplete-property-12\n\n### stderr:\n\n```\ntest.ghul: 5,33..5,34: error: syntax error: expected si but found ,\ntest.ghul: 6,5..6,7: error: unexpected input in property\n\n```\n## PASS parse-incomplete-property-13\n\n### stderr:\n\n```\ntest.ghul: 6,5..6,7: error: unexpected input in property\n\n```\n## PASS parse-incomplete-property-14\n\n### stderr:\n\n```\ntest.ghul: 6,5..6,7: error: in primary expression: expected (, [, cast, char literal, identifier, int literal, isa, native, new, none, null, self, string literal or super but found si\ntest.ghul: 6,5..6,7: error: syntax error: expected ; but found si\n\n```\n## PASS parse-incomplete-property-15\n\n### stderr:\n\n```\ntest.ghul: 6,5..6,7: error: in primary expression: expected (, [, cast, char literal, identifier, int literal, isa, native, new, none, null, self, string literal or super but found si\ntest.ghul: 6,5..6,7: error: syntax error: expected ; but found si\n\n```\n## PASS parse-incomplete-property-16\n\n### stderr:\n\n```\ntest.ghul: 6,5..6,7: error: syntax error: expected ; but found si\n\n```\n## PASS parse-incomplete-property-17\n\n### stderr:\n\n```\ntest.ghul: 5,19..5,20: error: in type expression: expected ( or identifier but found =\n\n```\n## PASS parse-incomplete-property-1\n\n### stderr:\n\n```\ntest.ghul: 6,5..6,7: error: in type expression: expected ( or identifier but found si\n\n```\n## PASS parse-incomplete-property-2\n\n### stderr:\n\n```\ntest.ghul: 6,5..6,7: error: unexpected input in property\n\n```\n## PASS parse-incomplete-property-3\n\n### stderr:\n\n```\ntest.ghul: 6,5..6,7: error: in primary expression: expected (, [, cast, char literal, identifier, int literal, isa, native, new, none, null, self, string literal or super but found si\ntest.ghul: 6,5..6,7: error: syntax error: expected ; but found si\n\n```\n## PASS parse-incomplete-property-4\n\n### stderr:\n\n```\ntest.ghul: 6,5..6,7: error: in primary expression: expected (, [, cast, char literal, identifier, int literal, isa, native, new, none, null, self, string literal or super but found si\ntest.ghul: 6,5..6,7: error: syntax error: expected ; but found si\n\n```\n## PASS parse-incomplete-property-5\n\n### stderr:\n\n```\ntest.ghul: 6,5..6,7: error: unexpected input in property\n\n```\n## PASS parse-incomplete-property-6\n\n### stderr:\n\n```\ntest.ghul: 6,5..6,7: error: in identifier: expected identifier but found si\ntest.ghul: 6,5..6,7: error: syntax error: expected ; but found si\n\n```\n## PASS parse-incomplete-property-7\n\n### stderr:\n\n```\ntest.ghul: 6,5..6,7: error: syntax error: expected ; but found si\n\n```\n## PASS parse-incomplete-property-8\n\n### stderr:\n\n```\ntest.ghul: 7,1..8,1: error: syntax error: expected si but found end of input\n\n```\n## PASS parse-incomplete-property-9\n\n### stderr:\n\n```\ntest.ghul: 6,5..6,7: error: in identifier: expected identifier but found si\ntest.ghul: 6,5..6,7: error: syntax error: expected ; but found si\n\n```\n## PASS parse-incomplete-trait-1\n\n### stderr:\n\n```\ntest.ghul: 6,1..6,2: error: in type expression: expected ( or identifier but found si\n\n```\n## PASS parse-incomplete-type-1\n\n### stderr:\n\n```\ntest.ghul: 4,5..4,7: error: in qualified identifier: expected identifier but found si\n\n```\n## PASS parse-incomplete-use-1\n\n### stderr:\n\n```\ntest.ghul: 3,1..3,3: error: in qualified identifier: expected identifier but found si\n\n```\n## PASS parse-incomplete-use-2\n\n### stderr:\n\n```\ntest.ghul: 3,1..3,3: error: syntax error: expected ; but found si\n\n```\n## PASS parse-incomplete-use-3\n\n### stderr:\n\n```\ntest.ghul: 3,1..3,3: error: in qualified identifier: expected identifier but found si\ntest.ghul: 3,1..3,3: error: syntax error: expected ; but found si\n\n```\n## PASS parse-incomplete-use-4\n\n### stderr:\n\n```\ntest.ghul: 3,1..3,3: error: syntax error: expected ; but found si\n\n```\n## PASS parse-incomplete-use-5\n\n### stderr:\n\n```\ntest.ghul: 7,5..7,10: error: in qualified identifier: expected identifier but found class\ntest.ghul: 13,15..13,27: error: member doesNotExist not found in Test.Test\n\n```\n## PASS parse-incomplete-use-6\n\n### stderr:\n\n```\ntest.ghul: 5,5..5,8: error: in qualified identifier: expected identifier but found use\n\n```\n## PASS parse-incomplete-use-7\n\n### stderr:\n\n```\ntest.ghul: 4,5..4,8: error: syntax error: expected ; but found use\ntest.ghul: 6,5..6,10: error: syntax error: expected ; but found class\n\n```\n## PASS parse-incomplete-variable-10\n\n### stderr:\n\n```\ntest.ghul: 6,25..6,27: error: in type expression: expected ( or identifier but found in\ntest.ghul: 7,9..7,11: error: syntax error: expected ; but found si\n\n```\n## PASS parse-incomplete-variable-1\n\n### stderr:\n\n```\ntest.ghul: 7,9..7,11: error: syntax error: expected identifier but found si\ntest.ghul: 7,9..7,11: error: syntax error: expected ; but found si\n\n```\n## PASS parse-incomplete-variable-2\n\n### stderr:\n\n```\ntest.ghul: 7,9..7,11: error: syntax error: expected ; but found si\ntest.ghul: 6,17..6,18: error: variable must have explict type or initializer\n\n```\n## PASS parse-incomplete-variable-3\n\n### stderr:\n\n```\ntest.ghul: 7,9..7,11: error: syntax error: expected ; but found si\n\n```\n## PASS parse-incomplete-variable-4\n\n### stderr:\n\n```\ntest.ghul: 7,9..7,11: error: in type expression: expected ( or identifier but found si\ntest.ghul: 7,9..7,11: error: syntax error: expected ; but found si\n\n```\n## PASS parse-incomplete-variable-5\n\n### stderr:\n\n```\ntest.ghul: 7,9..7,11: error: in primary expression: expected (, [, cast, char literal, identifier, int literal, isa, native, new, none, null, self, string literal or super but found si\ntest.ghul: 7,9..7,11: error: syntax error: expected ; but found si\n\n```\n## PASS parse-incomplete-variable-6\n\n### stderr:\n\n```\ntest.ghul: 7,9..7,11: error: in primary expression: expected (, [, cast, char literal, identifier, int literal, isa, native, new, none, null, self, string literal or super but found si\ntest.ghul: 7,9..7,11: error: syntax error: expected ; but found si\n\n```\n## PASS parse-incomplete-variable-7\n\n### stderr:\n\n```\ntest.ghul: 7,9..7,11: error: syntax error: expected ; but found si\n\n```\n## PASS parse-incomplete-variable-8\n\n### stderr:\n\n```\ntest.ghul: 7,9..7,11: error: in type expression: expected ( or identifier but found si\ntest.ghul: 7,9..7,11: error: syntax error: expected ; but found si\n\n```\n## PASS parse-incomplete-variable-9\n\n### stderr:\n\n```\ntest.ghul: 6,20..6,22: error: in type expression: expected ( or identifier but found in\ntest.ghul: 7,9..7,11: error: syntax error: expected ; but found si\n\n```\n## PASS parse-statement-pragma-1\n\n### stderr:\n\n```\nIO.IOException: open \"../lib/ghul.ghul\": No such file or directory (2)\nghul(_ZN2IO11IOException4initEiN6System6StringE+0x2d) [0x7cd90d]\nghul(_ZN2IO10FileStream16throwIOExceptionEN6System6StringEiN6System6StringE+0x105) [0x7caf05]\nghul(_ZN2IO4File10openStreamEN6System6StringEiib+0x62) [0x834602]\nghul(_ZN6Driver4Main11parse_flagsEv+0xf3) [0x7adbe3]\nghul(_ZN6Driver4Main4initEv+0x170) [0x7ad930]\nghul(_ZN6System7Startup4run1EN6System6ObjectE+0xd) [0x83d69d]\nghul(main+0x43) [0x74b893]\n\n\n```\n## PASS parse-struct-1\n\n## PASS parse-struct-2\n\n### stderr:\n\n```\nghul(__segv_handler+0x83)[0x74b273]\nswallowing System.MemoryProtectionException: invalid pointer dereference\nghul(_ZN6System15MemoryException7throwMEEv+0x50) [0x7b6c00]\n/lib/x86_64-linux-gnu/libc.so.6(+0x46210) [0x7f501d6e3210]\nghul(_ZN8Semantic4Type7GENERIC10specializeEN7Generic4DictIN6System6StringEN8Semantic4Type4BASEEEE+0x5d) [0x75b97d]\nghul(_ZN8Semantic6Symbol8Property10specializeEN7Generic4DictIN6System6StringEN8Semantic4Type4BASEEEE+0x60) [0x7a4940]\nghul(_ZN8Semantic6Symbol7GENERIC11_specializeEN8Semantic6Symbol4BASEE+0xb5) [0x8617c5]\nghul(_ZN8Semantic6Symbol7GENERIC11find_memberEN6System6StringE+0x22) [0x860a02]\nghul(_ZN8Semantic6Symbol21ScopedWithInheritance16find_member_onlyEN6System6StringE+0x193) [0x7ec373]\nghul(_ZN8Semantic6Symbol21ScopedWithInheritance11find_memberEN6System6StringE+0x37) [0x7eb417]\nghul(_ZN6Syntax7Process11INFER_TYPES5visitEN6Syntax4Tree10Expression6MEMBERE+0x177) [0x7dec07]\nghul(_ZN6Syntax4Tree10Expression6MEMBER4walkEN6Syntax7VisitorE+0x54) [0x7d7624]\nghul(_ZN6Syntax4Tree4Body10EXPRESSION4walkEN6Syntax7VisitorE+0x30) [0x7b1510]\nghul(_ZN6Syntax4Tree10Definition8PROPERTY4walkEN6Syntax7VisitorE+0x74) [0x7f36b4]\nghul(_ZN6Syntax4Tree10Definition4LIST4walkEN6Syntax7VisitorE+0x60) [0x80a500]\nghul(_ZN6Syntax4Tree10Definition6STRUCT4walkEN6Syntax7VisitorE+0x13a) [0x7ac84a]\nghul(_ZN6Syntax4Tree10Definition4LIST4walkEN6Syntax7VisitorE+0x60) [0x80a500]\nghul(_ZN6Syntax4Tree10Definition9NAMESPACE4walkEN6Syntax7VisitorE+0x41) [0x7664d1]\n\n\n```\n## PASS parse-unary\n\n## PASS scope-namespace-qualified\n\n## PASS simple-generic\n\n## PASS simple-overrides\n\n## PASS simple-type-compatibility\n\n## PASS single-element-tuple\n\n### stderr:\n\n```\npossible tuple match: (Ghul.int) vs ((Ghul.int))\ntuple match score: (Ghul.int) vs (Ghul.int) = 0\npossible tuple match: (Ghul.int) vs ((Ghul.int))\ntuple match score: (Ghul.int) vs (Ghul.int) = 0\npossible tuple match: (Ghul.int) vs ((Ghul.int))\ntuple match score: (Ghul.int) vs (Ghul.int) = 0\n\n```\n"
