cases/3/fibonacci.ghul: 2,9..2,15: error: symbol not defined: System
cases/3/fibonacci.ghul: 7,17..7,19: error: symbol not defined: IO
cases/3/fibonacci.ghul: 7,20..7,23: error: symbol not defined: Std
cases/3/fibonacci.ghul: 7,24..7,27: error: symbol not defined: err
cases/3/fibonacci.ghul: 7,28..7,35: error: symbol not defined: println
cases/3/fibonacci.ghul: 7,65..7,71: error: symbol not defined: Object
