cases/1/test.ghul: 4,13..4,15: error: symbol not defined: IO
cases/1/test.ghul: 4,16..4,19: error: symbol not defined: Std
cases/1/test.ghul: 4,20..4,23: error: symbol not defined: err
cases/1/test.ghul: 4,24..4,31: error: symbol not defined: println
