<testsuites duration="1.624">
<testsuite name="integration" tests="133" failures="118" time="1.624" id="0">
<testcase name="array-initialise" time="0.011" classname="array-initialise">
<failure type="build" message="build">
unexpected build failure
</failure>
<system-err>IO.IOException: open &quot;../lib/ghul.ghul&quot;: No such file or directory (2)
ghul(_ZN2IO11IOException4initEiN6System6StringE+0x2d) [0x7bb95d]
ghul(_ZN2IO10FileStream16throwIOExceptionEN6System6StringEiN6System6StringE+0x105) [0x7b8f55]
ghul(_ZN2IO4File10openStreamEN6System6StringEiib+0x62) [0x81fed2]
ghul(_ZN6Driver4Main4initEv+0x7a5) [0x79d765]
ghul(_ZN6System7Startup4run1EN6System6ObjectE+0xd) [0x827bad]
ghul(main+0x43) [0x739153]

</system-err>
</testcase>
<testcase name="array-new" time="0.013" classname="array-new">
<failure type="build" message="build">
unexpected build failure
</failure>
<system-err>System.Exception: execvp: /usr/bin/lc: Unknown error 1394609528
ghul(_ZN4Util7Process14throwUnixErrorEN6System6StringE+0x74) [0x83c834]
ghul(_ZN4Util7Process5spawnEN6System6StringEA_N6System6StringEA_N6System6StringE+0x11d) [0x83cc0d]
ghul(_ZN4Util7Process3runEN6System6StringEA_N6System6StringEA_N6System6StringEb+0x59) [0x83cc89]
ghul(_ZN6Driver4Main4initEv+0xe03) [0x79ddc3]
ghul(_ZN6System7Startup4run1EN6System6ObjectE+0xd) [0x827bad]
ghul(main+0x43) [0x739153]

</system-err>
</testcase>
<testcase name="array-null-to-string" time="0.013" classname="array-null-to-string">
<failure type="build" message="build">
unexpected build failure
</failure>
<system-err>System.Exception: execvp: /usr/bin/lc: Unknown error 29453688
ghul(_ZN4Util7Process14throwUnixErrorEN6System6StringE+0x74) [0x83c834]
ghul(_ZN4Util7Process5spawnEN6System6StringEA_N6System6StringEA_N6System6StringE+0x11d) [0x83cc0d]
ghul(_ZN4Util7Process3runEN6System6StringEA_N6System6StringEA_N6System6StringEb+0x59) [0x83cc89]
ghul(_ZN6Driver4Main4initEv+0xe03) [0x79ddc3]
ghul(_ZN6System7Startup4run1EN6System6ObjectE+0xd) [0x827bad]
ghul(main+0x43) [0x739153]

</system-err>
</testcase>
<testcase name="char-escapes" time="0.013" classname="char-escapes">
<failure type="build" message="build">
unexpected build failure
</failure>
<system-err>System.Exception: execvp: /usr/bin/lc: Unknown error -1585939080
ghul(_ZN4Util7Process14throwUnixErrorEN6System6StringE+0x74) [0x83c834]
ghul(_ZN4Util7Process5spawnEN6System6StringEA_N6System6StringEA_N6System6StringE+0x11d) [0x83cc0d]
ghul(_ZN4Util7Process3runEN6System6StringEA_N6System6StringEA_N6System6StringEb+0x59) [0x83cc89]
ghul(_ZN6Driver4Main4initEv+0xe03) [0x79ddc3]
ghul(_ZN6System7Startup4run1EN6System6ObjectE+0xd) [0x827bad]
ghul(main+0x43) [0x739153]

</system-err>
</testcase>
<testcase name="closure" time="0.013" classname="closure">
<failure type="build" message="build">
unexpected build failure
</failure>
<system-err>System.Exception: execvp: /usr/bin/lc: Unknown error -884486792
ghul(_ZN4Util7Process14throwUnixErrorEN6System6StringE+0x74) [0x83c834]
ghul(_ZN4Util7Process5spawnEN6System6StringEA_N6System6StringEA_N6System6StringE+0x11d) [0x83cc0d]
ghul(_ZN4Util7Process3runEN6System6StringEA_N6System6StringEA_N6System6StringEb+0x59) [0x83cc89]
ghul(_ZN6Driver4Main4initEv+0xe03) [0x79ddc3]
ghul(_ZN6System7Startup4run1EN6System6ObjectE+0xd) [0x827bad]
ghul(main+0x43) [0x739153]

</system-err>
</testcase>
<testcase name="enum-relational-operators" time="0.012" classname="enum-relational-operators">
</testcase>
<testcase name="enums" time="0.011" classname="enums">
<failure type="build" message="build">
unexpected build failure
</failure>
<system-err>IO.IOException: open &quot;../lib/ghul.ghul&quot;: No such file or directory (2)
ghul(_ZN2IO11IOException4initEiN6System6StringE+0x2d) [0x7bb95d]
ghul(_ZN2IO10FileStream16throwIOExceptionEN6System6StringEiN6System6StringE+0x105) [0x7b8f55]
ghul(_ZN2IO4File10openStreamEN6System6StringEiib+0x62) [0x81fed2]
ghul(_ZN6Driver4Main4initEv+0x7a5) [0x79d765]
ghul(_ZN6System7Startup4run1EN6System6ObjectE+0xd) [0x827bad]
ghul(main+0x43) [0x739153]

</system-err>
</testcase>
<testcase name="fibonacci" time="0.011" classname="fibonacci">
<failure type="build" message="build">
unexpected build failure
</failure>
<system-err>IO.IOException: open &quot;../lib/ghul.ghul&quot;: No such file or directory (2)
ghul(_ZN2IO11IOException4initEiN6System6StringE+0x2d) [0x7bb95d]
ghul(_ZN2IO10FileStream16throwIOExceptionEN6System6StringEiN6System6StringE+0x105) [0x7b8f55]
ghul(_ZN2IO4File10openStreamEN6System6StringEiib+0x62) [0x81fed2]
ghul(_ZN6Driver4Main4initEv+0x7a5) [0x79d765]
ghul(_ZN6System7Startup4run1EN6System6ObjectE+0xd) [0x827bad]
ghul(main+0x43) [0x739153]

</system-err>
</testcase>
<testcase name="function-no-arg-type" time="0.012" classname="function-no-arg-type">
<failure type="compiler error mismatch" message="compiler error mismatch">
1,2d0
&lt; cases/function-no-arg-type/test.ghul: 6,18..6,22: error: explicit argument type required
&lt; cases/function-no-arg-type/test.ghul: 6,23..6,27: error: explicit argument type required
</failure>
<system-err>IO.IOException: open &quot;../lib/ghul.ghul&quot;: No such file or directory (2)
ghul(_ZN2IO11IOException4initEiN6System6StringE+0x2d) [0x7bb95d]
ghul(_ZN2IO10FileStream16throwIOExceptionEN6System6StringEiN6System6StringE+0x105) [0x7b8f55]
ghul(_ZN2IO4File10openStreamEN6System6StringEiib+0x62) [0x81fed2]
ghul(_ZN6Driver4Main4initEv+0x7a5) [0x79d765]
ghul(_ZN6System7Startup4run1EN6System6ObjectE+0xd) [0x827bad]
ghul(main+0x43) [0x739153]

</system-err>
</testcase>
<testcase name="function-type" time="0.012" classname="function-type">
</testcase>
<testcase name="generic-arguments" time="0.012" classname="generic-arguments">
</testcase>
<testcase name="generic-function-type" time="0.012" classname="generic-function-type">
</testcase>
<testcase name="generic-inheritance-2" time="0.011" classname="generic-inheritance-2">
</testcase>
<testcase name="generic-inheritance" time="0.011" classname="generic-inheritance">
</testcase>
<testcase name="generic-overrides" time="0.011" classname="generic-overrides">
</testcase>
<testcase name="generic-self-2" time="0.011" classname="generic-self-2">
</testcase>
<testcase name="generic-self" time="0.011" classname="generic-self">
</testcase>
<testcase name="generic-traits" time="0.010" classname="generic-traits">
</testcase>
<testcase name="generic-type-compatibility-2" time="0.010" classname="generic-type-compatibility-2">
</testcase>
<testcase name="generic-type-compatibility-3" time="0.010" classname="generic-type-compatibility-3">
</testcase>
<testcase name="generic-type-compatibility-4" time="0.011" classname="generic-type-compatibility-4">
</testcase>
<testcase name="generic-type-compatibility" time="0.011" classname="generic-type-compatibility">
</testcase>
<testcase name="generic-type-constraints" time="0.012" classname="generic-type-constraints">
<failure type="compiler error mismatch" message="compiler error mismatch">
1d0
&lt; cases/generic-type-constraints/test.ghul: 19,24..19,40: error: member nonTraitFunction not found in Test.GenericTypeConstraints.NeedsSomeTrait.T
</failure>
<system-err>IO.IOException: open &quot;../lib/ghul.ghul&quot;: No such file or directory (2)
ghul(_ZN2IO11IOException4initEiN6System6StringE+0x2d) [0x7bb95d]
ghul(_ZN2IO10FileStream16throwIOExceptionEN6System6StringEiN6System6StringE+0x105) [0x7b8f55]
ghul(_ZN2IO4File10openStreamEN6System6StringEiib+0x62) [0x81fed2]
ghul(_ZN6Driver4Main4initEv+0x7a5) [0x79d765]
ghul(_ZN6System7Startup4run1EN6System6ObjectE+0xd) [0x827bad]
ghul(main+0x43) [0x739153]

</system-err>
</testcase>
<testcase name="hello-world" time="0.011" classname="hello-world">
<failure type="build" message="build">
unexpected build failure
</failure>
<system-err>IO.IOException: open &quot;../lib/ghul.ghul&quot;: No such file or directory (2)
ghul(_ZN2IO11IOException4initEiN6System6StringE+0x2d) [0x7bb95d]
ghul(_ZN2IO10FileStream16throwIOExceptionEN6System6StringEiN6System6StringE+0x105) [0x7b8f55]
ghul(_ZN2IO4File10openStreamEN6System6StringEiib+0x62) [0x81fed2]
ghul(_ZN6Driver4Main4initEv+0x7a5) [0x79d765]
ghul(_ZN6System7Startup4run1EN6System6ObjectE+0xd) [0x827bad]
ghul(main+0x43) [0x739153]

</system-err>
</testcase>
<testcase name="if-elif-else" time="0.013" classname="if-elif-else">
<failure type="build" message="build">
unexpected build failure
</failure>
<system-err>System.Exception: execvp: /usr/bin/lc: Unknown error -2081395336
ghul(_ZN4Util7Process14throwUnixErrorEN6System6StringE+0x74) [0x83c834]
ghul(_ZN4Util7Process5spawnEN6System6StringEA_N6System6StringEA_N6System6StringE+0x11d) [0x83cc0d]
ghul(_ZN4Util7Process3runEN6System6StringEA_N6System6StringEA_N6System6StringEb+0x59) [0x83cc89]
ghul(_ZN6Driver4Main4initEv+0xe03) [0x79ddc3]
ghul(_ZN6System7Startup4run1EN6System6ObjectE+0xd) [0x827bad]
ghul(main+0x43) [0x739153]

</system-err>
</testcase>
<testcase name="indirect-overrides" time="0.011" classname="indirect-overrides">
</testcase>
<testcase name="iterator" time="0.013" classname="iterator">
<failure type="build" message="build">
unexpected build failure
</failure>
<system-err>System.Exception: execvp: /usr/bin/lc: Unknown error 1977408888
ghul(_ZN4Util7Process14throwUnixErrorEN6System6StringE+0x74) [0x83c834]
ghul(_ZN4Util7Process5spawnEN6System6StringEA_N6System6StringEA_N6System6StringE+0x11d) [0x83cc0d]
ghul(_ZN4Util7Process3runEN6System6StringEA_N6System6StringEA_N6System6StringEb+0x59) [0x83cc89]
ghul(_ZN6Driver4Main4initEv+0xe03) [0x79ddc3]
ghul(_ZN6System7Startup4run1EN6System6ObjectE+0xd) [0x827bad]
ghul(main+0x43) [0x739153]

</system-err>
</testcase>
<testcase name="map-indexer" time="0.013" classname="map-indexer">
<failure type="build" message="build">
unexpected build failure
</failure>
<system-err>System.Exception: execvp: /usr/bin/lc: Unknown error -102896264
ghul(_ZN4Util7Process14throwUnixErrorEN6System6StringE+0x74) [0x83c834]
ghul(_ZN4Util7Process5spawnEN6System6StringEA_N6System6StringEA_N6System6StringE+0x11d) [0x83cc0d]
ghul(_ZN4Util7Process3runEN6System6StringEA_N6System6StringEA_N6System6StringEb+0x59) [0x83cc89]
ghul(_ZN6Driver4Main4initEv+0xe03) [0x79ddc3]
ghul(_ZN6System7Startup4run1EN6System6ObjectE+0xd) [0x827bad]
ghul(main+0x43) [0x739153]

</system-err>
</testcase>
<testcase name="namespaces" time="0.012" classname="namespaces">
<failure type="build" message="build">
unexpected build failure
</failure>
<system-err>IO.IOException: open &quot;../lib/ghul.ghul&quot;: No such file or directory (2)
ghul(_ZN2IO11IOException4initEiN6System6StringE+0x2d) [0x7bb95d]
ghul(_ZN2IO10FileStream16throwIOExceptionEN6System6StringEiN6System6StringE+0x105) [0x7b8f55]
ghul(_ZN2IO4File10openStreamEN6System6StringEiib+0x62) [0x81fed2]
ghul(_ZN6Driver4Main4initEv+0x7a5) [0x79d765]
ghul(_ZN6System7Startup4run1EN6System6ObjectE+0xd) [0x827bad]
ghul(main+0x43) [0x739153]

</system-err>
</testcase>
<testcase name="native-member" time="0.013" classname="native-member">
<failure type="build" message="build">
unexpected build failure
</failure>
<failure type="compiler warning mismatch" message="compiler warning mismatch">
1,2d0
&lt; ./cases/native-member/test.ghul: 15,0..16,0: warn: Test.ParseUnary.Main is unsafe: calls native code
&lt; ./cases/native-member/test.ghul: 7,0..8,0: warn: declaring native method puts
</failure>
<system-err>System.Exception: execvp: /usr/bin/lc: Unknown error -1583395464
ghul(_ZN4Util7Process14throwUnixErrorEN6System6StringE+0x74) [0x83c834]
ghul(_ZN4Util7Process5spawnEN6System6StringEA_N6System6StringEA_N6System6StringE+0x11d) [0x83cc0d]
ghul(_ZN4Util7Process3runEN6System6StringEA_N6System6StringEA_N6System6StringEb+0x59) [0x83cc89]
ghul(_ZN6Driver4Main4initEv+0xe03) [0x79ddc3]
ghul(_ZN6System7Startup4run1EN6System6ObjectE+0xd) [0x827bad]
ghul(main+0x43) [0x739153]

</system-err>
</testcase>
<testcase name="null-statement" time="0.014" classname="null-statement">
<failure type="build" message="build">
unexpected build failure
</failure>
<failure type="compiler warning mismatch" message="compiler warning mismatch">
1,13c1,13
&lt; cases/null-statement/test.ghul: 15,17..15,18: warn: empty statement
&lt; cases/null-statement/test.ghul: 18,13..18,14: warn: empty statement
&lt; cases/null-statement/test.ghul: 21,17..21,18: warn: empty statement
&lt; cases/null-statement/test.ghul: 27,17..27,18: warn: empty statement
&lt; cases/null-statement/test.ghul: 41,17..41,18: warn: empty statement
&lt; cases/null-statement/test.ghul: 44,13..44,14: warn: empty statement
&lt; cases/null-statement/test.ghul: 46,20..46,21: warn: empty statement
&lt; cases/null-statement/test.ghul: 46,22..46,23: warn: empty statement
&lt; cases/null-statement/test.ghul: 49,17..49,18: warn: empty statement
&lt; cases/null-statement/test.ghul: 57,13..57,14: warn: empty statement
&lt; cases/null-statement/test.ghul: 60,17..60,18: warn: empty statement
&lt; cases/null-statement/test.ghul: 62,17..62,18: warn: empty statement
&lt; cases/null-statement/test.ghul: 63,17..63,18: warn: empty statement
---
&gt; test.ghul: 15,17..15,18: warn: empty statement
&gt; test.ghul: 18,13..18,14: warn: empty statement
&gt; test.ghul: 21,17..21,18: warn: empty statement
&gt; test.ghul: 27,17..27,18: warn: empty statement
&gt; test.ghul: 41,17..41,18: warn: empty statement
&gt; test.ghul: 44,13..44,14: warn: empty statement
&gt; test.ghul: 46,20..46,21: warn: empty statement
&gt; test.ghul: 46,22..46,23: warn: empty statement
&gt; test.ghul: 49,17..49,18: warn: empty statement
&gt; test.ghul: 57,13..57,14: warn: empty statement
&gt; test.ghul: 60,17..60,18: warn: empty statement
&gt; test.ghul: 62,17..62,18: warn: empty statement
&gt; test.ghul: 63,17..63,18: warn: empty statement
</failure>
<system-err>test.ghul: 15,17..15,18: warn: empty statement
test.ghul: 18,13..18,14: warn: empty statement
test.ghul: 21,17..21,18: warn: empty statement
test.ghul: 27,17..27,18: warn: empty statement
test.ghul: 41,17..41,18: warn: empty statement
test.ghul: 44,13..44,14: warn: empty statement
test.ghul: 46,20..46,21: warn: empty statement
test.ghul: 46,22..46,23: warn: empty statement
test.ghul: 49,17..49,18: warn: empty statement
test.ghul: 57,13..57,14: warn: empty statement
test.ghul: 60,17..60,18: warn: empty statement
test.ghul: 62,17..62,18: warn: empty statement
test.ghul: 63,17..63,18: warn: empty statement
System.Exception: execvp: /usr/bin/lc: Unknown error -507749000
ghul(_ZN4Util7Process14throwUnixErrorEN6System6StringE+0x74) [0x83c834]
ghul(_ZN4Util7Process5spawnEN6System6StringEA_N6System6StringEA_N6System6StringE+0x11d) [0x83cc0d]
ghul(_ZN4Util7Process3runEN6System6StringEA_N6System6StringEA_N6System6StringEb+0x59) [0x83cc89]
ghul(_ZN6Driver4Main4initEv+0xe03) [0x79ddc3]
ghul(_ZN6System7Startup4run1EN6System6ObjectE+0xd) [0x827bad]
ghul(main+0x43) [0x739153]

</system-err>
</testcase>
<testcase name="octal-character-literal" time="0.013" classname="octal-character-literal">
<failure type="build" message="build">
unexpected build failure
</failure>
<system-err>IO.IOException: open &quot;../lib/ghul.ghul&quot;: No such file or directory (2)
ghul(_ZN2IO11IOException4initEiN6System6StringE+0x2d) [0x7bb95d]
ghul(_ZN2IO10FileStream16throwIOExceptionEN6System6StringEiN6System6StringE+0x105) [0x7b8f55]
ghul(_ZN2IO4File10openStreamEN6System6StringEiib+0x62) [0x81fed2]
ghul(_ZN6Driver4Main4initEv+0x7a5) [0x79d765]
ghul(_ZN6System7Startup4run1EN6System6ObjectE+0xd) [0x827bad]
ghul(main+0x43) [0x739153]

</system-err>
</testcase>
<testcase name="parse-incomplete-class-10" time="0.011" classname="parse-incomplete-class-10">
<failure type="compiler error mismatch" message="compiler error mismatch">
1d0
&lt; cases/parse-incomplete-class-10/test.ghul: 6,1..6,2: error: in type expression: expected ( or identifier but found si
</failure>
<system-err>IO.IOException: open &quot;../lib/ghul.ghul&quot;: No such file or directory (2)
ghul(_ZN2IO11IOException4initEiN6System6StringE+0x2d) [0x7bb95d]
ghul(_ZN2IO10FileStream16throwIOExceptionEN6System6StringEiN6System6StringE+0x105) [0x7b8f55]
ghul(_ZN2IO4File10openStreamEN6System6StringEiib+0x62) [0x81fed2]
ghul(_ZN6Driver4Main4initEv+0x7a5) [0x79d765]
ghul(_ZN6System7Startup4run1EN6System6ObjectE+0xd) [0x827bad]
ghul(main+0x43) [0x739153]

</system-err>
</testcase>
<testcase name="parse-incomplete-class-11" time="0.011" classname="parse-incomplete-class-11">
<failure type="compiler error mismatch" message="compiler error mismatch">
1d0
&lt; cases/parse-incomplete-class-11/test.ghul: 6,1..6,2: error: in type expression: expected ] but found si
</failure>
<system-err>IO.IOException: open &quot;../lib/ghul.ghul&quot;: No such file or directory (2)
ghul(_ZN2IO11IOException4initEiN6System6StringE+0x2d) [0x7bb95d]
ghul(_ZN2IO10FileStream16throwIOExceptionEN6System6StringEiN6System6StringE+0x105) [0x7b8f55]
ghul(_ZN2IO4File10openStreamEN6System6StringEiib+0x62) [0x81fed2]
ghul(_ZN6Driver4Main4initEv+0x7a5) [0x79d765]
ghul(_ZN6System7Startup4run1EN6System6ObjectE+0xd) [0x827bad]
ghul(main+0x43) [0x739153]

</system-err>
</testcase>
<testcase name="parse-incomplete-class-12" time="0.011" classname="parse-incomplete-class-12">
<failure type="compiler error mismatch" message="compiler error mismatch">
1d0
&lt; cases/parse-incomplete-class-12/test.ghul: 6,1..6,2: error: syntax error: expected is but found si
</failure>
<system-err>IO.IOException: open &quot;../lib/ghul.ghul&quot;: No such file or directory (2)
ghul(_ZN2IO11IOException4initEiN6System6StringE+0x2d) [0x7bb95d]
ghul(_ZN2IO10FileStream16throwIOExceptionEN6System6StringEiN6System6StringE+0x105) [0x7b8f55]
ghul(_ZN2IO4File10openStreamEN6System6StringEiib+0x62) [0x81fed2]
ghul(_ZN6Driver4Main4initEv+0x7a5) [0x79d765]
ghul(_ZN6System7Startup4run1EN6System6ObjectE+0xd) [0x827bad]
ghul(main+0x43) [0x739153]

</system-err>
</testcase>
<testcase name="parse-incomplete-class-13" time="0.011" classname="parse-incomplete-class-13">
<failure type="compiler error mismatch" message="compiler error mismatch">
1d0
&lt; cases/parse-incomplete-class-13/test.ghul: 6,1..6,3: error: syntax error: expected si but found end of input
</failure>
<system-err>IO.IOException: open &quot;../lib/ghul.ghul&quot;: No such file or directory (2)
ghul(_ZN2IO11IOException4initEiN6System6StringE+0x2d) [0x7bb95d]
ghul(_ZN2IO10FileStream16throwIOExceptionEN6System6StringEiN6System6StringE+0x105) [0x7b8f55]
ghul(_ZN2IO4File10openStreamEN6System6StringEiib+0x62) [0x81fed2]
ghul(_ZN6Driver4Main4initEv+0x7a5) [0x79d765]
ghul(_ZN6System7Startup4run1EN6System6ObjectE+0xd) [0x827bad]
ghul(main+0x43) [0x739153]

</system-err>
</testcase>
<testcase name="parse-incomplete-class-1" time="0.011" classname="parse-incomplete-class-1">
<failure type="compiler error mismatch" message="compiler error mismatch">
1d0
&lt; cases/parse-incomplete-class-1/test.ghul: 6,1..6,2: error: syntax error: expected is but found si
</failure>
<system-err>IO.IOException: open &quot;../lib/ghul.ghul&quot;: No such file or directory (2)
ghul(_ZN2IO11IOException4initEiN6System6StringE+0x2d) [0x7bb95d]
ghul(_ZN2IO10FileStream16throwIOExceptionEN6System6StringEiN6System6StringE+0x105) [0x7b8f55]
ghul(_ZN2IO4File10openStreamEN6System6StringEiib+0x62) [0x81fed2]
ghul(_ZN6Driver4Main4initEv+0x7a5) [0x79d765]
ghul(_ZN6System7Startup4run1EN6System6ObjectE+0xd) [0x827bad]
ghul(main+0x43) [0x739153]

</system-err>
</testcase>
<testcase name="parse-incomplete-class-2" time="0.011" classname="parse-incomplete-class-2">
<failure type="compiler error mismatch" message="compiler error mismatch">
1d0
&lt; cases/parse-incomplete-class-2/test.ghul: 6,1..6,2: error: in type expression: expected ( or identifier but found si
</failure>
<system-err>IO.IOException: open &quot;../lib/ghul.ghul&quot;: No such file or directory (2)
ghul(_ZN2IO11IOException4initEiN6System6StringE+0x2d) [0x7bb95d]
ghul(_ZN2IO10FileStream16throwIOExceptionEN6System6StringEiN6System6StringE+0x105) [0x7b8f55]
ghul(_ZN2IO4File10openStreamEN6System6StringEiib+0x62) [0x81fed2]
ghul(_ZN6Driver4Main4initEv+0x7a5) [0x79d765]
ghul(_ZN6System7Startup4run1EN6System6ObjectE+0xd) [0x827bad]
ghul(main+0x43) [0x739153]

</system-err>
</testcase>
<testcase name="parse-incomplete-class-3" time="0.011" classname="parse-incomplete-class-3">
<failure type="compiler error mismatch" message="compiler error mismatch">
1d0
&lt; cases/parse-incomplete-class-3/test.ghul: 6,1..6,2: error: syntax error: expected ] but found si
</failure>
<system-err>IO.IOException: open &quot;../lib/ghul.ghul&quot;: No such file or directory (2)
ghul(_ZN2IO11IOException4initEiN6System6StringE+0x2d) [0x7bb95d]
ghul(_ZN2IO10FileStream16throwIOExceptionEN6System6StringEiN6System6StringE+0x105) [0x7b8f55]
ghul(_ZN2IO4File10openStreamEN6System6StringEiib+0x62) [0x81fed2]
ghul(_ZN6Driver4Main4initEv+0x7a5) [0x79d765]
ghul(_ZN6System7Startup4run1EN6System6ObjectE+0xd) [0x827bad]
ghul(main+0x43) [0x739153]

</system-err>
</testcase>
<testcase name="parse-incomplete-class-4" time="0.012" classname="parse-incomplete-class-4">
<failure type="compiler error mismatch" message="compiler error mismatch">
1d0
&lt; cases/parse-incomplete-class-4/test.ghul: 6,1..6,2: error: in type expression: expected ( or identifier but found si
</failure>
<system-err>IO.IOException: open &quot;../lib/ghul.ghul&quot;: No such file or directory (2)
ghul(_ZN2IO11IOException4initEiN6System6StringE+0x2d) [0x7bb95d]
ghul(_ZN2IO10FileStream16throwIOExceptionEN6System6StringEiN6System6StringE+0x105) [0x7b8f55]
ghul(_ZN2IO4File10openStreamEN6System6StringEiib+0x62) [0x81fed2]
ghul(_ZN6Driver4Main4initEv+0x7a5) [0x79d765]
ghul(_ZN6System7Startup4run1EN6System6ObjectE+0xd) [0x827bad]
ghul(main+0x43) [0x739153]

</system-err>
</testcase>
<testcase name="parse-incomplete-class-5" time="0.011" classname="parse-incomplete-class-5">
<failure type="compiler error mismatch" message="compiler error mismatch">
1d0
&lt; cases/parse-incomplete-class-5/test.ghul: 6,1..6,2: error: syntax error: expected ] but found si
</failure>
<system-err>IO.IOException: open &quot;../lib/ghul.ghul&quot;: No such file or directory (2)
ghul(_ZN2IO11IOException4initEiN6System6StringE+0x2d) [0x7bb95d]
ghul(_ZN2IO10FileStream16throwIOExceptionEN6System6StringEiN6System6StringE+0x105) [0x7b8f55]
ghul(_ZN2IO4File10openStreamEN6System6StringEiib+0x62) [0x81fed2]
ghul(_ZN6Driver4Main4initEv+0x7a5) [0x79d765]
ghul(_ZN6System7Startup4run1EN6System6ObjectE+0xd) [0x827bad]
ghul(main+0x43) [0x739153]

</system-err>
</testcase>
<testcase name="parse-incomplete-class-6" time="0.012" classname="parse-incomplete-class-6">
<failure type="compiler error mismatch" message="compiler error mismatch">
1d0
&lt; cases/parse-incomplete-class-6/test.ghul: 6,1..6,2: error: syntax error: expected is but found si
</failure>
<system-err>IO.IOException: open &quot;../lib/ghul.ghul&quot;: No such file or directory (2)
ghul(_ZN2IO11IOException4initEiN6System6StringE+0x2d) [0x7bb95d]
ghul(_ZN2IO10FileStream16throwIOExceptionEN6System6StringEiN6System6StringE+0x105) [0x7b8f55]
ghul(_ZN2IO4File10openStreamEN6System6StringEiib+0x62) [0x81fed2]
ghul(_ZN6Driver4Main4initEv+0x7a5) [0x79d765]
ghul(_ZN6System7Startup4run1EN6System6ObjectE+0xd) [0x827bad]
ghul(main+0x43) [0x739153]

</system-err>
</testcase>
<testcase name="parse-incomplete-class-7" time="0.013" classname="parse-incomplete-class-7">
<failure type="compiler error mismatch" message="compiler error mismatch">
1d0
&lt; cases/parse-incomplete-class-7/test.ghul: 6,1..6,2: error: in type expression: expected ( or identifier but found si
</failure>
<system-err>IO.IOException: open &quot;../lib/ghul.ghul&quot;: No such file or directory (2)
ghul(_ZN2IO11IOException4initEiN6System6StringE+0x2d) [0x7bb95d]
ghul(_ZN2IO10FileStream16throwIOExceptionEN6System6StringEiN6System6StringE+0x105) [0x7b8f55]
ghul(_ZN2IO4File10openStreamEN6System6StringEiib+0x62) [0x81fed2]
ghul(_ZN6Driver4Main4initEv+0x7a5) [0x79d765]
ghul(_ZN6System7Startup4run1EN6System6ObjectE+0xd) [0x827bad]
ghul(main+0x43) [0x739153]

</system-err>
</testcase>
<testcase name="parse-incomplete-class-8" time="0.013" classname="parse-incomplete-class-8">
<failure type="compiler error mismatch" message="compiler error mismatch">
1,2d0
&lt; cases/parse-incomplete-class-8/test.ghul: 5,22..6,2: error: expected 2 type arguments
&lt; cases/parse-incomplete-class-8/test.ghul: 6,1..6,2: error: in type expression: expected ( or identifier but found si
</failure>
<system-err>IO.IOException: open &quot;../lib/ghul.ghul&quot;: No such file or directory (2)
ghul(_ZN2IO11IOException4initEiN6System6StringE+0x2d) [0x7bb95d]
ghul(_ZN2IO10FileStream16throwIOExceptionEN6System6StringEiN6System6StringE+0x105) [0x7b8f55]
ghul(_ZN2IO4File10openStreamEN6System6StringEiib+0x62) [0x81fed2]
ghul(_ZN6Driver4Main4initEv+0x7a5) [0x79d765]
ghul(_ZN6System7Startup4run1EN6System6ObjectE+0xd) [0x827bad]
ghul(main+0x43) [0x739153]

</system-err>
</testcase>
<testcase name="parse-incomplete-class-9" time="0.013" classname="parse-incomplete-class-9">
<failure type="compiler error mismatch" message="compiler error mismatch">
1,2d0
&lt; cases/parse-incomplete-class-9/test.ghul: 5,22..6,2: error: expected 2 type arguments
&lt; cases/parse-incomplete-class-9/test.ghul: 6,1..6,2: error: in type expression: expected ] but found si
</failure>
<system-err>IO.IOException: open &quot;../lib/ghul.ghul&quot;: No such file or directory (2)
ghul(_ZN2IO11IOException4initEiN6System6StringE+0x2d) [0x7bb95d]
ghul(_ZN2IO10FileStream16throwIOExceptionEN6System6StringEiN6System6StringE+0x105) [0x7b8f55]
ghul(_ZN2IO4File10openStreamEN6System6StringEiib+0x62) [0x81fed2]
ghul(_ZN6Driver4Main4initEv+0x7a5) [0x79d765]
ghul(_ZN6System7Startup4run1EN6System6ObjectE+0xd) [0x827bad]
ghul(main+0x43) [0x739153]

</system-err>
</testcase>
<testcase name="parse-incomplete-enum-10" time="0.015" classname="parse-incomplete-enum-10">
<failure type="compiler error mismatch" message="compiler error mismatch">
1d0
&lt; cases/parse-incomplete-enum-10/test.ghul: 8,5..8,10: error: in identifier: expected identifier but found class
</failure>
<system-err>IO.IOException: open &quot;../lib/ghul.ghul&quot;: No such file or directory (2)
ghul(_ZN2IO11IOException4initEiN6System6StringE+0x2d) [0x7bb95d]
ghul(_ZN2IO10FileStream16throwIOExceptionEN6System6StringEiN6System6StringE+0x105) [0x7b8f55]
ghul(_ZN2IO4File10openStreamEN6System6StringEiib+0x62) [0x81fed2]
ghul(_ZN6Driver4Main4initEv+0x7a5) [0x79d765]
ghul(_ZN6System7Startup4run1EN6System6ObjectE+0xd) [0x827bad]
ghul(main+0x43) [0x739153]

</system-err>
</testcase>
<testcase name="parse-incomplete-enum-1" time="0.013" classname="parse-incomplete-enum-1">
<failure type="compiler error mismatch" message="compiler error mismatch">
1d0
&lt; cases/parse-incomplete-enum-1/test.ghul: 6,1..6,2: error: in identifier: expected identifier but found si
</failure>
<system-err>IO.IOException: open &quot;../lib/ghul.ghul&quot;: No such file or directory (2)
ghul(_ZN2IO11IOException4initEiN6System6StringE+0x2d) [0x7bb95d]
ghul(_ZN2IO10FileStream16throwIOExceptionEN6System6StringEiN6System6StringE+0x105) [0x7b8f55]
ghul(_ZN2IO4File10openStreamEN6System6StringEiib+0x62) [0x81fed2]
ghul(_ZN6Driver4Main4initEv+0x7a5) [0x79d765]
ghul(_ZN6System7Startup4run1EN6System6ObjectE+0xd) [0x827bad]
ghul(main+0x43) [0x739153]

</system-err>
</testcase>
<testcase name="parse-incomplete-enum-2" time="0.013" classname="parse-incomplete-enum-2">
<failure type="compiler error mismatch" message="compiler error mismatch">
1d0
&lt; cases/parse-incomplete-enum-2/test.ghul: 6,1..6,2: error: syntax error: expected is but found si
</failure>
<system-err>IO.IOException: open &quot;../lib/ghul.ghul&quot;: No such file or directory (2)
ghul(_ZN2IO11IOException4initEiN6System6StringE+0x2d) [0x7bb95d]
ghul(_ZN2IO10FileStream16throwIOExceptionEN6System6StringEiN6System6StringE+0x105) [0x7b8f55]
ghul(_ZN2IO4File10openStreamEN6System6StringEiib+0x62) [0x81fed2]
ghul(_ZN6Driver4Main4initEv+0x7a5) [0x79d765]
ghul(_ZN6System7Startup4run1EN6System6ObjectE+0xd) [0x827bad]
ghul(main+0x43) [0x739153]

</system-err>
</testcase>
<testcase name="parse-incomplete-enum-3" time="0.014" classname="parse-incomplete-enum-3">
<failure type="compiler error mismatch" message="compiler error mismatch">
1d0
&lt; cases/parse-incomplete-enum-3/test.ghul: 7,1..7,3: error: syntax error: expected si but found end of input
</failure>
<system-err>IO.IOException: open &quot;../lib/ghul.ghul&quot;: No such file or directory (2)
ghul(_ZN2IO11IOException4initEiN6System6StringE+0x2d) [0x7bb95d]
ghul(_ZN2IO10FileStream16throwIOExceptionEN6System6StringEiN6System6StringE+0x105) [0x7b8f55]
ghul(_ZN2IO4File10openStreamEN6System6StringEiib+0x62) [0x81fed2]
ghul(_ZN6Driver4Main4initEv+0x7a5) [0x79d765]
ghul(_ZN6System7Startup4run1EN6System6ObjectE+0xd) [0x827bad]
ghul(main+0x43) [0x739153]

</system-err>
</testcase>
<testcase name="parse-incomplete-enum-4" time="0.013" classname="parse-incomplete-enum-4">
<failure type="compiler error mismatch" message="compiler error mismatch">
1d0
&lt; cases/parse-incomplete-enum-4/test.ghul: 7,1..7,2: error: in identifier: expected identifier but found si
</failure>
<system-err>IO.IOException: open &quot;../lib/ghul.ghul&quot;: No such file or directory (2)
ghul(_ZN2IO11IOException4initEiN6System6StringE+0x2d) [0x7bb95d]
ghul(_ZN2IO10FileStream16throwIOExceptionEN6System6StringEiN6System6StringE+0x105) [0x7b8f55]
ghul(_ZN2IO4File10openStreamEN6System6StringEiib+0x62) [0x81fed2]
ghul(_ZN6Driver4Main4initEv+0x7a5) [0x79d765]
ghul(_ZN6System7Startup4run1EN6System6ObjectE+0xd) [0x827bad]
ghul(main+0x43) [0x739153]

</system-err>
</testcase>
<testcase name="parse-incomplete-enum-5" time="0.011" classname="parse-incomplete-enum-5">
<failure type="compiler error mismatch" message="compiler error mismatch">
1d0
&lt; cases/parse-incomplete-enum-5/test.ghul: 8,1..8,3: error: syntax error: expected si but found end of input
</failure>
<system-err>IO.IOException: open &quot;../lib/ghul.ghul&quot;: No such file or directory (2)
ghul(_ZN2IO11IOException4initEiN6System6StringE+0x2d) [0x7bb95d]
ghul(_ZN2IO10FileStream16throwIOExceptionEN6System6StringEiN6System6StringE+0x105) [0x7b8f55]
ghul(_ZN2IO4File10openStreamEN6System6StringEiib+0x62) [0x81fed2]
ghul(_ZN6Driver4Main4initEv+0x7a5) [0x79d765]
ghul(_ZN6System7Startup4run1EN6System6ObjectE+0xd) [0x827bad]
ghul(main+0x43) [0x739153]

</system-err>
</testcase>
<testcase name="parse-incomplete-enum-6" time="0.011" classname="parse-incomplete-enum-6">
<failure type="compiler error mismatch" message="compiler error mismatch">
1d0
&lt; cases/parse-incomplete-enum-6/test.ghul: 8,1..8,2: error: in primary expression: expected (, [, cast, char literal, identifier, int literal, isa, native, new, none, null, self, string literal or super but found si
</failure>
<system-err>IO.IOException: open &quot;../lib/ghul.ghul&quot;: No such file or directory (2)
ghul(_ZN2IO11IOException4initEiN6System6StringE+0x2d) [0x7bb95d]
ghul(_ZN2IO10FileStream16throwIOExceptionEN6System6StringEiN6System6StringE+0x105) [0x7b8f55]
ghul(_ZN2IO4File10openStreamEN6System6StringEiib+0x62) [0x81fed2]
ghul(_ZN6Driver4Main4initEv+0x7a5) [0x79d765]
ghul(_ZN6System7Startup4run1EN6System6ObjectE+0xd) [0x827bad]
ghul(main+0x43) [0x739153]

</system-err>
</testcase>
<testcase name="parse-incomplete-enum-7" time="0.013" classname="parse-incomplete-enum-7">
<failure type="compiler error mismatch" message="compiler error mismatch">
1d0
&lt; cases/parse-incomplete-enum-7/test.ghul: 7,5..7,10: error: in identifier: expected identifier but found class
</failure>
<system-err>IO.IOException: open &quot;../lib/ghul.ghul&quot;: No such file or directory (2)
ghul(_ZN2IO11IOException4initEiN6System6StringE+0x2d) [0x7bb95d]
ghul(_ZN2IO10FileStream16throwIOExceptionEN6System6StringEiN6System6StringE+0x105) [0x7b8f55]
ghul(_ZN2IO4File10openStreamEN6System6StringEiib+0x62) [0x81fed2]
ghul(_ZN6Driver4Main4initEv+0x7a5) [0x79d765]
ghul(_ZN6System7Startup4run1EN6System6ObjectE+0xd) [0x827bad]
ghul(main+0x43) [0x739153]

</system-err>
</testcase>
<testcase name="parse-incomplete-enum-8" time="0.013" classname="parse-incomplete-enum-8">
<failure type="compiler error mismatch" message="compiler error mismatch">
1d0
&lt; cases/parse-incomplete-enum-8/test.ghul: 7,5..7,11: error: syntax error: expected is but found struct
</failure>
<system-err>IO.IOException: open &quot;../lib/ghul.ghul&quot;: No such file or directory (2)
ghul(_ZN2IO11IOException4initEiN6System6StringE+0x2d) [0x7bb95d]
ghul(_ZN2IO10FileStream16throwIOExceptionEN6System6StringEiN6System6StringE+0x105) [0x7b8f55]
ghul(_ZN2IO4File10openStreamEN6System6StringEiib+0x62) [0x81fed2]
ghul(_ZN6Driver4Main4initEv+0x7a5) [0x79d765]
ghul(_ZN6System7Startup4run1EN6System6ObjectE+0xd) [0x827bad]
ghul(main+0x43) [0x739153]

</system-err>
</testcase>
<testcase name="parse-incomplete-enum-9" time="0.011" classname="parse-incomplete-enum-9">
<failure type="compiler error mismatch" message="compiler error mismatch">
1d0
&lt; cases/parse-incomplete-enum-9/test.ghul: 7,5..7,9: error: in identifier: expected identifier but found enum
</failure>
<system-err>IO.IOException: open &quot;../lib/ghul.ghul&quot;: No such file or directory (2)
ghul(_ZN2IO11IOException4initEiN6System6StringE+0x2d) [0x7bb95d]
ghul(_ZN2IO10FileStream16throwIOExceptionEN6System6StringEiN6System6StringE+0x105) [0x7b8f55]
ghul(_ZN2IO4File10openStreamEN6System6StringEiib+0x62) [0x81fed2]
ghul(_ZN6Driver4Main4initEv+0x7a5) [0x79d765]
ghul(_ZN6System7Startup4run1EN6System6ObjectE+0xd) [0x827bad]
ghul(main+0x43) [0x739153]

</system-err>
</testcase>
<testcase name="parse-incomplete-function-1" time="0.011" classname="parse-incomplete-function-1">
<failure type="compiler error mismatch" message="compiler error mismatch">
1d0
&lt; cases/parse-incomplete-function-1/test.ghul: 6,5..6,7: error: syntax error: expected identifier but found si
</failure>
<system-err>IO.IOException: open &quot;../lib/ghul.ghul&quot;: No such file or directory (2)
ghul(_ZN2IO11IOException4initEiN6System6StringE+0x2d) [0x7bb95d]
ghul(_ZN2IO10FileStream16throwIOExceptionEN6System6StringEiN6System6StringE+0x105) [0x7b8f55]
ghul(_ZN2IO4File10openStreamEN6System6StringEiib+0x62) [0x81fed2]
ghul(_ZN6Driver4Main4initEv+0x7a5) [0x79d765]
ghul(_ZN6System7Startup4run1EN6System6ObjectE+0xd) [0x827bad]
ghul(main+0x43) [0x739153]

</system-err>
</testcase>
<testcase name="parse-incomplete-function-2" time="0.011" classname="parse-incomplete-function-2">
<failure type="compiler error mismatch" message="compiler error mismatch">
1,2d0
&lt; cases/parse-incomplete-function-2/test.ghul: 5,18..5,26: error: explicit argument type required
&lt; cases/parse-incomplete-function-2/test.ghul: 6,5..6,7: error: syntax error: expected ) but found si
</failure>
<system-err>IO.IOException: open &quot;../lib/ghul.ghul&quot;: No such file or directory (2)
ghul(_ZN2IO11IOException4initEiN6System6StringE+0x2d) [0x7bb95d]
ghul(_ZN2IO10FileStream16throwIOExceptionEN6System6StringEiN6System6StringE+0x105) [0x7b8f55]
ghul(_ZN2IO4File10openStreamEN6System6StringEiib+0x62) [0x81fed2]
ghul(_ZN6Driver4Main4initEv+0x7a5) [0x79d765]
ghul(_ZN6System7Startup4run1EN6System6ObjectE+0xd) [0x827bad]
ghul(main+0x43) [0x739153]

</system-err>
</testcase>
<testcase name="parse-incomplete-function-3" time="0.012" classname="parse-incomplete-function-3">
<failure type="compiler error mismatch" message="compiler error mismatch">
1,2d0
&lt; cases/parse-incomplete-function-3/test.ghul: 6,5..6,7: error: in type expression: expected ( or identifier but found si
&lt; cases/parse-incomplete-function-3/test.ghul: 6,5..6,7: error: syntax error: expected ) but found si
</failure>
<system-err>IO.IOException: open &quot;../lib/ghul.ghul&quot;: No such file or directory (2)
ghul(_ZN2IO11IOException4initEiN6System6StringE+0x2d) [0x7bb95d]
ghul(_ZN2IO10FileStream16throwIOExceptionEN6System6StringEiN6System6StringE+0x105) [0x7b8f55]
ghul(_ZN2IO4File10openStreamEN6System6StringEiib+0x62) [0x81fed2]
ghul(_ZN6Driver4Main4initEv+0x7a5) [0x79d765]
ghul(_ZN6System7Startup4run1EN6System6ObjectE+0xd) [0x827bad]
ghul(main+0x43) [0x739153]

</system-err>
</testcase>
<testcase name="parse-incomplete-function-4" time="0.012" classname="parse-incomplete-function-4">
<failure type="compiler error mismatch" message="compiler error mismatch">
1d0
&lt; cases/parse-incomplete-function-4/test.ghul: 6,5..6,7: error: syntax error: expected ) but found si
</failure>
<system-err>IO.IOException: open &quot;../lib/ghul.ghul&quot;: No such file or directory (2)
ghul(_ZN2IO11IOException4initEiN6System6StringE+0x2d) [0x7bb95d]
ghul(_ZN2IO10FileStream16throwIOExceptionEN6System6StringEiN6System6StringE+0x105) [0x7b8f55]
ghul(_ZN2IO4File10openStreamEN6System6StringEiib+0x62) [0x81fed2]
ghul(_ZN6Driver4Main4initEv+0x7a5) [0x79d765]
ghul(_ZN6System7Startup4run1EN6System6ObjectE+0xd) [0x827bad]
ghul(main+0x43) [0x739153]

</system-err>
</testcase>
<testcase name="parse-incomplete-function-5" time="0.013" classname="parse-incomplete-function-5">
<failure type="compiler error mismatch" message="compiler error mismatch">
1d0
&lt; cases/parse-incomplete-function-5/test.ghul: 6,5..6,7: error: syntax error: expected ; but found si
</failure>
<system-err>IO.IOException: open &quot;../lib/ghul.ghul&quot;: No such file or directory (2)
ghul(_ZN2IO11IOException4initEiN6System6StringE+0x2d) [0x7bb95d]
ghul(_ZN2IO10FileStream16throwIOExceptionEN6System6StringEiN6System6StringE+0x105) [0x7b8f55]
ghul(_ZN2IO4File10openStreamEN6System6StringEiib+0x62) [0x81fed2]
ghul(_ZN6Driver4Main4initEv+0x7a5) [0x79d765]
ghul(_ZN6System7Startup4run1EN6System6ObjectE+0xd) [0x827bad]
ghul(main+0x43) [0x739153]

</system-err>
</testcase>
<testcase name="parse-incomplete-function-6" time="0.012" classname="parse-incomplete-function-6">
<failure type="compiler error mismatch" message="compiler error mismatch">
1d0
&lt; cases/parse-incomplete-function-6/test.ghul: 7,1..7,3: error: syntax error: expected si but found end of input
</failure>
<system-err>IO.IOException: open &quot;../lib/ghul.ghul&quot;: No such file or directory (2)
ghul(_ZN2IO11IOException4initEiN6System6StringE+0x2d) [0x7bb95d]
ghul(_ZN2IO10FileStream16throwIOExceptionEN6System6StringEiN6System6StringE+0x105) [0x7b8f55]
ghul(_ZN2IO4File10openStreamEN6System6StringEiib+0x62) [0x81fed2]
ghul(_ZN6Driver4Main4initEv+0x7a5) [0x79d765]
ghul(_ZN6System7Startup4run1EN6System6ObjectE+0xd) [0x827bad]
ghul(main+0x43) [0x739153]

</system-err>
</testcase>
<testcase name="parse-incomplete-function-7" time="0.013" classname="parse-incomplete-function-7">
<failure type="compiler error mismatch" message="compiler error mismatch">
1,2d0
&lt; cases/parse-incomplete-function-7/test.ghul: 5,28..5,30: error: in type expression: expected ( or identifier but found in
&lt; cases/parse-incomplete-function-7/test.ghul: 6,5..6,7: error: syntax error: expected ) but found si
</failure>
<system-err>IO.IOException: open &quot;../lib/ghul.ghul&quot;: No such file or directory (2)
ghul(_ZN2IO11IOException4initEiN6System6StringE+0x2d) [0x7bb95d]
ghul(_ZN2IO10FileStream16throwIOExceptionEN6System6StringEiN6System6StringE+0x105) [0x7b8f55]
ghul(_ZN2IO4File10openStreamEN6System6StringEiib+0x62) [0x81fed2]
ghul(_ZN6Driver4Main4initEv+0x7a5) [0x79d765]
ghul(_ZN6System7Startup4run1EN6System6ObjectE+0xd) [0x827bad]
ghul(main+0x43) [0x739153]

</system-err>
</testcase>
<testcase name="parse-incomplete-if-1" time="0.013" classname="parse-incomplete-if-1">
<failure type="compiler error mismatch" message="compiler error mismatch">
1,2d0
&lt; cases/parse-incomplete-if-1/test.ghul: 9,9..9,11: error: in primary expression: expected (, [, cast, char literal, identifier, int literal, isa, native, new, none, null, self, string literal or super but found si
&lt; cases/parse-incomplete-if-1/test.ghul: 9,9..9,11: error: syntax error: expected then but found si
</failure>
<system-err>IO.IOException: open &quot;../lib/ghul.ghul&quot;: No such file or directory (2)
ghul(_ZN2IO11IOException4initEiN6System6StringE+0x2d) [0x7bb95d]
ghul(_ZN2IO10FileStream16throwIOExceptionEN6System6StringEiN6System6StringE+0x105) [0x7b8f55]
ghul(_ZN2IO4File10openStreamEN6System6StringEiib+0x62) [0x81fed2]
ghul(_ZN6Driver4Main4initEv+0x7a5) [0x79d765]
ghul(_ZN6System7Startup4run1EN6System6ObjectE+0xd) [0x827bad]
ghul(main+0x43) [0x739153]

</system-err>
</testcase>
<testcase name="parse-incomplete-if-2" time="0.012" classname="parse-incomplete-if-2">
<failure type="compiler error mismatch" message="compiler error mismatch">
1d0
&lt; cases/parse-incomplete-if-2/test.ghul: 9,9..9,11: error: syntax error: expected then but found si
</failure>
<system-err>IO.IOException: open &quot;../lib/ghul.ghul&quot;: No such file or directory (2)
ghul(_ZN2IO11IOException4initEiN6System6StringE+0x2d) [0x7bb95d]
ghul(_ZN2IO10FileStream16throwIOExceptionEN6System6StringEiN6System6StringE+0x105) [0x7b8f55]
ghul(_ZN2IO4File10openStreamEN6System6StringEiib+0x62) [0x81fed2]
ghul(_ZN6Driver4Main4initEv+0x7a5) [0x79d765]
ghul(_ZN6System7Startup4run1EN6System6ObjectE+0xd) [0x827bad]
ghul(main+0x43) [0x739153]

</system-err>
</testcase>
<testcase name="parse-incomplete-if-3" time="0.012" classname="parse-incomplete-if-3">
<failure type="compiler error mismatch" message="compiler error mismatch">
1d0
&lt; cases/parse-incomplete-if-3/test.ghul: 9,9..9,11: error: syntax error: expected else but found si
</failure>
<system-err>IO.IOException: open &quot;../lib/ghul.ghul&quot;: No such file or directory (2)
ghul(_ZN2IO11IOException4initEiN6System6StringE+0x2d) [0x7bb95d]
ghul(_ZN2IO10FileStream16throwIOExceptionEN6System6StringEiN6System6StringE+0x105) [0x7b8f55]
ghul(_ZN2IO4File10openStreamEN6System6StringEiib+0x62) [0x81fed2]
ghul(_ZN6Driver4Main4initEv+0x7a5) [0x79d765]
ghul(_ZN6System7Startup4run1EN6System6ObjectE+0xd) [0x827bad]
ghul(main+0x43) [0x739153]

</system-err>
</testcase>
<testcase name="parse-incomplete-member" time="0.013" classname="parse-incomplete-member">
<failure type="compiler error mismatch" message="compiler error mismatch">
1d0
&lt; cases/parse-incomplete-member/test.ghul: 6,5..6,7: error: in member: expected :, ;, =&gt; or = but found si
</failure>
<system-err>IO.IOException: open &quot;../lib/ghul.ghul&quot;: No such file or directory (2)
ghul(_ZN2IO11IOException4initEiN6System6StringE+0x2d) [0x7bb95d]
ghul(_ZN2IO10FileStream16throwIOExceptionEN6System6StringEiN6System6StringE+0x105) [0x7b8f55]
ghul(_ZN2IO4File10openStreamEN6System6StringEiib+0x62) [0x81fed2]
ghul(_ZN6Driver4Main4initEv+0x7a5) [0x79d765]
ghul(_ZN6System7Startup4run1EN6System6ObjectE+0xd) [0x827bad]
ghul(main+0x43) [0x739153]

</system-err>
</testcase>
<testcase name="parse-incomplete-namespace-1" time="0.012" classname="parse-incomplete-namespace-1">
<failure type="compiler error mismatch" message="compiler error mismatch">
1d0
&lt; cases/parse-incomplete-namespace-1/test.ghul: 1,1..2,1: error: in qualified identifier: expected identifier but found end of input
</failure>
<system-err>IO.IOException: open &quot;../lib/ghul.ghul&quot;: No such file or directory (2)
ghul(_ZN2IO11IOException4initEiN6System6StringE+0x2d) [0x7bb95d]
ghul(_ZN2IO10FileStream16throwIOExceptionEN6System6StringEiN6System6StringE+0x105) [0x7b8f55]
ghul(_ZN2IO4File10openStreamEN6System6StringEiib+0x62) [0x81fed2]
ghul(_ZN6Driver4Main4initEv+0x7a5) [0x79d765]
ghul(_ZN6System7Startup4run1EN6System6ObjectE+0xd) [0x827bad]
ghul(main+0x43) [0x739153]

</system-err>
</testcase>
<testcase name="parse-incomplete-namespace-2" time="0.011" classname="parse-incomplete-namespace-2">
<failure type="compiler error mismatch" message="compiler error mismatch">
1d0
&lt; cases/parse-incomplete-namespace-2/test.ghul: 1,11..1,15: error: syntax error: expected is but found end of input
</failure>
<system-err>IO.IOException: open &quot;../lib/ghul.ghul&quot;: No such file or directory (2)
ghul(_ZN2IO11IOException4initEiN6System6StringE+0x2d) [0x7bb95d]
ghul(_ZN2IO10FileStream16throwIOExceptionEN6System6StringEiN6System6StringE+0x105) [0x7b8f55]
ghul(_ZN2IO4File10openStreamEN6System6StringEiib+0x62) [0x81fed2]
ghul(_ZN6Driver4Main4initEv+0x7a5) [0x79d765]
ghul(_ZN6System7Startup4run1EN6System6ObjectE+0xd) [0x827bad]
ghul(main+0x43) [0x739153]

</system-err>
</testcase>
<testcase name="parse-incomplete-namespace-3" time="0.012" classname="parse-incomplete-namespace-3">
<failure type="compiler error mismatch" message="compiler error mismatch">
1d0
&lt; cases/parse-incomplete-namespace-3/test.ghul: 1,15..1,16: error: in qualified identifier: expected identifier but found end of input
</failure>
<system-err>IO.IOException: open &quot;../lib/ghul.ghul&quot;: No such file or directory (2)
ghul(_ZN2IO11IOException4initEiN6System6StringE+0x2d) [0x7bb95d]
ghul(_ZN2IO10FileStream16throwIOExceptionEN6System6StringEiN6System6StringE+0x105) [0x7b8f55]
ghul(_ZN2IO4File10openStreamEN6System6StringEiib+0x62) [0x81fed2]
ghul(_ZN6Driver4Main4initEv+0x7a5) [0x79d765]
ghul(_ZN6System7Startup4run1EN6System6ObjectE+0xd) [0x827bad]
ghul(main+0x43) [0x739153]

</system-err>
</testcase>
<testcase name="parse-incomplete-namespace-4" time="0.011" classname="parse-incomplete-namespace-4">
<failure type="compiler error mismatch" message="compiler error mismatch">
1d0
&lt; cases/parse-incomplete-namespace-4/test.ghul: 1,16..1,20: error: syntax error: expected is but found end of input
</failure>
<system-err>IO.IOException: open &quot;../lib/ghul.ghul&quot;: No such file or directory (2)
ghul(_ZN2IO11IOException4initEiN6System6StringE+0x2d) [0x7bb95d]
ghul(_ZN2IO10FileStream16throwIOExceptionEN6System6StringEiN6System6StringE+0x105) [0x7b8f55]
ghul(_ZN2IO4File10openStreamEN6System6StringEiib+0x62) [0x81fed2]
ghul(_ZN6Driver4Main4initEv+0x7a5) [0x79d765]
ghul(_ZN6System7Startup4run1EN6System6ObjectE+0xd) [0x827bad]
ghul(main+0x43) [0x739153]

</system-err>
</testcase>
<testcase name="parse-incomplete-namespace-5" time="0.011" classname="parse-incomplete-namespace-5">
<failure type="compiler error mismatch" message="compiler error mismatch">
1d0
&lt; cases/parse-incomplete-namespace-5/test.ghul: 1,21..1,23: error: syntax error: expected si but found end of input
</failure>
<system-err>IO.IOException: open &quot;../lib/ghul.ghul&quot;: No such file or directory (2)
ghul(_ZN2IO11IOException4initEiN6System6StringE+0x2d) [0x7bb95d]
ghul(_ZN2IO10FileStream16throwIOExceptionEN6System6StringEiN6System6StringE+0x105) [0x7b8f55]
ghul(_ZN2IO4File10openStreamEN6System6StringEiib+0x62) [0x81fed2]
ghul(_ZN6Driver4Main4initEv+0x7a5) [0x79d765]
ghul(_ZN6System7Startup4run1EN6System6ObjectE+0xd) [0x827bad]
ghul(main+0x43) [0x739153]

</system-err>
</testcase>
<testcase name="parse-incomplete-namespace-6" time="0.011" classname="parse-incomplete-namespace-6">
<failure type="compiler error mismatch" message="compiler error mismatch">
1d0
&lt; cases/parse-incomplete-namespace-6/test.ghul: 1,17..1,18: error: in qualified identifier: expected identifier but found is
</failure>
<system-err>IO.IOException: open &quot;../lib/ghul.ghul&quot;: No such file or directory (2)
ghul(_ZN2IO11IOException4initEiN6System6StringE+0x2d) [0x7bb95d]
ghul(_ZN2IO10FileStream16throwIOExceptionEN6System6StringEiN6System6StringE+0x105) [0x7b8f55]
ghul(_ZN2IO4File10openStreamEN6System6StringEiib+0x62) [0x81fed2]
ghul(_ZN6Driver4Main4initEv+0x7a5) [0x79d765]
ghul(_ZN6System7Startup4run1EN6System6ObjectE+0xd) [0x827bad]
ghul(main+0x43) [0x739153]

</system-err>
</testcase>
<testcase name="parse-incomplete-namespace-7" time="0.012" classname="parse-incomplete-namespace-7">
<failure type="compiler error mismatch" message="compiler error mismatch">
1d0
&lt; cases/parse-incomplete-namespace-7/test.ghul: 1,17..1,19: error: in qualified identifier: expected identifier but found is
</failure>
<system-err>IO.IOException: open &quot;../lib/ghul.ghul&quot;: No such file or directory (2)
ghul(_ZN2IO11IOException4initEiN6System6StringE+0x2d) [0x7bb95d]
ghul(_ZN2IO10FileStream16throwIOExceptionEN6System6StringEiN6System6StringE+0x105) [0x7b8f55]
ghul(_ZN2IO4File10openStreamEN6System6StringEiib+0x62) [0x81fed2]
ghul(_ZN6Driver4Main4initEv+0x7a5) [0x79d765]
ghul(_ZN6System7Startup4run1EN6System6ObjectE+0xd) [0x827bad]
ghul(main+0x43) [0x739153]

</system-err>
</testcase>
<testcase name="parse-incomplete-property-10" time="0.012" classname="parse-incomplete-property-10">
<failure type="compiler error mismatch" message="compiler error mismatch">
1d0
&lt; cases/parse-incomplete-property-10/test.ghul: 6,5..6,7: error: syntax error: expected ; but found si
</failure>
<system-err>IO.IOException: open &quot;../lib/ghul.ghul&quot;: No such file or directory (2)
ghul(_ZN2IO11IOException4initEiN6System6StringE+0x2d) [0x7bb95d]
ghul(_ZN2IO10FileStream16throwIOExceptionEN6System6StringEiN6System6StringE+0x105) [0x7b8f55]
ghul(_ZN2IO4File10openStreamEN6System6StringEiib+0x62) [0x81fed2]
ghul(_ZN6Driver4Main4initEv+0x7a5) [0x79d765]
ghul(_ZN6System7Startup4run1EN6System6ObjectE+0xd) [0x827bad]
ghul(main+0x43) [0x739153]

</system-err>
</testcase>
<testcase name="parse-incomplete-property-11" time="0.011" classname="parse-incomplete-property-11">
<failure type="compiler error mismatch" message="compiler error mismatch">
1d0
&lt; cases/parse-incomplete-property-11/test.ghul: 6,5..6,7: error: unexpected input in property
</failure>
<system-err>IO.IOException: open &quot;../lib/ghul.ghul&quot;: No such file or directory (2)
ghul(_ZN2IO11IOException4initEiN6System6StringE+0x2d) [0x7bb95d]
ghul(_ZN2IO10FileStream16throwIOExceptionEN6System6StringEiN6System6StringE+0x105) [0x7b8f55]
ghul(_ZN2IO4File10openStreamEN6System6StringEiib+0x62) [0x81fed2]
ghul(_ZN6Driver4Main4initEv+0x7a5) [0x79d765]
ghul(_ZN6System7Startup4run1EN6System6ObjectE+0xd) [0x827bad]
ghul(main+0x43) [0x739153]

</system-err>
</testcase>
<testcase name="parse-incomplete-property-12" time="0.010" classname="parse-incomplete-property-12">
<failure type="compiler error mismatch" message="compiler error mismatch">
1,2d0
&lt; cases/parse-incomplete-property-12/test.ghul: 5,33..5,34: error: syntax error: expected si but found ,
&lt; cases/parse-incomplete-property-12/test.ghul: 6,5..6,7: error: unexpected input in property
</failure>
<system-err>IO.IOException: open &quot;../lib/ghul.ghul&quot;: No such file or directory (2)
ghul(_ZN2IO11IOException4initEiN6System6StringE+0x2d) [0x7bb95d]
ghul(_ZN2IO10FileStream16throwIOExceptionEN6System6StringEiN6System6StringE+0x105) [0x7b8f55]
ghul(_ZN2IO4File10openStreamEN6System6StringEiib+0x62) [0x81fed2]
ghul(_ZN6Driver4Main4initEv+0x7a5) [0x79d765]
ghul(_ZN6System7Startup4run1EN6System6ObjectE+0xd) [0x827bad]
ghul(main+0x43) [0x739153]

</system-err>
</testcase>
<testcase name="parse-incomplete-property-13" time="0.011" classname="parse-incomplete-property-13">
<failure type="compiler error mismatch" message="compiler error mismatch">
1d0
&lt; cases/parse-incomplete-property-13/test.ghul: 6,5..6,7: error: unexpected input in property
</failure>
<system-err>IO.IOException: open &quot;../lib/ghul.ghul&quot;: No such file or directory (2)
ghul(_ZN2IO11IOException4initEiN6System6StringE+0x2d) [0x7bb95d]
ghul(_ZN2IO10FileStream16throwIOExceptionEN6System6StringEiN6System6StringE+0x105) [0x7b8f55]
ghul(_ZN2IO4File10openStreamEN6System6StringEiib+0x62) [0x81fed2]
ghul(_ZN6Driver4Main4initEv+0x7a5) [0x79d765]
ghul(_ZN6System7Startup4run1EN6System6ObjectE+0xd) [0x827bad]
ghul(main+0x43) [0x739153]

</system-err>
</testcase>
<testcase name="parse-incomplete-property-14" time="0.011" classname="parse-incomplete-property-14">
<failure type="compiler error mismatch" message="compiler error mismatch">
1,2d0
&lt; cases/parse-incomplete-property-14/test.ghul: 6,5..6,7: error: in primary expression: expected (, [, cast, char literal, identifier, int literal, isa, native, new, none, null, self, string literal or super but found si
&lt; cases/parse-incomplete-property-14/test.ghul: 6,5..6,7: error: syntax error: expected ; but found si
</failure>
<system-err>IO.IOException: open &quot;../lib/ghul.ghul&quot;: No such file or directory (2)
ghul(_ZN2IO11IOException4initEiN6System6StringE+0x2d) [0x7bb95d]
ghul(_ZN2IO10FileStream16throwIOExceptionEN6System6StringEiN6System6StringE+0x105) [0x7b8f55]
ghul(_ZN2IO4File10openStreamEN6System6StringEiib+0x62) [0x81fed2]
ghul(_ZN6Driver4Main4initEv+0x7a5) [0x79d765]
ghul(_ZN6System7Startup4run1EN6System6ObjectE+0xd) [0x827bad]
ghul(main+0x43) [0x739153]

</system-err>
</testcase>
<testcase name="parse-incomplete-property-15" time="0.011" classname="parse-incomplete-property-15">
<failure type="compiler error mismatch" message="compiler error mismatch">
1,2d0
&lt; cases/parse-incomplete-property-15/test.ghul: 6,5..6,7: error: in primary expression: expected (, [, cast, char literal, identifier, int literal, isa, native, new, none, null, self, string literal or super but found si
&lt; cases/parse-incomplete-property-15/test.ghul: 6,5..6,7: error: syntax error: expected ; but found si
</failure>
<system-err>IO.IOException: open &quot;../lib/ghul.ghul&quot;: No such file or directory (2)
ghul(_ZN2IO11IOException4initEiN6System6StringE+0x2d) [0x7bb95d]
ghul(_ZN2IO10FileStream16throwIOExceptionEN6System6StringEiN6System6StringE+0x105) [0x7b8f55]
ghul(_ZN2IO4File10openStreamEN6System6StringEiib+0x62) [0x81fed2]
ghul(_ZN6Driver4Main4initEv+0x7a5) [0x79d765]
ghul(_ZN6System7Startup4run1EN6System6ObjectE+0xd) [0x827bad]
ghul(main+0x43) [0x739153]

</system-err>
</testcase>
<testcase name="parse-incomplete-property-16" time="0.011" classname="parse-incomplete-property-16">
<failure type="compiler error mismatch" message="compiler error mismatch">
1d0
&lt; cases/parse-incomplete-property-16/test.ghul: 6,5..6,7: error: syntax error: expected ; but found si
</failure>
<system-err>IO.IOException: open &quot;../lib/ghul.ghul&quot;: No such file or directory (2)
ghul(_ZN2IO11IOException4initEiN6System6StringE+0x2d) [0x7bb95d]
ghul(_ZN2IO10FileStream16throwIOExceptionEN6System6StringEiN6System6StringE+0x105) [0x7b8f55]
ghul(_ZN2IO4File10openStreamEN6System6StringEiib+0x62) [0x81fed2]
ghul(_ZN6Driver4Main4initEv+0x7a5) [0x79d765]
ghul(_ZN6System7Startup4run1EN6System6ObjectE+0xd) [0x827bad]
ghul(main+0x43) [0x739153]

</system-err>
</testcase>
<testcase name="parse-incomplete-property-17" time="0.011" classname="parse-incomplete-property-17">
<failure type="compiler error mismatch" message="compiler error mismatch">
1d0
&lt; cases/parse-incomplete-property-17/test.ghul: 5,19..5,20: error: in type expression: expected ( or identifier but found =
</failure>
<system-err>IO.IOException: open &quot;../lib/ghul.ghul&quot;: No such file or directory (2)
ghul(_ZN2IO11IOException4initEiN6System6StringE+0x2d) [0x7bb95d]
ghul(_ZN2IO10FileStream16throwIOExceptionEN6System6StringEiN6System6StringE+0x105) [0x7b8f55]
ghul(_ZN2IO4File10openStreamEN6System6StringEiib+0x62) [0x81fed2]
ghul(_ZN6Driver4Main4initEv+0x7a5) [0x79d765]
ghul(_ZN6System7Startup4run1EN6System6ObjectE+0xd) [0x827bad]
ghul(main+0x43) [0x739153]

</system-err>
</testcase>
<testcase name="parse-incomplete-property-1" time="0.011" classname="parse-incomplete-property-1">
<failure type="compiler error mismatch" message="compiler error mismatch">
1d0
&lt; cases/parse-incomplete-property-1/test.ghul: 6,5..6,7: error: in type expression: expected ( or identifier but found si
</failure>
<system-err>IO.IOException: open &quot;../lib/ghul.ghul&quot;: No such file or directory (2)
ghul(_ZN2IO11IOException4initEiN6System6StringE+0x2d) [0x7bb95d]
ghul(_ZN2IO10FileStream16throwIOExceptionEN6System6StringEiN6System6StringE+0x105) [0x7b8f55]
ghul(_ZN2IO4File10openStreamEN6System6StringEiib+0x62) [0x81fed2]
ghul(_ZN6Driver4Main4initEv+0x7a5) [0x79d765]
ghul(_ZN6System7Startup4run1EN6System6ObjectE+0xd) [0x827bad]
ghul(main+0x43) [0x739153]

</system-err>
</testcase>
<testcase name="parse-incomplete-property-2" time="0.011" classname="parse-incomplete-property-2">
<failure type="compiler error mismatch" message="compiler error mismatch">
1d0
&lt; cases/parse-incomplete-property-2/test.ghul: 6,5..6,7: error: unexpected input in property
</failure>
<system-err>IO.IOException: open &quot;../lib/ghul.ghul&quot;: No such file or directory (2)
ghul(_ZN2IO11IOException4initEiN6System6StringE+0x2d) [0x7bb95d]
ghul(_ZN2IO10FileStream16throwIOExceptionEN6System6StringEiN6System6StringE+0x105) [0x7b8f55]
ghul(_ZN2IO4File10openStreamEN6System6StringEiib+0x62) [0x81fed2]
ghul(_ZN6Driver4Main4initEv+0x7a5) [0x79d765]
ghul(_ZN6System7Startup4run1EN6System6ObjectE+0xd) [0x827bad]
ghul(main+0x43) [0x739153]

</system-err>
</testcase>
<testcase name="parse-incomplete-property-3" time="0.011" classname="parse-incomplete-property-3">
<failure type="compiler error mismatch" message="compiler error mismatch">
1,2d0
&lt; cases/parse-incomplete-property-3/test.ghul: 6,5..6,7: error: in primary expression: expected (, [, cast, char literal, identifier, int literal, isa, native, new, none, null, self, string literal or super but found si
&lt; cases/parse-incomplete-property-3/test.ghul: 6,5..6,7: error: syntax error: expected ; but found si
</failure>
<system-err>IO.IOException: open &quot;../lib/ghul.ghul&quot;: No such file or directory (2)
ghul(_ZN2IO11IOException4initEiN6System6StringE+0x2d) [0x7bb95d]
ghul(_ZN2IO10FileStream16throwIOExceptionEN6System6StringEiN6System6StringE+0x105) [0x7b8f55]
ghul(_ZN2IO4File10openStreamEN6System6StringEiib+0x62) [0x81fed2]
ghul(_ZN6Driver4Main4initEv+0x7a5) [0x79d765]
ghul(_ZN6System7Startup4run1EN6System6ObjectE+0xd) [0x827bad]
ghul(main+0x43) [0x739153]

</system-err>
</testcase>
<testcase name="parse-incomplete-property-4" time="0.011" classname="parse-incomplete-property-4">
<failure type="compiler error mismatch" message="compiler error mismatch">
1,2d0
&lt; cases/parse-incomplete-property-4/test.ghul: 6,5..6,7: error: in primary expression: expected (, [, cast, char literal, identifier, int literal, isa, native, new, none, null, self, string literal or super but found si
&lt; cases/parse-incomplete-property-4/test.ghul: 6,5..6,7: error: syntax error: expected ; but found si
</failure>
<system-err>IO.IOException: open &quot;../lib/ghul.ghul&quot;: No such file or directory (2)
ghul(_ZN2IO11IOException4initEiN6System6StringE+0x2d) [0x7bb95d]
ghul(_ZN2IO10FileStream16throwIOExceptionEN6System6StringEiN6System6StringE+0x105) [0x7b8f55]
ghul(_ZN2IO4File10openStreamEN6System6StringEiib+0x62) [0x81fed2]
ghul(_ZN6Driver4Main4initEv+0x7a5) [0x79d765]
ghul(_ZN6System7Startup4run1EN6System6ObjectE+0xd) [0x827bad]
ghul(main+0x43) [0x739153]

</system-err>
</testcase>
<testcase name="parse-incomplete-property-5" time="0.011" classname="parse-incomplete-property-5">
<failure type="compiler error mismatch" message="compiler error mismatch">
1d0
&lt; cases/parse-incomplete-property-5/test.ghul: 6,5..6,7: error: unexpected input in property
</failure>
<system-err>IO.IOException: open &quot;../lib/ghul.ghul&quot;: No such file or directory (2)
ghul(_ZN2IO11IOException4initEiN6System6StringE+0x2d) [0x7bb95d]
ghul(_ZN2IO10FileStream16throwIOExceptionEN6System6StringEiN6System6StringE+0x105) [0x7b8f55]
ghul(_ZN2IO4File10openStreamEN6System6StringEiib+0x62) [0x81fed2]
ghul(_ZN6Driver4Main4initEv+0x7a5) [0x79d765]
ghul(_ZN6System7Startup4run1EN6System6ObjectE+0xd) [0x827bad]
ghul(main+0x43) [0x739153]

</system-err>
</testcase>
<testcase name="parse-incomplete-property-6" time="0.011" classname="parse-incomplete-property-6">
<failure type="compiler error mismatch" message="compiler error mismatch">
1,2d0
&lt; cases/parse-incomplete-property-6/test.ghul: 6,5..6,7: error: in identifier: expected identifier but found si
&lt; cases/parse-incomplete-property-6/test.ghul: 6,5..6,7: error: syntax error: expected ; but found si
</failure>
<system-err>IO.IOException: open &quot;../lib/ghul.ghul&quot;: No such file or directory (2)
ghul(_ZN2IO11IOException4initEiN6System6StringE+0x2d) [0x7bb95d]
ghul(_ZN2IO10FileStream16throwIOExceptionEN6System6StringEiN6System6StringE+0x105) [0x7b8f55]
ghul(_ZN2IO4File10openStreamEN6System6StringEiib+0x62) [0x81fed2]
ghul(_ZN6Driver4Main4initEv+0x7a5) [0x79d765]
ghul(_ZN6System7Startup4run1EN6System6ObjectE+0xd) [0x827bad]
ghul(main+0x43) [0x739153]

</system-err>
</testcase>
<testcase name="parse-incomplete-property-7" time="0.011" classname="parse-incomplete-property-7">
<failure type="compiler error mismatch" message="compiler error mismatch">
1d0
&lt; cases/parse-incomplete-property-7/test.ghul: 6,5..6,7: error: syntax error: expected ; but found si
</failure>
<system-err>IO.IOException: open &quot;../lib/ghul.ghul&quot;: No such file or directory (2)
ghul(_ZN2IO11IOException4initEiN6System6StringE+0x2d) [0x7bb95d]
ghul(_ZN2IO10FileStream16throwIOExceptionEN6System6StringEiN6System6StringE+0x105) [0x7b8f55]
ghul(_ZN2IO4File10openStreamEN6System6StringEiib+0x62) [0x81fed2]
ghul(_ZN6Driver4Main4initEv+0x7a5) [0x79d765]
ghul(_ZN6System7Startup4run1EN6System6ObjectE+0xd) [0x827bad]
ghul(main+0x43) [0x739153]

</system-err>
</testcase>
<testcase name="parse-incomplete-property-8" time="0.011" classname="parse-incomplete-property-8">
<failure type="compiler error mismatch" message="compiler error mismatch">
1d0
&lt; cases/parse-incomplete-property-8/test.ghul: 7,1..8,1: error: syntax error: expected si but found end of input
</failure>
<system-err>IO.IOException: open &quot;../lib/ghul.ghul&quot;: No such file or directory (2)
ghul(_ZN2IO11IOException4initEiN6System6StringE+0x2d) [0x7bb95d]
ghul(_ZN2IO10FileStream16throwIOExceptionEN6System6StringEiN6System6StringE+0x105) [0x7b8f55]
ghul(_ZN2IO4File10openStreamEN6System6StringEiib+0x62) [0x81fed2]
ghul(_ZN6Driver4Main4initEv+0x7a5) [0x79d765]
ghul(_ZN6System7Startup4run1EN6System6ObjectE+0xd) [0x827bad]
ghul(main+0x43) [0x739153]

</system-err>
</testcase>
<testcase name="parse-incomplete-property-9" time="0.011" classname="parse-incomplete-property-9">
<failure type="compiler error mismatch" message="compiler error mismatch">
1,2d0
&lt; cases/parse-incomplete-property-9/test.ghul: 6,5..6,7: error: in identifier: expected identifier but found si
&lt; cases/parse-incomplete-property-9/test.ghul: 6,5..6,7: error: syntax error: expected ; but found si
</failure>
<system-err>IO.IOException: open &quot;../lib/ghul.ghul&quot;: No such file or directory (2)
ghul(_ZN2IO11IOException4initEiN6System6StringE+0x2d) [0x7bb95d]
ghul(_ZN2IO10FileStream16throwIOExceptionEN6System6StringEiN6System6StringE+0x105) [0x7b8f55]
ghul(_ZN2IO4File10openStreamEN6System6StringEiib+0x62) [0x81fed2]
ghul(_ZN6Driver4Main4initEv+0x7a5) [0x79d765]
ghul(_ZN6System7Startup4run1EN6System6ObjectE+0xd) [0x827bad]
ghul(main+0x43) [0x739153]

</system-err>
</testcase>
<testcase name="parse-incomplete-trait-1" time="0.012" classname="parse-incomplete-trait-1">
<failure type="compiler error mismatch" message="compiler error mismatch">
1d0
&lt; cases/parse-incomplete-trait-1/test.ghul: 6,1..6,2: error: in type expression: expected ( or identifier but found si
</failure>
<system-err>IO.IOException: open &quot;../lib/ghul.ghul&quot;: No such file or directory (2)
ghul(_ZN2IO11IOException4initEiN6System6StringE+0x2d) [0x7bb95d]
ghul(_ZN2IO10FileStream16throwIOExceptionEN6System6StringEiN6System6StringE+0x105) [0x7b8f55]
ghul(_ZN2IO4File10openStreamEN6System6StringEiib+0x62) [0x81fed2]
ghul(_ZN6Driver4Main4initEv+0x7a5) [0x79d765]
ghul(_ZN6System7Startup4run1EN6System6ObjectE+0xd) [0x827bad]
ghul(main+0x43) [0x739153]

</system-err>
</testcase>
<testcase name="parse-incomplete-type-1" time="0.011" classname="parse-incomplete-type-1">
<failure type="compiler error mismatch" message="compiler error mismatch">
1d0
&lt; cases/parse-incomplete-type-1/test.ghul: 4,5..4,7: error: in qualified identifier: expected identifier but found si
</failure>
<system-err>IO.IOException: open &quot;../lib/ghul.ghul&quot;: No such file or directory (2)
ghul(_ZN2IO11IOException4initEiN6System6StringE+0x2d) [0x7bb95d]
ghul(_ZN2IO10FileStream16throwIOExceptionEN6System6StringEiN6System6StringE+0x105) [0x7b8f55]
ghul(_ZN2IO4File10openStreamEN6System6StringEiib+0x62) [0x81fed2]
ghul(_ZN6Driver4Main4initEv+0x7a5) [0x79d765]
ghul(_ZN6System7Startup4run1EN6System6ObjectE+0xd) [0x827bad]
ghul(main+0x43) [0x739153]

</system-err>
</testcase>
<testcase name="parse-incomplete-use-1" time="0.011" classname="parse-incomplete-use-1">
<failure type="compiler error mismatch" message="compiler error mismatch">
1d0
&lt; cases/parse-incomplete-use-1/test.ghul: 3,1..3,3: error: in qualified identifier: expected identifier but found si
</failure>
<system-err>IO.IOException: open &quot;../lib/ghul.ghul&quot;: No such file or directory (2)
ghul(_ZN2IO11IOException4initEiN6System6StringE+0x2d) [0x7bb95d]
ghul(_ZN2IO10FileStream16throwIOExceptionEN6System6StringEiN6System6StringE+0x105) [0x7b8f55]
ghul(_ZN2IO4File10openStreamEN6System6StringEiib+0x62) [0x81fed2]
ghul(_ZN6Driver4Main4initEv+0x7a5) [0x79d765]
ghul(_ZN6System7Startup4run1EN6System6ObjectE+0xd) [0x827bad]
ghul(main+0x43) [0x739153]

</system-err>
</testcase>
<testcase name="parse-incomplete-use-2" time="0.010" classname="parse-incomplete-use-2">
<failure type="compiler error mismatch" message="compiler error mismatch">
1d0
&lt; cases/parse-incomplete-use-2/test.ghul: 3,1..3,3: error: syntax error: expected ; but found si
</failure>
<system-err>IO.IOException: open &quot;../lib/ghul.ghul&quot;: No such file or directory (2)
ghul(_ZN2IO11IOException4initEiN6System6StringE+0x2d) [0x7bb95d]
ghul(_ZN2IO10FileStream16throwIOExceptionEN6System6StringEiN6System6StringE+0x105) [0x7b8f55]
ghul(_ZN2IO4File10openStreamEN6System6StringEiib+0x62) [0x81fed2]
ghul(_ZN6Driver4Main4initEv+0x7a5) [0x79d765]
ghul(_ZN6System7Startup4run1EN6System6ObjectE+0xd) [0x827bad]
ghul(main+0x43) [0x739153]

</system-err>
</testcase>
<testcase name="parse-incomplete-use-3" time="0.010" classname="parse-incomplete-use-3">
<failure type="compiler error mismatch" message="compiler error mismatch">
1,2d0
&lt; cases/parse-incomplete-use-3/test.ghul: 3,1..3,3: error: in qualified identifier: expected identifier but found si
&lt; cases/parse-incomplete-use-3/test.ghul: 3,1..3,3: error: syntax error: expected ; but found si
</failure>
<system-err>IO.IOException: open &quot;../lib/ghul.ghul&quot;: No such file or directory (2)
ghul(_ZN2IO11IOException4initEiN6System6StringE+0x2d) [0x7bb95d]
ghul(_ZN2IO10FileStream16throwIOExceptionEN6System6StringEiN6System6StringE+0x105) [0x7b8f55]
ghul(_ZN2IO4File10openStreamEN6System6StringEiib+0x62) [0x81fed2]
ghul(_ZN6Driver4Main4initEv+0x7a5) [0x79d765]
ghul(_ZN6System7Startup4run1EN6System6ObjectE+0xd) [0x827bad]
ghul(main+0x43) [0x739153]

</system-err>
</testcase>
<testcase name="parse-incomplete-use-4" time="0.011" classname="parse-incomplete-use-4">
<failure type="compiler error mismatch" message="compiler error mismatch">
1d0
&lt; cases/parse-incomplete-use-4/test.ghul: 3,1..3,3: error: syntax error: expected ; but found si
</failure>
<system-err>IO.IOException: open &quot;../lib/ghul.ghul&quot;: No such file or directory (2)
ghul(_ZN2IO11IOException4initEiN6System6StringE+0x2d) [0x7bb95d]
ghul(_ZN2IO10FileStream16throwIOExceptionEN6System6StringEiN6System6StringE+0x105) [0x7b8f55]
ghul(_ZN2IO4File10openStreamEN6System6StringEiib+0x62) [0x81fed2]
ghul(_ZN6Driver4Main4initEv+0x7a5) [0x79d765]
ghul(_ZN6System7Startup4run1EN6System6ObjectE+0xd) [0x827bad]
ghul(main+0x43) [0x739153]

</system-err>
</testcase>
<testcase name="parse-incomplete-use-5" time="0.011" classname="parse-incomplete-use-5">
<failure type="compiler error mismatch" message="compiler error mismatch">
1,2d0
&lt; cases/parse-incomplete-use-5/test.ghul: 13,15..13,27: error: member doesNotExist not found in Test.Test
&lt; cases/parse-incomplete-use-5/test.ghul: 7,5..7,10: error: in qualified identifier: expected identifier but found class
</failure>
<system-err>IO.IOException: open &quot;../lib/ghul.ghul&quot;: No such file or directory (2)
ghul(_ZN2IO11IOException4initEiN6System6StringE+0x2d) [0x7bb95d]
ghul(_ZN2IO10FileStream16throwIOExceptionEN6System6StringEiN6System6StringE+0x105) [0x7b8f55]
ghul(_ZN2IO4File10openStreamEN6System6StringEiib+0x62) [0x81fed2]
ghul(_ZN6Driver4Main4initEv+0x7a5) [0x79d765]
ghul(_ZN6System7Startup4run1EN6System6ObjectE+0xd) [0x827bad]
ghul(main+0x43) [0x739153]

</system-err>
</testcase>
<testcase name="parse-incomplete-use-6" time="0.012" classname="parse-incomplete-use-6">
<failure type="compiler error mismatch" message="compiler error mismatch">
1d0
&lt; cases/parse-incomplete-use-6/test.ghul: 5,5..5,8: error: in qualified identifier: expected identifier but found use
</failure>
<system-err>IO.IOException: open &quot;../lib/ghul.ghul&quot;: No such file or directory (2)
ghul(_ZN2IO11IOException4initEiN6System6StringE+0x2d) [0x7bb95d]
ghul(_ZN2IO10FileStream16throwIOExceptionEN6System6StringEiN6System6StringE+0x105) [0x7b8f55]
ghul(_ZN2IO4File10openStreamEN6System6StringEiib+0x62) [0x81fed2]
ghul(_ZN6Driver4Main4initEv+0x7a5) [0x79d765]
ghul(_ZN6System7Startup4run1EN6System6ObjectE+0xd) [0x827bad]
ghul(main+0x43) [0x739153]

</system-err>
</testcase>
<testcase name="parse-incomplete-use-7" time="0.011" classname="parse-incomplete-use-7">
<failure type="compiler error mismatch" message="compiler error mismatch">
1,2d0
&lt; cases/parse-incomplete-use-7/test.ghul: 4,5..4,8: error: syntax error: expected ; but found use
&lt; cases/parse-incomplete-use-7/test.ghul: 6,5..6,10: error: syntax error: expected ; but found class
</failure>
<system-err>IO.IOException: open &quot;../lib/ghul.ghul&quot;: No such file or directory (2)
ghul(_ZN2IO11IOException4initEiN6System6StringE+0x2d) [0x7bb95d]
ghul(_ZN2IO10FileStream16throwIOExceptionEN6System6StringEiN6System6StringE+0x105) [0x7b8f55]
ghul(_ZN2IO4File10openStreamEN6System6StringEiib+0x62) [0x81fed2]
ghul(_ZN6Driver4Main4initEv+0x7a5) [0x79d765]
ghul(_ZN6System7Startup4run1EN6System6ObjectE+0xd) [0x827bad]
ghul(main+0x43) [0x739153]

</system-err>
</testcase>
<testcase name="parse-incomplete-variable-10" time="0.015" classname="parse-incomplete-variable-10">
<failure type="compiler error mismatch" message="compiler error mismatch">
1,2d0
&lt; cases/parse-incomplete-variable-10/test.ghul: 6,25..6,27: error: in type expression: expected ( or identifier but found in
&lt; cases/parse-incomplete-variable-10/test.ghul: 7,9..7,11: error: syntax error: expected ; but found si
</failure>
<system-err>IO.IOException: open &quot;../lib/ghul.ghul&quot;: No such file or directory (2)
ghul(_ZN2IO11IOException4initEiN6System6StringE+0x2d) [0x7bb95d]
ghul(_ZN2IO10FileStream16throwIOExceptionEN6System6StringEiN6System6StringE+0x105) [0x7b8f55]
ghul(_ZN2IO4File10openStreamEN6System6StringEiib+0x62) [0x81fed2]
ghul(_ZN6Driver4Main4initEv+0x7a5) [0x79d765]
ghul(_ZN6System7Startup4run1EN6System6ObjectE+0xd) [0x827bad]
ghul(main+0x43) [0x739153]

</system-err>
</testcase>
<testcase name="parse-incomplete-variable-1" time="0.011" classname="parse-incomplete-variable-1">
<failure type="compiler error mismatch" message="compiler error mismatch">
1,2d0
&lt; cases/parse-incomplete-variable-1/test.ghul: 7,9..7,11: error: syntax error: expected ; but found si
&lt; cases/parse-incomplete-variable-1/test.ghul: 7,9..7,11: error: syntax error: expected identifier but found si
</failure>
<system-err>IO.IOException: open &quot;../lib/ghul.ghul&quot;: No such file or directory (2)
ghul(_ZN2IO11IOException4initEiN6System6StringE+0x2d) [0x7bb95d]
ghul(_ZN2IO10FileStream16throwIOExceptionEN6System6StringEiN6System6StringE+0x105) [0x7b8f55]
ghul(_ZN2IO4File10openStreamEN6System6StringEiib+0x62) [0x81fed2]
ghul(_ZN6Driver4Main4initEv+0x7a5) [0x79d765]
ghul(_ZN6System7Startup4run1EN6System6ObjectE+0xd) [0x827bad]
ghul(main+0x43) [0x739153]

</system-err>
</testcase>
<testcase name="parse-incomplete-variable-2" time="0.011" classname="parse-incomplete-variable-2">
<failure type="compiler error mismatch" message="compiler error mismatch">
1,2d0
&lt; cases/parse-incomplete-variable-2/test.ghul: 6,17..6,18: error: variable must have explict type or initializer
&lt; cases/parse-incomplete-variable-2/test.ghul: 7,9..7,11: error: syntax error: expected ; but found si
</failure>
<system-err>IO.IOException: open &quot;../lib/ghul.ghul&quot;: No such file or directory (2)
ghul(_ZN2IO11IOException4initEiN6System6StringE+0x2d) [0x7bb95d]
ghul(_ZN2IO10FileStream16throwIOExceptionEN6System6StringEiN6System6StringE+0x105) [0x7b8f55]
ghul(_ZN2IO4File10openStreamEN6System6StringEiib+0x62) [0x81fed2]
ghul(_ZN6Driver4Main4initEv+0x7a5) [0x79d765]
ghul(_ZN6System7Startup4run1EN6System6ObjectE+0xd) [0x827bad]
ghul(main+0x43) [0x739153]

</system-err>
</testcase>
<testcase name="parse-incomplete-variable-3" time="0.011" classname="parse-incomplete-variable-3">
<failure type="compiler error mismatch" message="compiler error mismatch">
1d0
&lt; cases/parse-incomplete-variable-3/test.ghul: 7,9..7,11: error: syntax error: expected ; but found si
</failure>
<system-err>IO.IOException: open &quot;../lib/ghul.ghul&quot;: No such file or directory (2)
ghul(_ZN2IO11IOException4initEiN6System6StringE+0x2d) [0x7bb95d]
ghul(_ZN2IO10FileStream16throwIOExceptionEN6System6StringEiN6System6StringE+0x105) [0x7b8f55]
ghul(_ZN2IO4File10openStreamEN6System6StringEiib+0x62) [0x81fed2]
ghul(_ZN6Driver4Main4initEv+0x7a5) [0x79d765]
ghul(_ZN6System7Startup4run1EN6System6ObjectE+0xd) [0x827bad]
ghul(main+0x43) [0x739153]

</system-err>
</testcase>
<testcase name="parse-incomplete-variable-4" time="0.011" classname="parse-incomplete-variable-4">
<failure type="compiler error mismatch" message="compiler error mismatch">
1,2d0
&lt; cases/parse-incomplete-variable-4/test.ghul: 7,9..7,11: error: in type expression: expected ( or identifier but found si
&lt; cases/parse-incomplete-variable-4/test.ghul: 7,9..7,11: error: syntax error: expected ; but found si
</failure>
<system-err>IO.IOException: open &quot;../lib/ghul.ghul&quot;: No such file or directory (2)
ghul(_ZN2IO11IOException4initEiN6System6StringE+0x2d) [0x7bb95d]
ghul(_ZN2IO10FileStream16throwIOExceptionEN6System6StringEiN6System6StringE+0x105) [0x7b8f55]
ghul(_ZN2IO4File10openStreamEN6System6StringEiib+0x62) [0x81fed2]
ghul(_ZN6Driver4Main4initEv+0x7a5) [0x79d765]
ghul(_ZN6System7Startup4run1EN6System6ObjectE+0xd) [0x827bad]
ghul(main+0x43) [0x739153]

</system-err>
</testcase>
<testcase name="parse-incomplete-variable-5" time="0.011" classname="parse-incomplete-variable-5">
<failure type="compiler error mismatch" message="compiler error mismatch">
1,2d0
&lt; cases/parse-incomplete-variable-5/test.ghul: 7,9..7,11: error: in primary expression: expected (, [, cast, char literal, identifier, int literal, isa, native, new, none, null, self, string literal or super but found si
&lt; cases/parse-incomplete-variable-5/test.ghul: 7,9..7,11: error: syntax error: expected ; but found si
</failure>
<system-err>IO.IOException: open &quot;../lib/ghul.ghul&quot;: No such file or directory (2)
ghul(_ZN2IO11IOException4initEiN6System6StringE+0x2d) [0x7bb95d]
ghul(_ZN2IO10FileStream16throwIOExceptionEN6System6StringEiN6System6StringE+0x105) [0x7b8f55]
ghul(_ZN2IO4File10openStreamEN6System6StringEiib+0x62) [0x81fed2]
ghul(_ZN6Driver4Main4initEv+0x7a5) [0x79d765]
ghul(_ZN6System7Startup4run1EN6System6ObjectE+0xd) [0x827bad]
ghul(main+0x43) [0x739153]

</system-err>
</testcase>
<testcase name="parse-incomplete-variable-6" time="0.011" classname="parse-incomplete-variable-6">
<failure type="compiler error mismatch" message="compiler error mismatch">
1,2d0
&lt; cases/parse-incomplete-variable-6/test.ghul: 7,9..7,11: error: in primary expression: expected (, [, cast, char literal, identifier, int literal, isa, native, new, none, null, self, string literal or super but found si
&lt; cases/parse-incomplete-variable-6/test.ghul: 7,9..7,11: error: syntax error: expected ; but found si
</failure>
<system-err>IO.IOException: open &quot;../lib/ghul.ghul&quot;: No such file or directory (2)
ghul(_ZN2IO11IOException4initEiN6System6StringE+0x2d) [0x7bb95d]
ghul(_ZN2IO10FileStream16throwIOExceptionEN6System6StringEiN6System6StringE+0x105) [0x7b8f55]
ghul(_ZN2IO4File10openStreamEN6System6StringEiib+0x62) [0x81fed2]
ghul(_ZN6Driver4Main4initEv+0x7a5) [0x79d765]
ghul(_ZN6System7Startup4run1EN6System6ObjectE+0xd) [0x827bad]
ghul(main+0x43) [0x739153]

</system-err>
</testcase>
<testcase name="parse-incomplete-variable-7" time="0.012" classname="parse-incomplete-variable-7">
<failure type="compiler error mismatch" message="compiler error mismatch">
1d0
&lt; cases/parse-incomplete-variable-7/test.ghul: 7,9..7,11: error: syntax error: expected ; but found si
</failure>
<system-err>IO.IOException: open &quot;../lib/ghul.ghul&quot;: No such file or directory (2)
ghul(_ZN2IO11IOException4initEiN6System6StringE+0x2d) [0x7bb95d]
ghul(_ZN2IO10FileStream16throwIOExceptionEN6System6StringEiN6System6StringE+0x105) [0x7b8f55]
ghul(_ZN2IO4File10openStreamEN6System6StringEiib+0x62) [0x81fed2]
ghul(_ZN6Driver4Main4initEv+0x7a5) [0x79d765]
ghul(_ZN6System7Startup4run1EN6System6ObjectE+0xd) [0x827bad]
ghul(main+0x43) [0x739153]

</system-err>
</testcase>
<testcase name="parse-incomplete-variable-8" time="0.013" classname="parse-incomplete-variable-8">
<failure type="compiler error mismatch" message="compiler error mismatch">
1,2d0
&lt; cases/parse-incomplete-variable-8/test.ghul: 7,9..7,11: error: in type expression: expected ( or identifier but found si
&lt; cases/parse-incomplete-variable-8/test.ghul: 7,9..7,11: error: syntax error: expected ; but found si
</failure>
<system-err>IO.IOException: open &quot;../lib/ghul.ghul&quot;: No such file or directory (2)
ghul(_ZN2IO11IOException4initEiN6System6StringE+0x2d) [0x7bb95d]
ghul(_ZN2IO10FileStream16throwIOExceptionEN6System6StringEiN6System6StringE+0x105) [0x7b8f55]
ghul(_ZN2IO4File10openStreamEN6System6StringEiib+0x62) [0x81fed2]
ghul(_ZN6Driver4Main4initEv+0x7a5) [0x79d765]
ghul(_ZN6System7Startup4run1EN6System6ObjectE+0xd) [0x827bad]
ghul(main+0x43) [0x739153]

</system-err>
</testcase>
<testcase name="parse-incomplete-variable-9" time="0.011" classname="parse-incomplete-variable-9">
<failure type="compiler error mismatch" message="compiler error mismatch">
1,2d0
&lt; cases/parse-incomplete-variable-9/test.ghul: 6,20..6,22: error: in type expression: expected ( or identifier but found in
&lt; cases/parse-incomplete-variable-9/test.ghul: 7,9..7,11: error: syntax error: expected ; but found si
</failure>
<system-err>IO.IOException: open &quot;../lib/ghul.ghul&quot;: No such file or directory (2)
ghul(_ZN2IO11IOException4initEiN6System6StringE+0x2d) [0x7bb95d]
ghul(_ZN2IO10FileStream16throwIOExceptionEN6System6StringEiN6System6StringE+0x105) [0x7b8f55]
ghul(_ZN2IO4File10openStreamEN6System6StringEiib+0x62) [0x81fed2]
ghul(_ZN6Driver4Main4initEv+0x7a5) [0x79d765]
ghul(_ZN6System7Startup4run1EN6System6ObjectE+0xd) [0x827bad]
ghul(main+0x43) [0x739153]

</system-err>
</testcase>
<testcase name="parse-single-arg-lambda-with-parens" time="0.010" classname="parse-single-arg-lambda-with-parens">
<failure type="build" message="build">
unexpected build failure
</failure>
<system-err>IO.IOException: open &quot;../lib/ghul.ghul&quot;: No such file or directory (2)
ghul(_ZN2IO11IOException4initEiN6System6StringE+0x2d) [0x7bb95d]
ghul(_ZN2IO10FileStream16throwIOExceptionEN6System6StringEiN6System6StringE+0x105) [0x7b8f55]
ghul(_ZN2IO4File10openStreamEN6System6StringEiib+0x62) [0x81fed2]
ghul(_ZN6Driver4Main4initEv+0x7a5) [0x79d765]
ghul(_ZN6System7Startup4run1EN6System6ObjectE+0xd) [0x827bad]
ghul(main+0x43) [0x739153]

</system-err>
</testcase>
<testcase name="parse-unary" time="0.011" classname="parse-unary">
</testcase>
<testcase name="range" time="0.014" classname="range">
<failure type="build" message="build">
unexpected build failure
</failure>
<system-err>System.Exception: execvp: /usr/bin/lc: Unknown error 1247378808
ghul(_ZN4Util7Process14throwUnixErrorEN6System6StringE+0x74) [0x83c834]
ghul(_ZN4Util7Process5spawnEN6System6StringEA_N6System6StringEA_N6System6StringE+0x11d) [0x83cc0d]
ghul(_ZN4Util7Process3runEN6System6StringEA_N6System6StringEA_N6System6StringEb+0x59) [0x83cc89]
ghul(_ZN6Driver4Main4initEv+0xe03) [0x79ddc3]
ghul(_ZN6System7Startup4run1EN6System6ObjectE+0xd) [0x827bad]
ghul(main+0x43) [0x739153]

</system-err>
</testcase>
<testcase name="simple-case" time="0.012" classname="simple-case">
<failure type="build" message="build">
unexpected build failure
</failure>
<system-err>System.Exception: execvp: /usr/bin/lc: Unknown error 1236909432
ghul(_ZN4Util7Process14throwUnixErrorEN6System6StringE+0x74) [0x83c834]
ghul(_ZN4Util7Process5spawnEN6System6StringEA_N6System6StringEA_N6System6StringE+0x11d) [0x83cc0d]
ghul(_ZN4Util7Process3runEN6System6StringEA_N6System6StringEA_N6System6StringEb+0x59) [0x83cc89]
ghul(_ZN6Driver4Main4initEv+0xe03) [0x79ddc3]
ghul(_ZN6System7Startup4run1EN6System6ObjectE+0xd) [0x827bad]
ghul(main+0x43) [0x739153]

</system-err>
</testcase>
<testcase name="simple-generic-inheritance" time="0.010" classname="simple-generic-inheritance">
<failure type="build" message="build">
unexpected build failure
</failure>
<failure type="compiler warning mismatch" message="compiler warning mismatch">
1,2d0
&lt; ./cases/simple-generic-inheritance/test.ghul: 21,0..22,0: warn: first statement in void Test.GenericInheritance.J[char].init(char) is not a call to super.init() or this.init() (in template Test.GenericInheritance.J[char])
&lt; ./cases/simple-generic-inheritance/test.ghul: 21,0..22,0: warn: first statement in void Test.GenericInheritance.J[int].init(int) is not a call to super.init() or this.init() (in template Test.GenericInheritance.J[int])
</failure>
<system-err>IO.IOException: open &quot;../lib/ghul.ghul&quot;: No such file or directory (2)
ghul(_ZN2IO11IOException4initEiN6System6StringE+0x2d) [0x7bb95d]
ghul(_ZN2IO10FileStream16throwIOExceptionEN6System6StringEiN6System6StringE+0x105) [0x7b8f55]
ghul(_ZN2IO4File10openStreamEN6System6StringEiib+0x62) [0x81fed2]
ghul(_ZN6Driver4Main4initEv+0x7a5) [0x79d765]
ghul(_ZN6System7Startup4run1EN6System6ObjectE+0xd) [0x827bad]
ghul(main+0x43) [0x739153]

</system-err>
</testcase>
<testcase name="simple-generic" time="0.010" classname="simple-generic">
</testcase>
<testcase name="simple-if" time="0.011" classname="simple-if">
<failure type="build" message="build">
unexpected build failure
</failure>
<system-err>IO.IOException: open &quot;../lib/ghul.ghul&quot;: No such file or directory (2)
ghul(_ZN2IO11IOException4initEiN6System6StringE+0x2d) [0x7bb95d]
ghul(_ZN2IO10FileStream16throwIOExceptionEN6System6StringEiN6System6StringE+0x105) [0x7b8f55]
ghul(_ZN2IO4File10openStreamEN6System6StringEiib+0x62) [0x81fed2]
ghul(_ZN6Driver4Main4initEv+0x7a5) [0x79d765]
ghul(_ZN6System7Startup4run1EN6System6ObjectE+0xd) [0x827bad]
ghul(main+0x43) [0x739153]

</system-err>
</testcase>
<testcase name="simple-indexer" time="0.012" classname="simple-indexer">
<failure type="build" message="build">
unexpected build failure
</failure>
<system-err>System.Exception: execvp: /usr/bin/lc: Unknown error -712442504
ghul(_ZN4Util7Process14throwUnixErrorEN6System6StringE+0x74) [0x83c834]
ghul(_ZN4Util7Process5spawnEN6System6StringEA_N6System6StringEA_N6System6StringE+0x11d) [0x83cc0d]
ghul(_ZN4Util7Process3runEN6System6StringEA_N6System6StringEA_N6System6StringEb+0x59) [0x83cc89]
ghul(_ZN6Driver4Main4initEv+0xe03) [0x79ddc3]
ghul(_ZN6System7Startup4run1EN6System6ObjectE+0xd) [0x827bad]
ghul(main+0x43) [0x739153]

</system-err>
</testcase>
<testcase name="simple-isa" time="0.012" classname="simple-isa">
<failure type="build" message="build">
unexpected build failure
</failure>
<failure type="compiler warning mismatch" message="compiler warning mismatch">
1,3d0
&lt; ./cases/simple-isa/test.ghul: 39,0..40,0: warn: isa Test.SimpleOperators.A always evaluates to true here
&lt; ./cases/simple-isa/test.ghul: 45,0..46,0: warn: isa Test.SimpleOperators.A always evaluates to true here
&lt; ./cases/simple-isa/test.ghul: 51,0..52,0: warn: isa Test.SimpleOperators.A always evaluates to true here
</failure>
<system-err>System.Exception: execvp: /usr/bin/lc: Unknown error -2138804872
ghul(_ZN4Util7Process14throwUnixErrorEN6System6StringE+0x74) [0x83c834]
ghul(_ZN4Util7Process5spawnEN6System6StringEA_N6System6StringEA_N6System6StringE+0x11d) [0x83cc0d]
ghul(_ZN4Util7Process3runEN6System6StringEA_N6System6StringEA_N6System6StringEb+0x59) [0x83cc89]
ghul(_ZN6Driver4Main4initEv+0xe03) [0x79ddc3]
ghul(_ZN6System7Startup4run1EN6System6ObjectE+0xd) [0x827bad]
ghul(main+0x43) [0x739153]

</system-err>
</testcase>
<testcase name="simple-operators" time="0.012" classname="simple-operators">
<failure type="build" message="build">
unexpected build failure
</failure>
<system-err>System.Exception: execvp: /usr/bin/lc: Unknown error -1150517896
ghul(_ZN4Util7Process14throwUnixErrorEN6System6StringE+0x74) [0x83c834]
ghul(_ZN4Util7Process5spawnEN6System6StringEA_N6System6StringEA_N6System6StringE+0x11d) [0x83cc0d]
ghul(_ZN4Util7Process3runEN6System6StringEA_N6System6StringEA_N6System6StringEb+0x59) [0x83cc89]
ghul(_ZN6Driver4Main4initEv+0xe03) [0x79ddc3]
ghul(_ZN6System7Startup4run1EN6System6ObjectE+0xd) [0x827bad]
ghul(main+0x43) [0x739153]

</system-err>
</testcase>
<testcase name="simple-overrides" time="0.011" classname="simple-overrides">
</testcase>
<testcase name="simple-property" time="0.012" classname="simple-property">
<failure type="build" message="build">
unexpected build failure
</failure>
<system-err>System.Exception: execvp: /usr/bin/lc: Unknown error 278576504
ghul(_ZN4Util7Process14throwUnixErrorEN6System6StringE+0x74) [0x83c834]
ghul(_ZN4Util7Process5spawnEN6System6StringEA_N6System6StringEA_N6System6StringE+0x11d) [0x83cc0d]
ghul(_ZN4Util7Process3runEN6System6StringEA_N6System6StringEA_N6System6StringEb+0x59) [0x83cc89]
ghul(_ZN6Driver4Main4initEv+0xe03) [0x79ddc3]
ghul(_ZN6System7Startup4run1EN6System6ObjectE+0xd) [0x827bad]
ghul(main+0x43) [0x739153]

</system-err>
</testcase>
<testcase name="simple-trait" time="0.012" classname="simple-trait">
<failure type="build" message="build">
unexpected build failure
</failure>
<system-err>System.Exception: execvp: /usr/bin/lc: Unknown error -1970545288
ghul(_ZN4Util7Process14throwUnixErrorEN6System6StringE+0x74) [0x83c834]
ghul(_ZN4Util7Process5spawnEN6System6StringEA_N6System6StringEA_N6System6StringE+0x11d) [0x83cc0d]
ghul(_ZN4Util7Process3runEN6System6StringEA_N6System6StringEA_N6System6StringEb+0x59) [0x83cc89]
ghul(_ZN6Driver4Main4initEv+0xe03) [0x79ddc3]
ghul(_ZN6System7Startup4run1EN6System6ObjectE+0xd) [0x827bad]
ghul(main+0x43) [0x739153]

</system-err>
</testcase>
<testcase name="simple-type-compatibility" time="0.011" classname="simple-type-compatibility">
</testcase>
<testcase name="single-element-tuple" time="0.011" classname="single-element-tuple">
</testcase>
<testcase name="static-modifier-error" time="0.012" classname="static-modifier-error">
<failure type="compiler error mismatch" message="compiler error mismatch">
1d0
&lt; ./cases/static-modifier-error/test.ghul: 19,0..20,0: error: cannot call instance method void Test.StaticModifier.Instance.instance_function() from static context
</failure>
<system-err>System.Exception: execvp: /usr/bin/lc: Unknown error -620647048
ghul(_ZN4Util7Process14throwUnixErrorEN6System6StringE+0x74) [0x83c834]
ghul(_ZN4Util7Process5spawnEN6System6StringEA_N6System6StringEA_N6System6StringE+0x11d) [0x83cc0d]
ghul(_ZN4Util7Process3runEN6System6StringEA_N6System6StringEA_N6System6StringEb+0x59) [0x83cc89]
ghul(_ZN6Driver4Main4initEv+0xe03) [0x79ddc3]
ghul(_ZN6System7Startup4run1EN6System6ObjectE+0xd) [0x827bad]
ghul(main+0x43) [0x739153]

</system-err>
</testcase>
<testcase name="static-modifier" time="0.012" classname="static-modifier">
<failure type="build" message="build">
unexpected build failure
</failure>
<failure type="compiler warning mismatch" message="compiler warning mismatch">
1d0
&lt; ./cases/static-modifier/test.ghul: 20,0..21,0: warn: call to static method void Test.StaticModifier.Instance.static_function() does not evaluate left value
</failure>
<system-err>System.Exception: execvp: /usr/bin/lc: Unknown error 42642808
ghul(_ZN4Util7Process14throwUnixErrorEN6System6StringE+0x74) [0x83c834]
ghul(_ZN4Util7Process5spawnEN6System6StringEA_N6System6StringEA_N6System6StringE+0x11d) [0x83cc0d]
ghul(_ZN4Util7Process3runEN6System6StringEA_N6System6StringEA_N6System6StringEb+0x59) [0x83cc89]
ghul(_ZN6Driver4Main4initEv+0xe03) [0x79ddc3]
ghul(_ZN6System7Startup4run1EN6System6ObjectE+0xd) [0x827bad]
ghul(main+0x43) [0x739153]

</system-err>
</testcase>
<testcase name="string-plus-int" time="0.011" classname="string-plus-int">
<failure type="build" message="build">
unexpected build failure
</failure>
<system-err>IO.IOException: open &quot;../lib/ghul.ghul&quot;: No such file or directory (2)
ghul(_ZN2IO11IOException4initEiN6System6StringE+0x2d) [0x7bb95d]
ghul(_ZN2IO10FileStream16throwIOExceptionEN6System6StringEiN6System6StringE+0x105) [0x7b8f55]
ghul(_ZN2IO4File10openStreamEN6System6StringEiib+0x62) [0x81fed2]
ghul(_ZN6Driver4Main4initEv+0x7a5) [0x79d765]
ghul(_ZN6System7Startup4run1EN6System6ObjectE+0xd) [0x827bad]
ghul(main+0x43) [0x739153]

</system-err>
</testcase>
<testcase name="trait-indexer-assign-1" time="0.012" classname="trait-indexer-assign-1">
<failure type="build" message="build">
unexpected build failure
</failure>
<system-err>System.Exception: execvp: /usr/bin/lc: Unknown error -1518523016
ghul(_ZN4Util7Process14throwUnixErrorEN6System6StringE+0x74) [0x83c834]
ghul(_ZN4Util7Process5spawnEN6System6StringEA_N6System6StringEA_N6System6StringE+0x11d) [0x83cc0d]
ghul(_ZN4Util7Process3runEN6System6StringEA_N6System6StringEA_N6System6StringEb+0x59) [0x83cc89]
ghul(_ZN6Driver4Main4initEv+0xe03) [0x79ddc3]
ghul(_ZN6System7Startup4run1EN6System6ObjectE+0xd) [0x827bad]
ghul(main+0x43) [0x739153]

</system-err>
</testcase>
<testcase name="trait-inherit" time="0.011" classname="trait-inherit">
<failure type="build" message="build">
unexpected build failure
</failure>
<system-err>IO.IOException: open &quot;../lib/ghul.ghul&quot;: No such file or directory (2)
ghul(_ZN2IO11IOException4initEiN6System6StringE+0x2d) [0x7bb95d]
ghul(_ZN2IO10FileStream16throwIOExceptionEN6System6StringEiN6System6StringE+0x105) [0x7b8f55]
ghul(_ZN2IO4File10openStreamEN6System6StringEiib+0x62) [0x81fed2]
ghul(_ZN6Driver4Main4initEv+0x7a5) [0x79d765]
ghul(_ZN6System7Startup4run1EN6System6ObjectE+0xd) [0x827bad]
ghul(main+0x43) [0x739153]

</system-err>
</testcase>
<testcase name="trait-property-assign-1" time="0.012" classname="trait-property-assign-1">
<failure type="build" message="build">
unexpected build failure
</failure>
<system-err>System.Exception: execvp: /usr/bin/lc: Unknown error 216628600
ghul(_ZN4Util7Process14throwUnixErrorEN6System6StringE+0x74) [0x83c834]
ghul(_ZN4Util7Process5spawnEN6System6StringEA_N6System6StringEA_N6System6StringE+0x11d) [0x83cc0d]
ghul(_ZN4Util7Process3runEN6System6StringEA_N6System6StringEA_N6System6StringEb+0x59) [0x83cc89]
ghul(_ZN6Driver4Main4initEv+0xe03) [0x79ddc3]
ghul(_ZN6System7Startup4run1EN6System6ObjectE+0xd) [0x827bad]
ghul(main+0x43) [0x739153]

</system-err>
</testcase>
<testcase name="typed-sequence" time="0.011" classname="typed-sequence">
<failure type="build" message="build">
unexpected build failure
</failure>
<system-err>System.Exception: execvp: /usr/bin/lc: Unknown error -694444680
ghul(_ZN4Util7Process14throwUnixErrorEN6System6StringE+0x74) [0x83c834]
ghul(_ZN4Util7Process5spawnEN6System6StringEA_N6System6StringEA_N6System6StringE+0x11d) [0x83cc0d]
ghul(_ZN4Util7Process3runEN6System6StringEA_N6System6StringEA_N6System6StringEb+0x59) [0x83cc89]
ghul(_ZN6Driver4Main4initEv+0xe03) [0x79ddc3]
ghul(_ZN6System7Startup4run1EN6System6ObjectE+0xd) [0x827bad]
ghul(main+0x43) [0x739153]

</system-err>
</testcase>
<testcase name="utf8-string-literal" time="0.011" classname="utf8-string-literal">
<failure type="build" message="build">
unexpected build failure
</failure>
<system-err>IO.IOException: open &quot;../lib/ghul.ghul&quot;: No such file or directory (2)
ghul(_ZN2IO11IOException4initEiN6System6StringE+0x2d) [0x7bb95d]
ghul(_ZN2IO10FileStream16throwIOExceptionEN6System6StringEiN6System6StringE+0x105) [0x7b8f55]
ghul(_ZN2IO4File10openStreamEN6System6StringEiib+0x62) [0x81fed2]
ghul(_ZN6Driver4Main4initEv+0x7a5) [0x79d765]
ghul(_ZN6System7Startup4run1EN6System6ObjectE+0xd) [0x827bad]
ghul(main+0x43) [0x739153]

</system-err>
</testcase>
<testcase name="zero-arg-function" time="0.010" classname="zero-arg-function">
<failure type="build" message="build">
unexpected build failure
</failure>
<system-err>IO.IOException: open &quot;../lib/ghul.ghul&quot;: No such file or directory (2)
ghul(_ZN2IO11IOException4initEiN6System6StringE+0x2d) [0x7bb95d]
ghul(_ZN2IO10FileStream16throwIOExceptionEN6System6StringEiN6System6StringE+0x105) [0x7b8f55]
ghul(_ZN2IO4File10openStreamEN6System6StringEiib+0x62) [0x81fed2]
ghul(_ZN6Driver4Main4initEv+0x7a5) [0x79d765]
ghul(_ZN6System7Startup4run1EN6System6ObjectE+0xd) [0x827bad]
ghul(main+0x43) [0x739153]

</system-err>
</testcase>
</testsuite>
</testsuites>

