<testsuites duration="85.141">
<testsuite name="integration" tests="133" failures="118" time="85.141" id="0">
<testcase name="array-initialise" time="0.011" classname="array-initialise">
<failure type="build" message="build">
unexpected build failure
</failure>
<system-err>IO.IOException: open &quot;../lib/ghul.ghul&quot;: No such file or directory (2)
ghul(_ZN2IO11IOException4initEiN6System6StringE+0x2d) [0x7bb95d]
ghul(_ZN2IO10FileStream16throwIOExceptionEN6System6StringEiN6System6StringE+0x105) [0x7b8f55]
ghul(_ZN2IO4File10openStreamEN6System6StringEiib+0x62) [0x81fed2]
ghul(_ZN6Driver4Main4initEv+0x7a5) [0x79d765]
ghul(_ZN6System7Startup4run1EN6System6ObjectE+0xd) [0x827bad]
ghul(main+0x43) [0x739153]

</system-err>
</testcase>
<testcase name="array-new" time="4.195" classname="array-new">
<failure type="test output mismatch" message="test output mismatch">
1,4c1,13
&lt; expected aa.length == 10
&lt; expected aaa.length == 20
&lt; aa is a Test.SimpleOperators.A[]
&lt; aaa is a Test.SimpleOperators.A[][]
---
&gt; uncaught exception System.Exception
&gt; 	execvp: binary: Unknown error 41326512
&gt; ../../tester/tester(_ZN6System9Exception13initBacktraceEv+0x3a) [0x4a489a]
&gt; ../../tester/tester(_ZN6System9Exception4initEN6System6StringE+0x22) [0x4a47e2]
&gt; ../../tester/tester(_ZN4Util7Process14throwUnixErrorEN6System6StringE+0x67) [0x4a0157]
&gt; ../../tester/tester(_ZN4Util7Process5spawnEPcPPcPPc+0x5e) [0x4a044e]
&gt; ../../tester/tester(_ZN4Util7Process5spawnEN6System6StringEA_N6System6StringEA_N6System6StringE+0x1c1) [0x4a0621]
&gt; ../../tester/tester(_ZN6Tester11TEST_RUNNER4testEv+0x908) [0x47f7a8]
&gt; ../../tester/tester(_ZN6Tester4Main4initEv+0x417) [0x491627]
&gt; ../../tester/tester(_ZN6System7Startup4run1EN6System6ObjectE+0x1f) [0x48a47f]
&gt; ../../tester/tester(__entry_point+0x20) [0x498ac0]
&gt; ../../tester/tester(main+0x29) [0x46df59]
&gt; 
</failure>
<system-out>uncaught exception System.Exception
	execvp: binary: Unknown error 41326512
../../tester/tester(_ZN6System9Exception13initBacktraceEv+0x3a) [0x4a489a]
../../tester/tester(_ZN6System9Exception4initEN6System6StringE+0x22) [0x4a47e2]
../../tester/tester(_ZN4Util7Process14throwUnixErrorEN6System6StringE+0x67) [0x4a0157]
../../tester/tester(_ZN4Util7Process5spawnEPcPPcPPc+0x5e) [0x4a044e]
../../tester/tester(_ZN4Util7Process5spawnEN6System6StringEA_N6System6StringEA_N6System6StringE+0x1c1) [0x4a0621]
../../tester/tester(_ZN6Tester11TEST_RUNNER4testEv+0x908) [0x47f7a8]
../../tester/tester(_ZN6Tester4Main4initEv+0x417) [0x491627]
../../tester/tester(_ZN6System7Startup4run1EN6System6ObjectE+0x1f) [0x48a47f]
../../tester/tester(__entry_point+0x20) [0x498ac0]
../../tester/tester(main+0x29) [0x46df59]

</system-out>
<system-err>System.Exception: execvp: /usr/bin/lc: Unknown error -467010184
ghul(_ZN4Util7Process14throwUnixErrorEN6System6StringE+0x74) [0x83c834]
ghul(_ZN4Util7Process5spawnEN6System6StringEA_N6System6StringEA_N6System6StringE+0x11d) [0x83cc0d]
ghul(_ZN4Util7Process3runEN6System6StringEA_N6System6StringEA_N6System6StringEb+0x59) [0x83cc89]
ghul(_ZN6Driver4Main4initEv+0xe03) [0x79ddc3]
ghul(_ZN6System7Startup4run1EN6System6ObjectE+0xd) [0x827bad]
ghul(main+0x43) [0x739153]

</system-err>
</testcase>
<testcase name="array-null-to-string" time="3.820" classname="array-null-to-string">
<failure type="test output mismatch" message="test output mismatch">
1,6c1,13
&lt; Test.ArrayNullToString.Test[System.String]: element is a reference
&lt; Test.ArrayNullToString.Test[int]: element is not a reference
&lt; Test.ArrayNullToString.Test[int[]]: element is a reference
&lt; Test.ArrayNullToString.Test[char]: element is not a reference
&lt; sa is: a,b,null,c,d
&lt; ia is: 1,2,0,0,3,4
---
&gt; uncaught exception System.Exception
&gt; 	execvp: binary: Unknown error 41348912
&gt; ../../tester/tester(_ZN6System9Exception13initBacktraceEv+0x3a) [0x4a489a]
&gt; ../../tester/tester(_ZN6System9Exception4initEN6System6StringE+0x22) [0x4a47e2]
&gt; ../../tester/tester(_ZN4Util7Process14throwUnixErrorEN6System6StringE+0x67) [0x4a0157]
&gt; ../../tester/tester(_ZN4Util7Process5spawnEPcPPcPPc+0x5e) [0x4a044e]
&gt; ../../tester/tester(_ZN4Util7Process5spawnEN6System6StringEA_N6System6StringEA_N6System6StringE+0x1c1) [0x4a0621]
&gt; ../../tester/tester(_ZN6Tester11TEST_RUNNER4testEv+0x908) [0x47f7a8]
&gt; ../../tester/tester(_ZN6Tester4Main4initEv+0x417) [0x491627]
&gt; ../../tester/tester(_ZN6System7Startup4run1EN6System6ObjectE+0x1f) [0x48a47f]
&gt; ../../tester/tester(__entry_point+0x20) [0x498ac0]
&gt; ../../tester/tester(main+0x29) [0x46df59]
&gt; 
</failure>
<system-out>uncaught exception System.Exception
	execvp: binary: Unknown error 41348912
../../tester/tester(_ZN6System9Exception13initBacktraceEv+0x3a) [0x4a489a]
../../tester/tester(_ZN6System9Exception4initEN6System6StringE+0x22) [0x4a47e2]
../../tester/tester(_ZN4Util7Process14throwUnixErrorEN6System6StringE+0x67) [0x4a0157]
../../tester/tester(_ZN4Util7Process5spawnEPcPPcPPc+0x5e) [0x4a044e]
../../tester/tester(_ZN4Util7Process5spawnEN6System6StringEA_N6System6StringEA_N6System6StringE+0x1c1) [0x4a0621]
../../tester/tester(_ZN6Tester11TEST_RUNNER4testEv+0x908) [0x47f7a8]
../../tester/tester(_ZN6Tester4Main4initEv+0x417) [0x491627]
../../tester/tester(_ZN6System7Startup4run1EN6System6ObjectE+0x1f) [0x48a47f]
../../tester/tester(__entry_point+0x20) [0x498ac0]
../../tester/tester(main+0x29) [0x46df59]

</system-out>
<system-err>System.Exception: execvp: /usr/bin/lc: Unknown error 1614675320
ghul(_ZN4Util7Process14throwUnixErrorEN6System6StringE+0x74) [0x83c834]
ghul(_ZN4Util7Process5spawnEN6System6StringEA_N6System6StringEA_N6System6StringE+0x11d) [0x83cc0d]
ghul(_ZN4Util7Process3runEN6System6StringEA_N6System6StringEA_N6System6StringEb+0x59) [0x83cc89]
ghul(_ZN6Driver4Main4initEv+0xe03) [0x79ddc3]
ghul(_ZN6System7Startup4run1EN6System6ObjectE+0xd) [0x827bad]
ghul(main+0x43) [0x739153]

</system-err>
</testcase>
<testcase name="char-escapes" time="3.789" classname="char-escapes">
<failure type="test output mismatch" message="test output mismatch">
1,5c1,13
&lt; c is 92
&lt; c is 39
&lt; c is 34
&lt; c is 13
&lt; c is 10
---
&gt; uncaught exception System.Exception
&gt; 	execvp: binary: Unknown error 41346800
&gt; ../../tester/tester(_ZN6System9Exception13initBacktraceEv+0x3a) [0x4a489a]
&gt; ../../tester/tester(_ZN6System9Exception4initEN6System6StringE+0x22) [0x4a47e2]
&gt; ../../tester/tester(_ZN4Util7Process14throwUnixErrorEN6System6StringE+0x67) [0x4a0157]
&gt; ../../tester/tester(_ZN4Util7Process5spawnEPcPPcPPc+0x5e) [0x4a044e]
&gt; ../../tester/tester(_ZN4Util7Process5spawnEN6System6StringEA_N6System6StringEA_N6System6StringE+0x1c1) [0x4a0621]
&gt; ../../tester/tester(_ZN6Tester11TEST_RUNNER4testEv+0x908) [0x47f7a8]
&gt; ../../tester/tester(_ZN6Tester4Main4initEv+0x417) [0x491627]
&gt; ../../tester/tester(_ZN6System7Startup4run1EN6System6ObjectE+0x1f) [0x48a47f]
&gt; ../../tester/tester(__entry_point+0x20) [0x498ac0]
&gt; ../../tester/tester(main+0x29) [0x46df59]
&gt; 
</failure>
<system-out>uncaught exception System.Exception
	execvp: binary: Unknown error 41346800
../../tester/tester(_ZN6System9Exception13initBacktraceEv+0x3a) [0x4a489a]
../../tester/tester(_ZN6System9Exception4initEN6System6StringE+0x22) [0x4a47e2]
../../tester/tester(_ZN4Util7Process14throwUnixErrorEN6System6StringE+0x67) [0x4a0157]
../../tester/tester(_ZN4Util7Process5spawnEPcPPcPPc+0x5e) [0x4a044e]
../../tester/tester(_ZN4Util7Process5spawnEN6System6StringEA_N6System6StringEA_N6System6StringE+0x1c1) [0x4a0621]
../../tester/tester(_ZN6Tester11TEST_RUNNER4testEv+0x908) [0x47f7a8]
../../tester/tester(_ZN6Tester4Main4initEv+0x417) [0x491627]
../../tester/tester(_ZN6System7Startup4run1EN6System6ObjectE+0x1f) [0x48a47f]
../../tester/tester(__entry_point+0x20) [0x498ac0]
../../tester/tester(main+0x29) [0x46df59]

</system-out>
<system-err>System.Exception: execvp: /usr/bin/lc: Unknown error -82412168
ghul(_ZN4Util7Process14throwUnixErrorEN6System6StringE+0x74) [0x83c834]
ghul(_ZN4Util7Process5spawnEN6System6StringEA_N6System6StringEA_N6System6StringE+0x11d) [0x83cc0d]
ghul(_ZN4Util7Process3runEN6System6StringEA_N6System6StringEA_N6System6StringEb+0x59) [0x83cc89]
ghul(_ZN6Driver4Main4initEv+0xe03) [0x79ddc3]
ghul(_ZN6System7Startup4run1EN6System6ObjectE+0xd) [0x827bad]
ghul(main+0x43) [0x739153]

</system-err>
</testcase>
<testcase name="closure" time="3.924" classname="closure">
<failure type="test output mismatch" message="test output mismatch">
1,10c1,13
&lt; f(0) =&gt; 100
&lt; f(1) =&gt; 101
&lt; f(2) =&gt; 102
&lt; f(3) =&gt; 103
&lt; f(4) =&gt; 104
&lt; f(5) =&gt; 105
&lt; f(6) =&gt; 106
&lt; f(7) =&gt; 107
&lt; f(8) =&gt; 108
&lt; f(9) =&gt; 109
---
&gt; uncaught exception System.Exception
&gt; 	execvp: binary: Unknown error 41373296
&gt; ../../tester/tester(_ZN6System9Exception13initBacktraceEv+0x3a) [0x4a489a]
&gt; ../../tester/tester(_ZN6System9Exception4initEN6System6StringE+0x22) [0x4a47e2]
&gt; ../../tester/tester(_ZN4Util7Process14throwUnixErrorEN6System6StringE+0x67) [0x4a0157]
&gt; ../../tester/tester(_ZN4Util7Process5spawnEPcPPcPPc+0x5e) [0x4a044e]
&gt; ../../tester/tester(_ZN4Util7Process5spawnEN6System6StringEA_N6System6StringEA_N6System6StringE+0x1c1) [0x4a0621]
&gt; ../../tester/tester(_ZN6Tester11TEST_RUNNER4testEv+0x908) [0x47f7a8]
&gt; ../../tester/tester(_ZN6Tester4Main4initEv+0x417) [0x491627]
&gt; ../../tester/tester(_ZN6System7Startup4run1EN6System6ObjectE+0x1f) [0x48a47f]
&gt; ../../tester/tester(__entry_point+0x20) [0x498ac0]
&gt; ../../tester/tester(main+0x29) [0x46df59]
&gt; 
</failure>
<system-out>uncaught exception System.Exception
	execvp: binary: Unknown error 41373296
../../tester/tester(_ZN6System9Exception13initBacktraceEv+0x3a) [0x4a489a]
../../tester/tester(_ZN6System9Exception4initEN6System6StringE+0x22) [0x4a47e2]
../../tester/tester(_ZN4Util7Process14throwUnixErrorEN6System6StringE+0x67) [0x4a0157]
../../tester/tester(_ZN4Util7Process5spawnEPcPPcPPc+0x5e) [0x4a044e]
../../tester/tester(_ZN4Util7Process5spawnEN6System6StringEA_N6System6StringEA_N6System6StringE+0x1c1) [0x4a0621]
../../tester/tester(_ZN6Tester11TEST_RUNNER4testEv+0x908) [0x47f7a8]
../../tester/tester(_ZN6Tester4Main4initEv+0x417) [0x491627]
../../tester/tester(_ZN6System7Startup4run1EN6System6ObjectE+0x1f) [0x48a47f]
../../tester/tester(__entry_point+0x20) [0x498ac0]
../../tester/tester(main+0x29) [0x46df59]

</system-out>
<system-err>System.Exception: execvp: /usr/bin/lc: Unknown error 1938287992
ghul(_ZN4Util7Process14throwUnixErrorEN6System6StringE+0x74) [0x83c834]
ghul(_ZN4Util7Process5spawnEN6System6StringEA_N6System6StringEA_N6System6StringE+0x11d) [0x83cc0d]
ghul(_ZN4Util7Process3runEN6System6StringEA_N6System6StringEA_N6System6StringEb+0x59) [0x83cc89]
ghul(_ZN6Driver4Main4initEv+0xe03) [0x79ddc3]
ghul(_ZN6System7Startup4run1EN6System6ObjectE+0xd) [0x827bad]
ghul(main+0x43) [0x739153]

</system-err>
</testcase>
<testcase name="enum-relational-operators" time="0.012" classname="enum-relational-operators">
</testcase>
<testcase name="enums" time="0.012" classname="enums">
<failure type="build" message="build">
unexpected build failure
</failure>
<system-err>IO.IOException: open &quot;../lib/ghul.ghul&quot;: No such file or directory (2)
ghul(_ZN2IO11IOException4initEiN6System6StringE+0x2d) [0x7bb95d]
ghul(_ZN2IO10FileStream16throwIOExceptionEN6System6StringEiN6System6StringE+0x105) [0x7b8f55]
ghul(_ZN2IO4File10openStreamEN6System6StringEiib+0x62) [0x81fed2]
ghul(_ZN6Driver4Main4initEv+0x7a5) [0x79d765]
ghul(_ZN6System7Startup4run1EN6System6ObjectE+0xd) [0x827bad]
ghul(main+0x43) [0x739153]

</system-err>
</testcase>
<testcase name="fibonacci" time="0.012" classname="fibonacci">
<failure type="build" message="build">
unexpected build failure
</failure>
<system-err>IO.IOException: open &quot;../lib/ghul.ghul&quot;: No such file or directory (2)
ghul(_ZN2IO11IOException4initEiN6System6StringE+0x2d) [0x7bb95d]
ghul(_ZN2IO10FileStream16throwIOExceptionEN6System6StringEiN6System6StringE+0x105) [0x7b8f55]
ghul(_ZN2IO4File10openStreamEN6System6StringEiib+0x62) [0x81fed2]
ghul(_ZN6Driver4Main4initEv+0x7a5) [0x79d765]
ghul(_ZN6System7Startup4run1EN6System6ObjectE+0xd) [0x827bad]
ghul(main+0x43) [0x739153]

</system-err>
</testcase>
<testcase name="function-no-arg-type" time="0.013" classname="function-no-arg-type">
<failure type="compiler error mismatch" message="compiler error mismatch">
1,2d0
&lt; cases/function-no-arg-type/test.ghul: 6,18..6,22: error: explicit argument type required
&lt; cases/function-no-arg-type/test.ghul: 6,23..6,27: error: explicit argument type required
</failure>
<system-err>IO.IOException: open &quot;../lib/ghul.ghul&quot;: No such file or directory (2)
ghul(_ZN2IO11IOException4initEiN6System6StringE+0x2d) [0x7bb95d]
ghul(_ZN2IO10FileStream16throwIOExceptionEN6System6StringEiN6System6StringE+0x105) [0x7b8f55]
ghul(_ZN2IO4File10openStreamEN6System6StringEiib+0x62) [0x81fed2]
ghul(_ZN6Driver4Main4initEv+0x7a5) [0x79d765]
ghul(_ZN6System7Startup4run1EN6System6ObjectE+0xd) [0x827bad]
ghul(main+0x43) [0x739153]

</system-err>
</testcase>
<testcase name="function-type" time="0.014" classname="function-type">
</testcase>
<testcase name="generic-arguments" time="0.014" classname="generic-arguments">
</testcase>
<testcase name="generic-function-type" time="0.013" classname="generic-function-type">
</testcase>
<testcase name="generic-inheritance-2" time="0.013" classname="generic-inheritance-2">
</testcase>
<testcase name="generic-inheritance" time="0.013" classname="generic-inheritance">
</testcase>
<testcase name="generic-overrides" time="0.013" classname="generic-overrides">
</testcase>
<testcase name="generic-self-2" time="0.014" classname="generic-self-2">
</testcase>
<testcase name="generic-self" time="0.013" classname="generic-self">
</testcase>
<testcase name="generic-traits" time="0.014" classname="generic-traits">
</testcase>
<testcase name="generic-type-compatibility-2" time="0.012" classname="generic-type-compatibility-2">
</testcase>
<testcase name="generic-type-compatibility-3" time="0.013" classname="generic-type-compatibility-3">
</testcase>
<testcase name="generic-type-compatibility-4" time="0.012" classname="generic-type-compatibility-4">
</testcase>
<testcase name="generic-type-compatibility" time="0.012" classname="generic-type-compatibility">
</testcase>
<testcase name="generic-type-constraints" time="0.013" classname="generic-type-constraints">
<failure type="compiler error mismatch" message="compiler error mismatch">
1d0
&lt; cases/generic-type-constraints/test.ghul: 19,24..19,40: error: member nonTraitFunction not found in Test.GenericTypeConstraints.NeedsSomeTrait.T
</failure>
<system-err>IO.IOException: open &quot;../lib/ghul.ghul&quot;: No such file or directory (2)
ghul(_ZN2IO11IOException4initEiN6System6StringE+0x2d) [0x7bb95d]
ghul(_ZN2IO10FileStream16throwIOExceptionEN6System6StringEiN6System6StringE+0x105) [0x7b8f55]
ghul(_ZN2IO4File10openStreamEN6System6StringEiib+0x62) [0x81fed2]
ghul(_ZN6Driver4Main4initEv+0x7a5) [0x79d765]
ghul(_ZN6System7Startup4run1EN6System6ObjectE+0xd) [0x827bad]
ghul(main+0x43) [0x739153]

</system-err>
</testcase>
<testcase name="hello-world" time="0.013" classname="hello-world">
<failure type="build" message="build">
unexpected build failure
</failure>
<system-err>IO.IOException: open &quot;../lib/ghul.ghul&quot;: No such file or directory (2)
ghul(_ZN2IO11IOException4initEiN6System6StringE+0x2d) [0x7bb95d]
ghul(_ZN2IO10FileStream16throwIOExceptionEN6System6StringEiN6System6StringE+0x105) [0x7b8f55]
ghul(_ZN2IO4File10openStreamEN6System6StringEiib+0x62) [0x81fed2]
ghul(_ZN6Driver4Main4initEv+0x7a5) [0x79d765]
ghul(_ZN6System7Startup4run1EN6System6ObjectE+0xd) [0x827bad]
ghul(main+0x43) [0x739153]

</system-err>
</testcase>
<testcase name="if-elif-else" time="4.059" classname="if-elif-else">
<failure type="test output mismatch" message="test output mismatch">
1,5c1,13
&lt; expect 0 == 0
&lt; expect 0 != 1
&lt; expect 1 == 1
&lt; expect 0 != 1, 2, 3
&lt; expect 3 == 3
---
&gt; uncaught exception System.Exception
&gt; 	execvp: binary: Unknown error 41216400
&gt; ../../tester/tester(_ZN6System9Exception13initBacktraceEv+0x3a) [0x4a489a]
&gt; ../../tester/tester(_ZN6System9Exception4initEN6System6StringE+0x22) [0x4a47e2]
&gt; ../../tester/tester(_ZN4Util7Process14throwUnixErrorEN6System6StringE+0x67) [0x4a0157]
&gt; ../../tester/tester(_ZN4Util7Process5spawnEPcPPcPPc+0x5e) [0x4a044e]
&gt; ../../tester/tester(_ZN4Util7Process5spawnEN6System6StringEA_N6System6StringEA_N6System6StringE+0x1c1) [0x4a0621]
&gt; ../../tester/tester(_ZN6Tester11TEST_RUNNER4testEv+0x908) [0x47f7a8]
&gt; ../../tester/tester(_ZN6Tester4Main4initEv+0x417) [0x491627]
&gt; ../../tester/tester(_ZN6System7Startup4run1EN6System6ObjectE+0x1f) [0x48a47f]
&gt; ../../tester/tester(__entry_point+0x20) [0x498ac0]
&gt; ../../tester/tester(main+0x29) [0x46df59]
&gt; 
</failure>
<system-out>uncaught exception System.Exception
	execvp: binary: Unknown error 41216400
../../tester/tester(_ZN6System9Exception13initBacktraceEv+0x3a) [0x4a489a]
../../tester/tester(_ZN6System9Exception4initEN6System6StringE+0x22) [0x4a47e2]
../../tester/tester(_ZN4Util7Process14throwUnixErrorEN6System6StringE+0x67) [0x4a0157]
../../tester/tester(_ZN4Util7Process5spawnEPcPPcPPc+0x5e) [0x4a044e]
../../tester/tester(_ZN4Util7Process5spawnEN6System6StringEA_N6System6StringEA_N6System6StringE+0x1c1) [0x4a0621]
../../tester/tester(_ZN6Tester11TEST_RUNNER4testEv+0x908) [0x47f7a8]
../../tester/tester(_ZN6Tester4Main4initEv+0x417) [0x491627]
../../tester/tester(_ZN6System7Startup4run1EN6System6ObjectE+0x1f) [0x48a47f]
../../tester/tester(__entry_point+0x20) [0x498ac0]
../../tester/tester(main+0x29) [0x46df59]

</system-out>
<system-err>System.Exception: execvp: /usr/bin/lc: Unknown error -1307075208
ghul(_ZN4Util7Process14throwUnixErrorEN6System6StringE+0x74) [0x83c834]
ghul(_ZN4Util7Process5spawnEN6System6StringEA_N6System6StringEA_N6System6StringE+0x11d) [0x83cc0d]
ghul(_ZN4Util7Process3runEN6System6StringEA_N6System6StringEA_N6System6StringEb+0x59) [0x83cc89]
ghul(_ZN6Driver4Main4initEv+0xe03) [0x79ddc3]
ghul(_ZN6System7Startup4run1EN6System6ObjectE+0xd) [0x827bad]
ghul(main+0x43) [0x739153]

</system-err>
</testcase>
<testcase name="indirect-overrides" time="0.013" classname="indirect-overrides">
</testcase>
<testcase name="iterator" time="3.984" classname="iterator">
<failure type="test output mismatch" message="test output mismatch">
1,30c1,13
&lt; test with for
&lt; have animal: stoat
&lt; have animal: otter
&lt; have animal: ocelot
&lt; have animal: badger
&lt; have animal: weasle
&lt; test with while
&lt; have animal: stoat
&lt; have animal: otter
&lt; have animal: ocelot
&lt; have animal: badger
&lt; have animal: weasle
&lt; test with awkard iterator
&lt; have animal: stoat
&lt; have animal: otter
&lt; have animal: ocelot
&lt; have animal: badger
&lt; have animal: weasle
&lt; test with redundant has more elements
&lt; have animal: stoat
&lt; have animal: otter
&lt; have animal: ocelot
&lt; have animal: badger
&lt; have animal: weasle
&lt; test without has more elements
&lt; expected: calling nextElement may not succeed if hasMoreElements() not called first
&lt; expected: calling nextElement may not succeed if hasMoreElements() not called first
&lt; expected: calling nextElement may not succeed if hasMoreElements() not called first
&lt; expected: calling nextElement may not succeed if hasMoreElements() not called first
&lt; expected: calling nextElement may not succeed if hasMoreElements() not called first
---
&gt; uncaught exception System.Exception
&gt; 	execvp: binary: Unknown error 41310848
&gt; ../../tester/tester(_ZN6System9Exception13initBacktraceEv+0x3a) [0x4a489a]
&gt; ../../tester/tester(_ZN6System9Exception4initEN6System6StringE+0x22) [0x4a47e2]
&gt; ../../tester/tester(_ZN4Util7Process14throwUnixErrorEN6System6StringE+0x67) [0x4a0157]
&gt; ../../tester/tester(_ZN4Util7Process5spawnEPcPPcPPc+0x5e) [0x4a044e]
&gt; ../../tester/tester(_ZN4Util7Process5spawnEN6System6StringEA_N6System6StringEA_N6System6StringE+0x1c1) [0x4a0621]
&gt; ../../tester/tester(_ZN6Tester11TEST_RUNNER4testEv+0x908) [0x47f7a8]
&gt; ../../tester/tester(_ZN6Tester4Main4initEv+0x417) [0x491627]
&gt; ../../tester/tester(_ZN6System7Startup4run1EN6System6ObjectE+0x1f) [0x48a47f]
&gt; ../../tester/tester(__entry_point+0x20) [0x498ac0]
&gt; ../../tester/tester(main+0x29) [0x46df59]
&gt; 
</failure>
<system-out>uncaught exception System.Exception
	execvp: binary: Unknown error 41310848
../../tester/tester(_ZN6System9Exception13initBacktraceEv+0x3a) [0x4a489a]
../../tester/tester(_ZN6System9Exception4initEN6System6StringE+0x22) [0x4a47e2]
../../tester/tester(_ZN4Util7Process14throwUnixErrorEN6System6StringE+0x67) [0x4a0157]
../../tester/tester(_ZN4Util7Process5spawnEPcPPcPPc+0x5e) [0x4a044e]
../../tester/tester(_ZN4Util7Process5spawnEN6System6StringEA_N6System6StringEA_N6System6StringE+0x1c1) [0x4a0621]
../../tester/tester(_ZN6Tester11TEST_RUNNER4testEv+0x908) [0x47f7a8]
../../tester/tester(_ZN6Tester4Main4initEv+0x417) [0x491627]
../../tester/tester(_ZN6System7Startup4run1EN6System6ObjectE+0x1f) [0x48a47f]
../../tester/tester(__entry_point+0x20) [0x498ac0]
../../tester/tester(main+0x29) [0x46df59]

</system-out>
<system-err>System.Exception: execvp: /usr/bin/lc: Unknown error -571302536
ghul(_ZN4Util7Process14throwUnixErrorEN6System6StringE+0x74) [0x83c834]
ghul(_ZN4Util7Process5spawnEN6System6StringEA_N6System6StringEA_N6System6StringE+0x11d) [0x83cc0d]
ghul(_ZN4Util7Process3runEN6System6StringEA_N6System6StringEA_N6System6StringEb+0x59) [0x83cc89]
ghul(_ZN6Driver4Main4initEv+0xe03) [0x79ddc3]
ghul(_ZN6System7Startup4run1EN6System6ObjectE+0xd) [0x827bad]
ghul(main+0x43) [0x739153]

</system-err>
</testcase>
<testcase name="map-indexer" time="4.114" classname="map-indexer">
<failure type="test output mismatch" message="test output mismatch">
1,5c1,13
&lt; FORSYTH Key not found
&lt; SMITH 020 555 1234
&lt; PATEL 020 555 1235
&lt; BROWN 020 555 1236
&lt; BROWN 020 888 1236 previously 020 555 1236
---
&gt; uncaught exception System.Exception
&gt; 	execvp: binary: Unknown error 41308448
&gt; ../../tester/tester(_ZN6System9Exception13initBacktraceEv+0x3a) [0x4a489a]
&gt; ../../tester/tester(_ZN6System9Exception4initEN6System6StringE+0x22) [0x4a47e2]
&gt; ../../tester/tester(_ZN4Util7Process14throwUnixErrorEN6System6StringE+0x67) [0x4a0157]
&gt; ../../tester/tester(_ZN4Util7Process5spawnEPcPPcPPc+0x5e) [0x4a044e]
&gt; ../../tester/tester(_ZN4Util7Process5spawnEN6System6StringEA_N6System6StringEA_N6System6StringE+0x1c1) [0x4a0621]
&gt; ../../tester/tester(_ZN6Tester11TEST_RUNNER4testEv+0x908) [0x47f7a8]
&gt; ../../tester/tester(_ZN6Tester4Main4initEv+0x417) [0x491627]
&gt; ../../tester/tester(_ZN6System7Startup4run1EN6System6ObjectE+0x1f) [0x48a47f]
&gt; ../../tester/tester(__entry_point+0x20) [0x498ac0]
&gt; ../../tester/tester(main+0x29) [0x46df59]
&gt; 
</failure>
<system-out>uncaught exception System.Exception
	execvp: binary: Unknown error 41308448
../../tester/tester(_ZN6System9Exception13initBacktraceEv+0x3a) [0x4a489a]
../../tester/tester(_ZN6System9Exception4initEN6System6StringE+0x22) [0x4a47e2]
../../tester/tester(_ZN4Util7Process14throwUnixErrorEN6System6StringE+0x67) [0x4a0157]
../../tester/tester(_ZN4Util7Process5spawnEPcPPcPPc+0x5e) [0x4a044e]
../../tester/tester(_ZN4Util7Process5spawnEN6System6StringEA_N6System6StringEA_N6System6StringE+0x1c1) [0x4a0621]
../../tester/tester(_ZN6Tester11TEST_RUNNER4testEv+0x908) [0x47f7a8]
../../tester/tester(_ZN6Tester4Main4initEv+0x417) [0x491627]
../../tester/tester(_ZN6System7Startup4run1EN6System6ObjectE+0x1f) [0x48a47f]
../../tester/tester(__entry_point+0x20) [0x498ac0]
../../tester/tester(main+0x29) [0x46df59]

</system-out>
<system-err>System.Exception: execvp: /usr/bin/lc: Unknown error 2102107512
ghul(_ZN4Util7Process14throwUnixErrorEN6System6StringE+0x74) [0x83c834]
ghul(_ZN4Util7Process5spawnEN6System6StringEA_N6System6StringEA_N6System6StringE+0x11d) [0x83cc0d]
ghul(_ZN4Util7Process3runEN6System6StringEA_N6System6StringEA_N6System6StringEb+0x59) [0x83cc89]
ghul(_ZN6Driver4Main4initEv+0xe03) [0x79ddc3]
ghul(_ZN6System7Startup4run1EN6System6ObjectE+0xd) [0x827bad]
ghul(main+0x43) [0x739153]

</system-err>
</testcase>
<testcase name="namespaces" time="0.011" classname="namespaces">
<failure type="build" message="build">
unexpected build failure
</failure>
<system-err>IO.IOException: open &quot;../lib/ghul.ghul&quot;: No such file or directory (2)
ghul(_ZN2IO11IOException4initEiN6System6StringE+0x2d) [0x7bb95d]
ghul(_ZN2IO10FileStream16throwIOExceptionEN6System6StringEiN6System6StringE+0x105) [0x7b8f55]
ghul(_ZN2IO4File10openStreamEN6System6StringEiib+0x62) [0x81fed2]
ghul(_ZN6Driver4Main4initEv+0x7a5) [0x79d765]
ghul(_ZN6System7Startup4run1EN6System6ObjectE+0xd) [0x827bad]
ghul(main+0x43) [0x739153]

</system-err>
</testcase>
<testcase name="native-member" time="3.800" classname="native-member">
<failure type="test output mismatch" message="test output mismatch">
0a1,13
&gt; uncaught exception System.Exception
&gt; 	execvp: binary: Unknown error 41348864
&gt; ../../tester/tester(_ZN6System9Exception13initBacktraceEv+0x3a) [0x4a489a]
&gt; ../../tester/tester(_ZN6System9Exception4initEN6System6StringE+0x22) [0x4a47e2]
&gt; ../../tester/tester(_ZN4Util7Process14throwUnixErrorEN6System6StringE+0x67) [0x4a0157]
&gt; ../../tester/tester(_ZN4Util7Process5spawnEPcPPcPPc+0x5e) [0x4a044e]
&gt; ../../tester/tester(_ZN4Util7Process5spawnEN6System6StringEA_N6System6StringEA_N6System6StringE+0x1c1) [0x4a0621]
&gt; ../../tester/tester(_ZN6Tester11TEST_RUNNER4testEv+0x908) [0x47f7a8]
&gt; ../../tester/tester(_ZN6Tester4Main4initEv+0x417) [0x491627]
&gt; ../../tester/tester(_ZN6System7Startup4run1EN6System6ObjectE+0x1f) [0x48a47f]
&gt; ../../tester/tester(__entry_point+0x20) [0x498ac0]
&gt; ../../tester/tester(main+0x29) [0x46df59]
&gt; 
</failure>
<failure type="compiler warning mismatch" message="compiler warning mismatch">
1,2d0
&lt; ./cases/native-member/test.ghul: 15,0..16,0: warn: Test.ParseUnary.Main is unsafe: calls native code
&lt; ./cases/native-member/test.ghul: 7,0..8,0: warn: declaring native method puts
</failure>
<system-out>uncaught exception System.Exception
	execvp: binary: Unknown error 41348864
../../tester/tester(_ZN6System9Exception13initBacktraceEv+0x3a) [0x4a489a]
../../tester/tester(_ZN6System9Exception4initEN6System6StringE+0x22) [0x4a47e2]
../../tester/tester(_ZN4Util7Process14throwUnixErrorEN6System6StringE+0x67) [0x4a0157]
../../tester/tester(_ZN4Util7Process5spawnEPcPPcPPc+0x5e) [0x4a044e]
../../tester/tester(_ZN4Util7Process5spawnEN6System6StringEA_N6System6StringEA_N6System6StringE+0x1c1) [0x4a0621]
../../tester/tester(_ZN6Tester11TEST_RUNNER4testEv+0x908) [0x47f7a8]
../../tester/tester(_ZN6Tester4Main4initEv+0x417) [0x491627]
../../tester/tester(_ZN6System7Startup4run1EN6System6ObjectE+0x1f) [0x48a47f]
../../tester/tester(__entry_point+0x20) [0x498ac0]
../../tester/tester(main+0x29) [0x46df59]

</system-out>
<system-err>System.Exception: execvp: /usr/bin/lc: Unknown error -29225608
ghul(_ZN4Util7Process14throwUnixErrorEN6System6StringE+0x74) [0x83c834]
ghul(_ZN4Util7Process5spawnEN6System6StringEA_N6System6StringEA_N6System6StringE+0x11d) [0x83cc0d]
ghul(_ZN4Util7Process3runEN6System6StringEA_N6System6StringEA_N6System6StringEb+0x59) [0x83cc89]
ghul(_ZN6Driver4Main4initEv+0xe03) [0x79ddc3]
ghul(_ZN6System7Startup4run1EN6System6ObjectE+0xd) [0x827bad]
ghul(main+0x43) [0x739153]

</system-err>
</testcase>
<testcase name="null-statement" time="3.801" classname="null-statement">
<failure type="test output mismatch" message="test output mismatch">
1,80c1,13
&lt; 1: 0
&lt; 1: 1
&lt; 1: 2
&lt; 1: 3
&lt; 1: 4
&lt; 1: 5
&lt; 1: 6
&lt; 1: 7
&lt; 1: 8
&lt; 1: 9
&lt; 2: 0
&lt; 2: 1
&lt; 2: 2
&lt; 2: 3
&lt; 2: 4
&lt; 2: 5
&lt; 2: 6
&lt; 2: 7
&lt; 2: 8
&lt; 2: 9
&lt; 3A: 0
&lt; 3A: 0
&lt; 3A: 1
&lt; 3A: 1
&lt; 3A: 2
&lt; 3A: 2
&lt; 3A: 3
&lt; 3A: 3
&lt; 3A: 4
&lt; 3A: 4
&lt; 3A: 5
&lt; 3A: 5
&lt; 3A: 6
&lt; 3A: 6
&lt; 3A: 7
&lt; 3A: 7
&lt; 3A: 8
&lt; 3A: 8
&lt; 3A: 9
&lt; 3A: 9
&lt; 4: 0
&lt; 4: 1
&lt; 4: 2
&lt; 4: 3
&lt; 4: 4
&lt; 4: 5
&lt; 4: 6
&lt; 4: 7
&lt; 4: 8
&lt; 4: 9
&lt; 5: 0
&lt; 5: 1
&lt; 5: 2
&lt; 5: 3
&lt; 5: 4
&lt; 5: 5
&lt; 5: 6
&lt; 5: 7
&lt; 5: 8
&lt; 5: 9
&lt; 6A: 0
&lt; 6B: 0
&lt; 6A: 1
&lt; 6B: 1
&lt; 6A: 2
&lt; 6B: 2
&lt; 6A: 3
&lt; 6B: 3
&lt; 6A: 4
&lt; 6B: 4
&lt; 6A: 5
&lt; 6B: 5
&lt; 6A: 6
&lt; 6B: 6
&lt; 6A: 7
&lt; 6B: 7
&lt; 6A: 8
&lt; 6B: 8
&lt; 6A: 9
&lt; 6B: 9
---
&gt; uncaught exception System.Exception
&gt; 	execvp: binary: Unknown error 41345504
&gt; ../../tester/tester(_ZN6System9Exception13initBacktraceEv+0x3a) [0x4a489a]
&gt; ../../tester/tester(_ZN6System9Exception4initEN6System6StringE+0x22) [0x4a47e2]
&gt; ../../tester/tester(_ZN4Util7Process14throwUnixErrorEN6System6StringE+0x67) [0x4a0157]
&gt; ../../tester/tester(_ZN4Util7Process5spawnEPcPPcPPc+0x5e) [0x4a044e]
&gt; ../../tester/tester(_ZN4Util7Process5spawnEN6System6StringEA_N6System6StringEA_N6System6StringE+0x1c1) [0x4a0621]
&gt; ../../tester/tester(_ZN6Tester11TEST_RUNNER4testEv+0x908) [0x47f7a8]
&gt; ../../tester/tester(_ZN6Tester4Main4initEv+0x417) [0x491627]
&gt; ../../tester/tester(_ZN6System7Startup4run1EN6System6ObjectE+0x1f) [0x48a47f]
&gt; ../../tester/tester(__entry_point+0x20) [0x498ac0]
&gt; ../../tester/tester(main+0x29) [0x46df59]
&gt; 
</failure>
<failure type="compiler warning mismatch" message="compiler warning mismatch">
1,13c1,13
&lt; cases/null-statement/test.ghul: 15,17..15,18: warn: empty statement
&lt; cases/null-statement/test.ghul: 18,13..18,14: warn: empty statement
&lt; cases/null-statement/test.ghul: 21,17..21,18: warn: empty statement
&lt; cases/null-statement/test.ghul: 27,17..27,18: warn: empty statement
&lt; cases/null-statement/test.ghul: 41,17..41,18: warn: empty statement
&lt; cases/null-statement/test.ghul: 44,13..44,14: warn: empty statement
&lt; cases/null-statement/test.ghul: 46,20..46,21: warn: empty statement
&lt; cases/null-statement/test.ghul: 46,22..46,23: warn: empty statement
&lt; cases/null-statement/test.ghul: 49,17..49,18: warn: empty statement
&lt; cases/null-statement/test.ghul: 57,13..57,14: warn: empty statement
&lt; cases/null-statement/test.ghul: 60,17..60,18: warn: empty statement
&lt; cases/null-statement/test.ghul: 62,17..62,18: warn: empty statement
&lt; cases/null-statement/test.ghul: 63,17..63,18: warn: empty statement
---
&gt; test.ghul: 15,17..15,18: warn: empty statement
&gt; test.ghul: 18,13..18,14: warn: empty statement
&gt; test.ghul: 21,17..21,18: warn: empty statement
&gt; test.ghul: 27,17..27,18: warn: empty statement
&gt; test.ghul: 41,17..41,18: warn: empty statement
&gt; test.ghul: 44,13..44,14: warn: empty statement
&gt; test.ghul: 46,20..46,21: warn: empty statement
&gt; test.ghul: 46,22..46,23: warn: empty statement
&gt; test.ghul: 49,17..49,18: warn: empty statement
&gt; test.ghul: 57,13..57,14: warn: empty statement
&gt; test.ghul: 60,17..60,18: warn: empty statement
&gt; test.ghul: 62,17..62,18: warn: empty statement
&gt; test.ghul: 63,17..63,18: warn: empty statement
</failure>
<system-out>uncaught exception System.Exception
	execvp: binary: Unknown error 41345504
../../tester/tester(_ZN6System9Exception13initBacktraceEv+0x3a) [0x4a489a]
../../tester/tester(_ZN6System9Exception4initEN6System6StringE+0x22) [0x4a47e2]
../../tester/tester(_ZN4Util7Process14throwUnixErrorEN6System6StringE+0x67) [0x4a0157]
../../tester/tester(_ZN4Util7Process5spawnEPcPPcPPc+0x5e) [0x4a044e]
../../tester/tester(_ZN4Util7Process5spawnEN6System6StringEA_N6System6StringEA_N6System6StringE+0x1c1) [0x4a0621]
../../tester/tester(_ZN6Tester11TEST_RUNNER4testEv+0x908) [0x47f7a8]
../../tester/tester(_ZN6Tester4Main4initEv+0x417) [0x491627]
../../tester/tester(_ZN6System7Startup4run1EN6System6ObjectE+0x1f) [0x48a47f]
../../tester/tester(__entry_point+0x20) [0x498ac0]
../../tester/tester(main+0x29) [0x46df59]

</system-out>
<system-err>test.ghul: 15,17..15,18: warn: empty statement
test.ghul: 18,13..18,14: warn: empty statement
test.ghul: 21,17..21,18: warn: empty statement
test.ghul: 27,17..27,18: warn: empty statement
test.ghul: 41,17..41,18: warn: empty statement
test.ghul: 44,13..44,14: warn: empty statement
test.ghul: 46,20..46,21: warn: empty statement
test.ghul: 46,22..46,23: warn: empty statement
test.ghul: 49,17..49,18: warn: empty statement
test.ghul: 57,13..57,14: warn: empty statement
test.ghul: 60,17..60,18: warn: empty statement
test.ghul: 62,17..62,18: warn: empty statement
test.ghul: 63,17..63,18: warn: empty statement
System.Exception: execvp: /usr/bin/lc: Unknown error -1950352008
ghul(_ZN4Util7Process14throwUnixErrorEN6System6StringE+0x74) [0x83c834]
ghul(_ZN4Util7Process5spawnEN6System6StringEA_N6System6StringEA_N6System6StringE+0x11d) [0x83cc0d]
ghul(_ZN4Util7Process3runEN6System6StringEA_N6System6StringEA_N6System6StringEb+0x59) [0x83cc89]
ghul(_ZN6Driver4Main4initEv+0xe03) [0x79ddc3]
ghul(_ZN6System7Startup4run1EN6System6ObjectE+0xd) [0x827bad]
ghul(main+0x43) [0x739153]

</system-err>
</testcase>
<testcase name="octal-character-literal" time="0.011" classname="octal-character-literal">
<failure type="build" message="build">
unexpected build failure
</failure>
<system-err>IO.IOException: open &quot;../lib/ghul.ghul&quot;: No such file or directory (2)
ghul(_ZN2IO11IOException4initEiN6System6StringE+0x2d) [0x7bb95d]
ghul(_ZN2IO10FileStream16throwIOExceptionEN6System6StringEiN6System6StringE+0x105) [0x7b8f55]
ghul(_ZN2IO4File10openStreamEN6System6StringEiib+0x62) [0x81fed2]
ghul(_ZN6Driver4Main4initEv+0x7a5) [0x79d765]
ghul(_ZN6System7Startup4run1EN6System6ObjectE+0xd) [0x827bad]
ghul(main+0x43) [0x739153]

</system-err>
</testcase>
<testcase name="parse-incomplete-class-10" time="0.012" classname="parse-incomplete-class-10">
<failure type="compiler error mismatch" message="compiler error mismatch">
1d0
&lt; cases/parse-incomplete-class-10/test.ghul: 6,1..6,2: error: in type expression: expected ( or identifier but found si
</failure>
<system-err>IO.IOException: open &quot;../lib/ghul.ghul&quot;: No such file or directory (2)
ghul(_ZN2IO11IOException4initEiN6System6StringE+0x2d) [0x7bb95d]
ghul(_ZN2IO10FileStream16throwIOExceptionEN6System6StringEiN6System6StringE+0x105) [0x7b8f55]
ghul(_ZN2IO4File10openStreamEN6System6StringEiib+0x62) [0x81fed2]
ghul(_ZN6Driver4Main4initEv+0x7a5) [0x79d765]
ghul(_ZN6System7Startup4run1EN6System6ObjectE+0xd) [0x827bad]
ghul(main+0x43) [0x739153]

</system-err>
</testcase>
<testcase name="parse-incomplete-class-11" time="0.012" classname="parse-incomplete-class-11">
<failure type="compiler error mismatch" message="compiler error mismatch">
1d0
&lt; cases/parse-incomplete-class-11/test.ghul: 6,1..6,2: error: in type expression: expected ] but found si
</failure>
<system-err>IO.IOException: open &quot;../lib/ghul.ghul&quot;: No such file or directory (2)
ghul(_ZN2IO11IOException4initEiN6System6StringE+0x2d) [0x7bb95d]
ghul(_ZN2IO10FileStream16throwIOExceptionEN6System6StringEiN6System6StringE+0x105) [0x7b8f55]
ghul(_ZN2IO4File10openStreamEN6System6StringEiib+0x62) [0x81fed2]
ghul(_ZN6Driver4Main4initEv+0x7a5) [0x79d765]
ghul(_ZN6System7Startup4run1EN6System6ObjectE+0xd) [0x827bad]
ghul(main+0x43) [0x739153]

</system-err>
</testcase>
<testcase name="parse-incomplete-class-12" time="0.016" classname="parse-incomplete-class-12">
<failure type="compiler error mismatch" message="compiler error mismatch">
1d0
&lt; cases/parse-incomplete-class-12/test.ghul: 6,1..6,2: error: syntax error: expected is but found si
</failure>
<system-err>IO.IOException: open &quot;../lib/ghul.ghul&quot;: No such file or directory (2)
ghul(_ZN2IO11IOException4initEiN6System6StringE+0x2d) [0x7bb95d]
ghul(_ZN2IO10FileStream16throwIOExceptionEN6System6StringEiN6System6StringE+0x105) [0x7b8f55]
ghul(_ZN2IO4File10openStreamEN6System6StringEiib+0x62) [0x81fed2]
ghul(_ZN6Driver4Main4initEv+0x7a5) [0x79d765]
ghul(_ZN6System7Startup4run1EN6System6ObjectE+0xd) [0x827bad]
ghul(main+0x43) [0x739153]

</system-err>
</testcase>
<testcase name="parse-incomplete-class-13" time="0.012" classname="parse-incomplete-class-13">
<failure type="compiler error mismatch" message="compiler error mismatch">
1d0
&lt; cases/parse-incomplete-class-13/test.ghul: 6,1..6,3: error: syntax error: expected si but found end of input
</failure>
<system-err>IO.IOException: open &quot;../lib/ghul.ghul&quot;: No such file or directory (2)
ghul(_ZN2IO11IOException4initEiN6System6StringE+0x2d) [0x7bb95d]
ghul(_ZN2IO10FileStream16throwIOExceptionEN6System6StringEiN6System6StringE+0x105) [0x7b8f55]
ghul(_ZN2IO4File10openStreamEN6System6StringEiib+0x62) [0x81fed2]
ghul(_ZN6Driver4Main4initEv+0x7a5) [0x79d765]
ghul(_ZN6System7Startup4run1EN6System6ObjectE+0xd) [0x827bad]
ghul(main+0x43) [0x739153]

</system-err>
</testcase>
<testcase name="parse-incomplete-class-1" time="0.012" classname="parse-incomplete-class-1">
<failure type="compiler error mismatch" message="compiler error mismatch">
1d0
&lt; cases/parse-incomplete-class-1/test.ghul: 6,1..6,2: error: syntax error: expected is but found si
</failure>
<system-err>IO.IOException: open &quot;../lib/ghul.ghul&quot;: No such file or directory (2)
ghul(_ZN2IO11IOException4initEiN6System6StringE+0x2d) [0x7bb95d]
ghul(_ZN2IO10FileStream16throwIOExceptionEN6System6StringEiN6System6StringE+0x105) [0x7b8f55]
ghul(_ZN2IO4File10openStreamEN6System6StringEiib+0x62) [0x81fed2]
ghul(_ZN6Driver4Main4initEv+0x7a5) [0x79d765]
ghul(_ZN6System7Startup4run1EN6System6ObjectE+0xd) [0x827bad]
ghul(main+0x43) [0x739153]

</system-err>
</testcase>
<testcase name="parse-incomplete-class-2" time="0.013" classname="parse-incomplete-class-2">
<failure type="compiler error mismatch" message="compiler error mismatch">
1d0
&lt; cases/parse-incomplete-class-2/test.ghul: 6,1..6,2: error: in type expression: expected ( or identifier but found si
</failure>
<system-err>IO.IOException: open &quot;../lib/ghul.ghul&quot;: No such file or directory (2)
ghul(_ZN2IO11IOException4initEiN6System6StringE+0x2d) [0x7bb95d]
ghul(_ZN2IO10FileStream16throwIOExceptionEN6System6StringEiN6System6StringE+0x105) [0x7b8f55]
ghul(_ZN2IO4File10openStreamEN6System6StringEiib+0x62) [0x81fed2]
ghul(_ZN6Driver4Main4initEv+0x7a5) [0x79d765]
ghul(_ZN6System7Startup4run1EN6System6ObjectE+0xd) [0x827bad]
ghul(main+0x43) [0x739153]

</system-err>
</testcase>
<testcase name="parse-incomplete-class-3" time="0.012" classname="parse-incomplete-class-3">
<failure type="compiler error mismatch" message="compiler error mismatch">
1d0
&lt; cases/parse-incomplete-class-3/test.ghul: 6,1..6,2: error: syntax error: expected ] but found si
</failure>
<system-err>IO.IOException: open &quot;../lib/ghul.ghul&quot;: No such file or directory (2)
ghul(_ZN2IO11IOException4initEiN6System6StringE+0x2d) [0x7bb95d]
ghul(_ZN2IO10FileStream16throwIOExceptionEN6System6StringEiN6System6StringE+0x105) [0x7b8f55]
ghul(_ZN2IO4File10openStreamEN6System6StringEiib+0x62) [0x81fed2]
ghul(_ZN6Driver4Main4initEv+0x7a5) [0x79d765]
ghul(_ZN6System7Startup4run1EN6System6ObjectE+0xd) [0x827bad]
ghul(main+0x43) [0x739153]

</system-err>
</testcase>
<testcase name="parse-incomplete-class-4" time="0.012" classname="parse-incomplete-class-4">
<failure type="compiler error mismatch" message="compiler error mismatch">
1d0
&lt; cases/parse-incomplete-class-4/test.ghul: 6,1..6,2: error: in type expression: expected ( or identifier but found si
</failure>
<system-err>IO.IOException: open &quot;../lib/ghul.ghul&quot;: No such file or directory (2)
ghul(_ZN2IO11IOException4initEiN6System6StringE+0x2d) [0x7bb95d]
ghul(_ZN2IO10FileStream16throwIOExceptionEN6System6StringEiN6System6StringE+0x105) [0x7b8f55]
ghul(_ZN2IO4File10openStreamEN6System6StringEiib+0x62) [0x81fed2]
ghul(_ZN6Driver4Main4initEv+0x7a5) [0x79d765]
ghul(_ZN6System7Startup4run1EN6System6ObjectE+0xd) [0x827bad]
ghul(main+0x43) [0x739153]

</system-err>
</testcase>
<testcase name="parse-incomplete-class-5" time="0.011" classname="parse-incomplete-class-5">
<failure type="compiler error mismatch" message="compiler error mismatch">
1d0
&lt; cases/parse-incomplete-class-5/test.ghul: 6,1..6,2: error: syntax error: expected ] but found si
</failure>
<system-err>IO.IOException: open &quot;../lib/ghul.ghul&quot;: No such file or directory (2)
ghul(_ZN2IO11IOException4initEiN6System6StringE+0x2d) [0x7bb95d]
ghul(_ZN2IO10FileStream16throwIOExceptionEN6System6StringEiN6System6StringE+0x105) [0x7b8f55]
ghul(_ZN2IO4File10openStreamEN6System6StringEiib+0x62) [0x81fed2]
ghul(_ZN6Driver4Main4initEv+0x7a5) [0x79d765]
ghul(_ZN6System7Startup4run1EN6System6ObjectE+0xd) [0x827bad]
ghul(main+0x43) [0x739153]

</system-err>
</testcase>
<testcase name="parse-incomplete-class-6" time="0.012" classname="parse-incomplete-class-6">
<failure type="compiler error mismatch" message="compiler error mismatch">
1d0
&lt; cases/parse-incomplete-class-6/test.ghul: 6,1..6,2: error: syntax error: expected is but found si
</failure>
<system-err>IO.IOException: open &quot;../lib/ghul.ghul&quot;: No such file or directory (2)
ghul(_ZN2IO11IOException4initEiN6System6StringE+0x2d) [0x7bb95d]
ghul(_ZN2IO10FileStream16throwIOExceptionEN6System6StringEiN6System6StringE+0x105) [0x7b8f55]
ghul(_ZN2IO4File10openStreamEN6System6StringEiib+0x62) [0x81fed2]
ghul(_ZN6Driver4Main4initEv+0x7a5) [0x79d765]
ghul(_ZN6System7Startup4run1EN6System6ObjectE+0xd) [0x827bad]
ghul(main+0x43) [0x739153]

</system-err>
</testcase>
<testcase name="parse-incomplete-class-7" time="0.012" classname="parse-incomplete-class-7">
<failure type="compiler error mismatch" message="compiler error mismatch">
1d0
&lt; cases/parse-incomplete-class-7/test.ghul: 6,1..6,2: error: in type expression: expected ( or identifier but found si
</failure>
<system-err>IO.IOException: open &quot;../lib/ghul.ghul&quot;: No such file or directory (2)
ghul(_ZN2IO11IOException4initEiN6System6StringE+0x2d) [0x7bb95d]
ghul(_ZN2IO10FileStream16throwIOExceptionEN6System6StringEiN6System6StringE+0x105) [0x7b8f55]
ghul(_ZN2IO4File10openStreamEN6System6StringEiib+0x62) [0x81fed2]
ghul(_ZN6Driver4Main4initEv+0x7a5) [0x79d765]
ghul(_ZN6System7Startup4run1EN6System6ObjectE+0xd) [0x827bad]
ghul(main+0x43) [0x739153]

</system-err>
</testcase>
<testcase name="parse-incomplete-class-8" time="0.012" classname="parse-incomplete-class-8">
<failure type="compiler error mismatch" message="compiler error mismatch">
1,2d0
&lt; cases/parse-incomplete-class-8/test.ghul: 5,22..6,2: error: expected 2 type arguments
&lt; cases/parse-incomplete-class-8/test.ghul: 6,1..6,2: error: in type expression: expected ( or identifier but found si
</failure>
<system-err>IO.IOException: open &quot;../lib/ghul.ghul&quot;: No such file or directory (2)
ghul(_ZN2IO11IOException4initEiN6System6StringE+0x2d) [0x7bb95d]
ghul(_ZN2IO10FileStream16throwIOExceptionEN6System6StringEiN6System6StringE+0x105) [0x7b8f55]
ghul(_ZN2IO4File10openStreamEN6System6StringEiib+0x62) [0x81fed2]
ghul(_ZN6Driver4Main4initEv+0x7a5) [0x79d765]
ghul(_ZN6System7Startup4run1EN6System6ObjectE+0xd) [0x827bad]
ghul(main+0x43) [0x739153]

</system-err>
</testcase>
<testcase name="parse-incomplete-class-9" time="0.011" classname="parse-incomplete-class-9">
<failure type="compiler error mismatch" message="compiler error mismatch">
1,2d0
&lt; cases/parse-incomplete-class-9/test.ghul: 5,22..6,2: error: expected 2 type arguments
&lt; cases/parse-incomplete-class-9/test.ghul: 6,1..6,2: error: in type expression: expected ] but found si
</failure>
<system-err>IO.IOException: open &quot;../lib/ghul.ghul&quot;: No such file or directory (2)
ghul(_ZN2IO11IOException4initEiN6System6StringE+0x2d) [0x7bb95d]
ghul(_ZN2IO10FileStream16throwIOExceptionEN6System6StringEiN6System6StringE+0x105) [0x7b8f55]
ghul(_ZN2IO4File10openStreamEN6System6StringEiib+0x62) [0x81fed2]
ghul(_ZN6Driver4Main4initEv+0x7a5) [0x79d765]
ghul(_ZN6System7Startup4run1EN6System6ObjectE+0xd) [0x827bad]
ghul(main+0x43) [0x739153]

</system-err>
</testcase>
<testcase name="parse-incomplete-enum-10" time="0.012" classname="parse-incomplete-enum-10">
<failure type="compiler error mismatch" message="compiler error mismatch">
1d0
&lt; cases/parse-incomplete-enum-10/test.ghul: 8,5..8,10: error: in identifier: expected identifier but found class
</failure>
<system-err>IO.IOException: open &quot;../lib/ghul.ghul&quot;: No such file or directory (2)
ghul(_ZN2IO11IOException4initEiN6System6StringE+0x2d) [0x7bb95d]
ghul(_ZN2IO10FileStream16throwIOExceptionEN6System6StringEiN6System6StringE+0x105) [0x7b8f55]
ghul(_ZN2IO4File10openStreamEN6System6StringEiib+0x62) [0x81fed2]
ghul(_ZN6Driver4Main4initEv+0x7a5) [0x79d765]
ghul(_ZN6System7Startup4run1EN6System6ObjectE+0xd) [0x827bad]
ghul(main+0x43) [0x739153]

</system-err>
</testcase>
<testcase name="parse-incomplete-enum-1" time="0.012" classname="parse-incomplete-enum-1">
<failure type="compiler error mismatch" message="compiler error mismatch">
1d0
&lt; cases/parse-incomplete-enum-1/test.ghul: 6,1..6,2: error: in identifier: expected identifier but found si
</failure>
<system-err>IO.IOException: open &quot;../lib/ghul.ghul&quot;: No such file or directory (2)
ghul(_ZN2IO11IOException4initEiN6System6StringE+0x2d) [0x7bb95d]
ghul(_ZN2IO10FileStream16throwIOExceptionEN6System6StringEiN6System6StringE+0x105) [0x7b8f55]
ghul(_ZN2IO4File10openStreamEN6System6StringEiib+0x62) [0x81fed2]
ghul(_ZN6Driver4Main4initEv+0x7a5) [0x79d765]
ghul(_ZN6System7Startup4run1EN6System6ObjectE+0xd) [0x827bad]
ghul(main+0x43) [0x739153]

</system-err>
</testcase>
<testcase name="parse-incomplete-enum-2" time="0.011" classname="parse-incomplete-enum-2">
<failure type="compiler error mismatch" message="compiler error mismatch">
1d0
&lt; cases/parse-incomplete-enum-2/test.ghul: 6,1..6,2: error: syntax error: expected is but found si
</failure>
<system-err>IO.IOException: open &quot;../lib/ghul.ghul&quot;: No such file or directory (2)
ghul(_ZN2IO11IOException4initEiN6System6StringE+0x2d) [0x7bb95d]
ghul(_ZN2IO10FileStream16throwIOExceptionEN6System6StringEiN6System6StringE+0x105) [0x7b8f55]
ghul(_ZN2IO4File10openStreamEN6System6StringEiib+0x62) [0x81fed2]
ghul(_ZN6Driver4Main4initEv+0x7a5) [0x79d765]
ghul(_ZN6System7Startup4run1EN6System6ObjectE+0xd) [0x827bad]
ghul(main+0x43) [0x739153]

</system-err>
</testcase>
<testcase name="parse-incomplete-enum-3" time="0.014" classname="parse-incomplete-enum-3">
<failure type="compiler error mismatch" message="compiler error mismatch">
1d0
&lt; cases/parse-incomplete-enum-3/test.ghul: 7,1..7,3: error: syntax error: expected si but found end of input
</failure>
<system-err>IO.IOException: open &quot;../lib/ghul.ghul&quot;: No such file or directory (2)
ghul(_ZN2IO11IOException4initEiN6System6StringE+0x2d) [0x7bb95d]
ghul(_ZN2IO10FileStream16throwIOExceptionEN6System6StringEiN6System6StringE+0x105) [0x7b8f55]
ghul(_ZN2IO4File10openStreamEN6System6StringEiib+0x62) [0x81fed2]
ghul(_ZN6Driver4Main4initEv+0x7a5) [0x79d765]
ghul(_ZN6System7Startup4run1EN6System6ObjectE+0xd) [0x827bad]
ghul(main+0x43) [0x739153]

</system-err>
</testcase>
<testcase name="parse-incomplete-enum-4" time="0.012" classname="parse-incomplete-enum-4">
<failure type="compiler error mismatch" message="compiler error mismatch">
1d0
&lt; cases/parse-incomplete-enum-4/test.ghul: 7,1..7,2: error: in identifier: expected identifier but found si
</failure>
<system-err>IO.IOException: open &quot;../lib/ghul.ghul&quot;: No such file or directory (2)
ghul(_ZN2IO11IOException4initEiN6System6StringE+0x2d) [0x7bb95d]
ghul(_ZN2IO10FileStream16throwIOExceptionEN6System6StringEiN6System6StringE+0x105) [0x7b8f55]
ghul(_ZN2IO4File10openStreamEN6System6StringEiib+0x62) [0x81fed2]
ghul(_ZN6Driver4Main4initEv+0x7a5) [0x79d765]
ghul(_ZN6System7Startup4run1EN6System6ObjectE+0xd) [0x827bad]
ghul(main+0x43) [0x739153]

</system-err>
</testcase>
<testcase name="parse-incomplete-enum-5" time="0.012" classname="parse-incomplete-enum-5">
<failure type="compiler error mismatch" message="compiler error mismatch">
1d0
&lt; cases/parse-incomplete-enum-5/test.ghul: 8,1..8,3: error: syntax error: expected si but found end of input
</failure>
<system-err>IO.IOException: open &quot;../lib/ghul.ghul&quot;: No such file or directory (2)
ghul(_ZN2IO11IOException4initEiN6System6StringE+0x2d) [0x7bb95d]
ghul(_ZN2IO10FileStream16throwIOExceptionEN6System6StringEiN6System6StringE+0x105) [0x7b8f55]
ghul(_ZN2IO4File10openStreamEN6System6StringEiib+0x62) [0x81fed2]
ghul(_ZN6Driver4Main4initEv+0x7a5) [0x79d765]
ghul(_ZN6System7Startup4run1EN6System6ObjectE+0xd) [0x827bad]
ghul(main+0x43) [0x739153]

</system-err>
</testcase>
<testcase name="parse-incomplete-enum-6" time="0.012" classname="parse-incomplete-enum-6">
<failure type="compiler error mismatch" message="compiler error mismatch">
1d0
&lt; cases/parse-incomplete-enum-6/test.ghul: 8,1..8,2: error: in primary expression: expected (, [, cast, char literal, identifier, int literal, isa, native, new, none, null, self, string literal or super but found si
</failure>
<system-err>IO.IOException: open &quot;../lib/ghul.ghul&quot;: No such file or directory (2)
ghul(_ZN2IO11IOException4initEiN6System6StringE+0x2d) [0x7bb95d]
ghul(_ZN2IO10FileStream16throwIOExceptionEN6System6StringEiN6System6StringE+0x105) [0x7b8f55]
ghul(_ZN2IO4File10openStreamEN6System6StringEiib+0x62) [0x81fed2]
ghul(_ZN6Driver4Main4initEv+0x7a5) [0x79d765]
ghul(_ZN6System7Startup4run1EN6System6ObjectE+0xd) [0x827bad]
ghul(main+0x43) [0x739153]

</system-err>
</testcase>
<testcase name="parse-incomplete-enum-7" time="0.012" classname="parse-incomplete-enum-7">
<failure type="compiler error mismatch" message="compiler error mismatch">
1d0
&lt; cases/parse-incomplete-enum-7/test.ghul: 7,5..7,10: error: in identifier: expected identifier but found class
</failure>
<system-err>IO.IOException: open &quot;../lib/ghul.ghul&quot;: No such file or directory (2)
ghul(_ZN2IO11IOException4initEiN6System6StringE+0x2d) [0x7bb95d]
ghul(_ZN2IO10FileStream16throwIOExceptionEN6System6StringEiN6System6StringE+0x105) [0x7b8f55]
ghul(_ZN2IO4File10openStreamEN6System6StringEiib+0x62) [0x81fed2]
ghul(_ZN6Driver4Main4initEv+0x7a5) [0x79d765]
ghul(_ZN6System7Startup4run1EN6System6ObjectE+0xd) [0x827bad]
ghul(main+0x43) [0x739153]

</system-err>
</testcase>
<testcase name="parse-incomplete-enum-8" time="0.012" classname="parse-incomplete-enum-8">
<failure type="compiler error mismatch" message="compiler error mismatch">
1d0
&lt; cases/parse-incomplete-enum-8/test.ghul: 7,5..7,11: error: syntax error: expected is but found struct
</failure>
<system-err>IO.IOException: open &quot;../lib/ghul.ghul&quot;: No such file or directory (2)
ghul(_ZN2IO11IOException4initEiN6System6StringE+0x2d) [0x7bb95d]
ghul(_ZN2IO10FileStream16throwIOExceptionEN6System6StringEiN6System6StringE+0x105) [0x7b8f55]
ghul(_ZN2IO4File10openStreamEN6System6StringEiib+0x62) [0x81fed2]
ghul(_ZN6Driver4Main4initEv+0x7a5) [0x79d765]
ghul(_ZN6System7Startup4run1EN6System6ObjectE+0xd) [0x827bad]
ghul(main+0x43) [0x739153]

</system-err>
</testcase>
<testcase name="parse-incomplete-enum-9" time="0.012" classname="parse-incomplete-enum-9">
<failure type="compiler error mismatch" message="compiler error mismatch">
1d0
&lt; cases/parse-incomplete-enum-9/test.ghul: 7,5..7,9: error: in identifier: expected identifier but found enum
</failure>
<system-err>IO.IOException: open &quot;../lib/ghul.ghul&quot;: No such file or directory (2)
ghul(_ZN2IO11IOException4initEiN6System6StringE+0x2d) [0x7bb95d]
ghul(_ZN2IO10FileStream16throwIOExceptionEN6System6StringEiN6System6StringE+0x105) [0x7b8f55]
ghul(_ZN2IO4File10openStreamEN6System6StringEiib+0x62) [0x81fed2]
ghul(_ZN6Driver4Main4initEv+0x7a5) [0x79d765]
ghul(_ZN6System7Startup4run1EN6System6ObjectE+0xd) [0x827bad]
ghul(main+0x43) [0x739153]

</system-err>
</testcase>
<testcase name="parse-incomplete-function-1" time="0.012" classname="parse-incomplete-function-1">
<failure type="compiler error mismatch" message="compiler error mismatch">
1d0
&lt; cases/parse-incomplete-function-1/test.ghul: 6,5..6,7: error: syntax error: expected identifier but found si
</failure>
<system-err>IO.IOException: open &quot;../lib/ghul.ghul&quot;: No such file or directory (2)
ghul(_ZN2IO11IOException4initEiN6System6StringE+0x2d) [0x7bb95d]
ghul(_ZN2IO10FileStream16throwIOExceptionEN6System6StringEiN6System6StringE+0x105) [0x7b8f55]
ghul(_ZN2IO4File10openStreamEN6System6StringEiib+0x62) [0x81fed2]
ghul(_ZN6Driver4Main4initEv+0x7a5) [0x79d765]
ghul(_ZN6System7Startup4run1EN6System6ObjectE+0xd) [0x827bad]
ghul(main+0x43) [0x739153]

</system-err>
</testcase>
<testcase name="parse-incomplete-function-2" time="0.012" classname="parse-incomplete-function-2">
<failure type="compiler error mismatch" message="compiler error mismatch">
1,2d0
&lt; cases/parse-incomplete-function-2/test.ghul: 5,18..5,26: error: explicit argument type required
&lt; cases/parse-incomplete-function-2/test.ghul: 6,5..6,7: error: syntax error: expected ) but found si
</failure>
<system-err>IO.IOException: open &quot;../lib/ghul.ghul&quot;: No such file or directory (2)
ghul(_ZN2IO11IOException4initEiN6System6StringE+0x2d) [0x7bb95d]
ghul(_ZN2IO10FileStream16throwIOExceptionEN6System6StringEiN6System6StringE+0x105) [0x7b8f55]
ghul(_ZN2IO4File10openStreamEN6System6StringEiib+0x62) [0x81fed2]
ghul(_ZN6Driver4Main4initEv+0x7a5) [0x79d765]
ghul(_ZN6System7Startup4run1EN6System6ObjectE+0xd) [0x827bad]
ghul(main+0x43) [0x739153]

</system-err>
</testcase>
<testcase name="parse-incomplete-function-3" time="0.012" classname="parse-incomplete-function-3">
<failure type="compiler error mismatch" message="compiler error mismatch">
1,2d0
&lt; cases/parse-incomplete-function-3/test.ghul: 6,5..6,7: error: in type expression: expected ( or identifier but found si
&lt; cases/parse-incomplete-function-3/test.ghul: 6,5..6,7: error: syntax error: expected ) but found si
</failure>
<system-err>IO.IOException: open &quot;../lib/ghul.ghul&quot;: No such file or directory (2)
ghul(_ZN2IO11IOException4initEiN6System6StringE+0x2d) [0x7bb95d]
ghul(_ZN2IO10FileStream16throwIOExceptionEN6System6StringEiN6System6StringE+0x105) [0x7b8f55]
ghul(_ZN2IO4File10openStreamEN6System6StringEiib+0x62) [0x81fed2]
ghul(_ZN6Driver4Main4initEv+0x7a5) [0x79d765]
ghul(_ZN6System7Startup4run1EN6System6ObjectE+0xd) [0x827bad]
ghul(main+0x43) [0x739153]

</system-err>
</testcase>
<testcase name="parse-incomplete-function-4" time="0.012" classname="parse-incomplete-function-4">
<failure type="compiler error mismatch" message="compiler error mismatch">
1d0
&lt; cases/parse-incomplete-function-4/test.ghul: 6,5..6,7: error: syntax error: expected ) but found si
</failure>
<system-err>IO.IOException: open &quot;../lib/ghul.ghul&quot;: No such file or directory (2)
ghul(_ZN2IO11IOException4initEiN6System6StringE+0x2d) [0x7bb95d]
ghul(_ZN2IO10FileStream16throwIOExceptionEN6System6StringEiN6System6StringE+0x105) [0x7b8f55]
ghul(_ZN2IO4File10openStreamEN6System6StringEiib+0x62) [0x81fed2]
ghul(_ZN6Driver4Main4initEv+0x7a5) [0x79d765]
ghul(_ZN6System7Startup4run1EN6System6ObjectE+0xd) [0x827bad]
ghul(main+0x43) [0x739153]

</system-err>
</testcase>
<testcase name="parse-incomplete-function-5" time="0.011" classname="parse-incomplete-function-5">
<failure type="compiler error mismatch" message="compiler error mismatch">
1d0
&lt; cases/parse-incomplete-function-5/test.ghul: 6,5..6,7: error: syntax error: expected ; but found si
</failure>
<system-err>IO.IOException: open &quot;../lib/ghul.ghul&quot;: No such file or directory (2)
ghul(_ZN2IO11IOException4initEiN6System6StringE+0x2d) [0x7bb95d]
ghul(_ZN2IO10FileStream16throwIOExceptionEN6System6StringEiN6System6StringE+0x105) [0x7b8f55]
ghul(_ZN2IO4File10openStreamEN6System6StringEiib+0x62) [0x81fed2]
ghul(_ZN6Driver4Main4initEv+0x7a5) [0x79d765]
ghul(_ZN6System7Startup4run1EN6System6ObjectE+0xd) [0x827bad]
ghul(main+0x43) [0x739153]

</system-err>
</testcase>
<testcase name="parse-incomplete-function-6" time="0.011" classname="parse-incomplete-function-6">
<failure type="compiler error mismatch" message="compiler error mismatch">
1d0
&lt; cases/parse-incomplete-function-6/test.ghul: 7,1..7,3: error: syntax error: expected si but found end of input
</failure>
<system-err>IO.IOException: open &quot;../lib/ghul.ghul&quot;: No such file or directory (2)
ghul(_ZN2IO11IOException4initEiN6System6StringE+0x2d) [0x7bb95d]
ghul(_ZN2IO10FileStream16throwIOExceptionEN6System6StringEiN6System6StringE+0x105) [0x7b8f55]
ghul(_ZN2IO4File10openStreamEN6System6StringEiib+0x62) [0x81fed2]
ghul(_ZN6Driver4Main4initEv+0x7a5) [0x79d765]
ghul(_ZN6System7Startup4run1EN6System6ObjectE+0xd) [0x827bad]
ghul(main+0x43) [0x739153]

</system-err>
</testcase>
<testcase name="parse-incomplete-function-7" time="0.011" classname="parse-incomplete-function-7">
<failure type="compiler error mismatch" message="compiler error mismatch">
1,2d0
&lt; cases/parse-incomplete-function-7/test.ghul: 5,28..5,30: error: in type expression: expected ( or identifier but found in
&lt; cases/parse-incomplete-function-7/test.ghul: 6,5..6,7: error: syntax error: expected ) but found si
</failure>
<system-err>IO.IOException: open &quot;../lib/ghul.ghul&quot;: No such file or directory (2)
ghul(_ZN2IO11IOException4initEiN6System6StringE+0x2d) [0x7bb95d]
ghul(_ZN2IO10FileStream16throwIOExceptionEN6System6StringEiN6System6StringE+0x105) [0x7b8f55]
ghul(_ZN2IO4File10openStreamEN6System6StringEiib+0x62) [0x81fed2]
ghul(_ZN6Driver4Main4initEv+0x7a5) [0x79d765]
ghul(_ZN6System7Startup4run1EN6System6ObjectE+0xd) [0x827bad]
ghul(main+0x43) [0x739153]

</system-err>
</testcase>
<testcase name="parse-incomplete-if-1" time="0.012" classname="parse-incomplete-if-1">
<failure type="compiler error mismatch" message="compiler error mismatch">
1,2d0
&lt; cases/parse-incomplete-if-1/test.ghul: 9,9..9,11: error: in primary expression: expected (, [, cast, char literal, identifier, int literal, isa, native, new, none, null, self, string literal or super but found si
&lt; cases/parse-incomplete-if-1/test.ghul: 9,9..9,11: error: syntax error: expected then but found si
</failure>
<system-err>IO.IOException: open &quot;../lib/ghul.ghul&quot;: No such file or directory (2)
ghul(_ZN2IO11IOException4initEiN6System6StringE+0x2d) [0x7bb95d]
ghul(_ZN2IO10FileStream16throwIOExceptionEN6System6StringEiN6System6StringE+0x105) [0x7b8f55]
ghul(_ZN2IO4File10openStreamEN6System6StringEiib+0x62) [0x81fed2]
ghul(_ZN6Driver4Main4initEv+0x7a5) [0x79d765]
ghul(_ZN6System7Startup4run1EN6System6ObjectE+0xd) [0x827bad]
ghul(main+0x43) [0x739153]

</system-err>
</testcase>
<testcase name="parse-incomplete-if-2" time="0.011" classname="parse-incomplete-if-2">
<failure type="compiler error mismatch" message="compiler error mismatch">
1d0
&lt; cases/parse-incomplete-if-2/test.ghul: 9,9..9,11: error: syntax error: expected then but found si
</failure>
<system-err>IO.IOException: open &quot;../lib/ghul.ghul&quot;: No such file or directory (2)
ghul(_ZN2IO11IOException4initEiN6System6StringE+0x2d) [0x7bb95d]
ghul(_ZN2IO10FileStream16throwIOExceptionEN6System6StringEiN6System6StringE+0x105) [0x7b8f55]
ghul(_ZN2IO4File10openStreamEN6System6StringEiib+0x62) [0x81fed2]
ghul(_ZN6Driver4Main4initEv+0x7a5) [0x79d765]
ghul(_ZN6System7Startup4run1EN6System6ObjectE+0xd) [0x827bad]
ghul(main+0x43) [0x739153]

</system-err>
</testcase>
<testcase name="parse-incomplete-if-3" time="0.011" classname="parse-incomplete-if-3">
<failure type="compiler error mismatch" message="compiler error mismatch">
1d0
&lt; cases/parse-incomplete-if-3/test.ghul: 9,9..9,11: error: syntax error: expected else but found si
</failure>
<system-err>IO.IOException: open &quot;../lib/ghul.ghul&quot;: No such file or directory (2)
ghul(_ZN2IO11IOException4initEiN6System6StringE+0x2d) [0x7bb95d]
ghul(_ZN2IO10FileStream16throwIOExceptionEN6System6StringEiN6System6StringE+0x105) [0x7b8f55]
ghul(_ZN2IO4File10openStreamEN6System6StringEiib+0x62) [0x81fed2]
ghul(_ZN6Driver4Main4initEv+0x7a5) [0x79d765]
ghul(_ZN6System7Startup4run1EN6System6ObjectE+0xd) [0x827bad]
ghul(main+0x43) [0x739153]

</system-err>
</testcase>
<testcase name="parse-incomplete-member" time="0.012" classname="parse-incomplete-member">
<failure type="compiler error mismatch" message="compiler error mismatch">
1d0
&lt; cases/parse-incomplete-member/test.ghul: 6,5..6,7: error: in member: expected :, ;, =&gt; or = but found si
</failure>
<system-err>IO.IOException: open &quot;../lib/ghul.ghul&quot;: No such file or directory (2)
ghul(_ZN2IO11IOException4initEiN6System6StringE+0x2d) [0x7bb95d]
ghul(_ZN2IO10FileStream16throwIOExceptionEN6System6StringEiN6System6StringE+0x105) [0x7b8f55]
ghul(_ZN2IO4File10openStreamEN6System6StringEiib+0x62) [0x81fed2]
ghul(_ZN6Driver4Main4initEv+0x7a5) [0x79d765]
ghul(_ZN6System7Startup4run1EN6System6ObjectE+0xd) [0x827bad]
ghul(main+0x43) [0x739153]

</system-err>
</testcase>
<testcase name="parse-incomplete-namespace-1" time="0.012" classname="parse-incomplete-namespace-1">
<failure type="compiler error mismatch" message="compiler error mismatch">
1d0
&lt; cases/parse-incomplete-namespace-1/test.ghul: 1,1..2,1: error: in qualified identifier: expected identifier but found end of input
</failure>
<system-err>IO.IOException: open &quot;../lib/ghul.ghul&quot;: No such file or directory (2)
ghul(_ZN2IO11IOException4initEiN6System6StringE+0x2d) [0x7bb95d]
ghul(_ZN2IO10FileStream16throwIOExceptionEN6System6StringEiN6System6StringE+0x105) [0x7b8f55]
ghul(_ZN2IO4File10openStreamEN6System6StringEiib+0x62) [0x81fed2]
ghul(_ZN6Driver4Main4initEv+0x7a5) [0x79d765]
ghul(_ZN6System7Startup4run1EN6System6ObjectE+0xd) [0x827bad]
ghul(main+0x43) [0x739153]

</system-err>
</testcase>
<testcase name="parse-incomplete-namespace-2" time="0.013" classname="parse-incomplete-namespace-2">
<failure type="compiler error mismatch" message="compiler error mismatch">
1d0
&lt; cases/parse-incomplete-namespace-2/test.ghul: 1,11..1,15: error: syntax error: expected is but found end of input
</failure>
<system-err>IO.IOException: open &quot;../lib/ghul.ghul&quot;: No such file or directory (2)
ghul(_ZN2IO11IOException4initEiN6System6StringE+0x2d) [0x7bb95d]
ghul(_ZN2IO10FileStream16throwIOExceptionEN6System6StringEiN6System6StringE+0x105) [0x7b8f55]
ghul(_ZN2IO4File10openStreamEN6System6StringEiib+0x62) [0x81fed2]
ghul(_ZN6Driver4Main4initEv+0x7a5) [0x79d765]
ghul(_ZN6System7Startup4run1EN6System6ObjectE+0xd) [0x827bad]
ghul(main+0x43) [0x739153]

</system-err>
</testcase>
<testcase name="parse-incomplete-namespace-3" time="0.011" classname="parse-incomplete-namespace-3">
<failure type="compiler error mismatch" message="compiler error mismatch">
1d0
&lt; cases/parse-incomplete-namespace-3/test.ghul: 1,15..1,16: error: in qualified identifier: expected identifier but found end of input
</failure>
<system-err>IO.IOException: open &quot;../lib/ghul.ghul&quot;: No such file or directory (2)
ghul(_ZN2IO11IOException4initEiN6System6StringE+0x2d) [0x7bb95d]
ghul(_ZN2IO10FileStream16throwIOExceptionEN6System6StringEiN6System6StringE+0x105) [0x7b8f55]
ghul(_ZN2IO4File10openStreamEN6System6StringEiib+0x62) [0x81fed2]
ghul(_ZN6Driver4Main4initEv+0x7a5) [0x79d765]
ghul(_ZN6System7Startup4run1EN6System6ObjectE+0xd) [0x827bad]
ghul(main+0x43) [0x739153]

</system-err>
</testcase>
<testcase name="parse-incomplete-namespace-4" time="0.011" classname="parse-incomplete-namespace-4">
<failure type="compiler error mismatch" message="compiler error mismatch">
1d0
&lt; cases/parse-incomplete-namespace-4/test.ghul: 1,16..1,20: error: syntax error: expected is but found end of input
</failure>
<system-err>IO.IOException: open &quot;../lib/ghul.ghul&quot;: No such file or directory (2)
ghul(_ZN2IO11IOException4initEiN6System6StringE+0x2d) [0x7bb95d]
ghul(_ZN2IO10FileStream16throwIOExceptionEN6System6StringEiN6System6StringE+0x105) [0x7b8f55]
ghul(_ZN2IO4File10openStreamEN6System6StringEiib+0x62) [0x81fed2]
ghul(_ZN6Driver4Main4initEv+0x7a5) [0x79d765]
ghul(_ZN6System7Startup4run1EN6System6ObjectE+0xd) [0x827bad]
ghul(main+0x43) [0x739153]

</system-err>
</testcase>
<testcase name="parse-incomplete-namespace-5" time="0.011" classname="parse-incomplete-namespace-5">
<failure type="compiler error mismatch" message="compiler error mismatch">
1d0
&lt; cases/parse-incomplete-namespace-5/test.ghul: 1,21..1,23: error: syntax error: expected si but found end of input
</failure>
<system-err>IO.IOException: open &quot;../lib/ghul.ghul&quot;: No such file or directory (2)
ghul(_ZN2IO11IOException4initEiN6System6StringE+0x2d) [0x7bb95d]
ghul(_ZN2IO10FileStream16throwIOExceptionEN6System6StringEiN6System6StringE+0x105) [0x7b8f55]
ghul(_ZN2IO4File10openStreamEN6System6StringEiib+0x62) [0x81fed2]
ghul(_ZN6Driver4Main4initEv+0x7a5) [0x79d765]
ghul(_ZN6System7Startup4run1EN6System6ObjectE+0xd) [0x827bad]
ghul(main+0x43) [0x739153]

</system-err>
</testcase>
<testcase name="parse-incomplete-namespace-6" time="0.011" classname="parse-incomplete-namespace-6">
<failure type="compiler error mismatch" message="compiler error mismatch">
1d0
&lt; cases/parse-incomplete-namespace-6/test.ghul: 1,17..1,18: error: in qualified identifier: expected identifier but found is
</failure>
<system-err>IO.IOException: open &quot;../lib/ghul.ghul&quot;: No such file or directory (2)
ghul(_ZN2IO11IOException4initEiN6System6StringE+0x2d) [0x7bb95d]
ghul(_ZN2IO10FileStream16throwIOExceptionEN6System6StringEiN6System6StringE+0x105) [0x7b8f55]
ghul(_ZN2IO4File10openStreamEN6System6StringEiib+0x62) [0x81fed2]
ghul(_ZN6Driver4Main4initEv+0x7a5) [0x79d765]
ghul(_ZN6System7Startup4run1EN6System6ObjectE+0xd) [0x827bad]
ghul(main+0x43) [0x739153]

</system-err>
</testcase>
<testcase name="parse-incomplete-namespace-7" time="0.011" classname="parse-incomplete-namespace-7">
<failure type="compiler error mismatch" message="compiler error mismatch">
1d0
&lt; cases/parse-incomplete-namespace-7/test.ghul: 1,17..1,19: error: in qualified identifier: expected identifier but found is
</failure>
<system-err>IO.IOException: open &quot;../lib/ghul.ghul&quot;: No such file or directory (2)
ghul(_ZN2IO11IOException4initEiN6System6StringE+0x2d) [0x7bb95d]
ghul(_ZN2IO10FileStream16throwIOExceptionEN6System6StringEiN6System6StringE+0x105) [0x7b8f55]
ghul(_ZN2IO4File10openStreamEN6System6StringEiib+0x62) [0x81fed2]
ghul(_ZN6Driver4Main4initEv+0x7a5) [0x79d765]
ghul(_ZN6System7Startup4run1EN6System6ObjectE+0xd) [0x827bad]
ghul(main+0x43) [0x739153]

</system-err>
</testcase>
<testcase name="parse-incomplete-property-10" time="0.012" classname="parse-incomplete-property-10">
<failure type="compiler error mismatch" message="compiler error mismatch">
1d0
&lt; cases/parse-incomplete-property-10/test.ghul: 6,5..6,7: error: syntax error: expected ; but found si
</failure>
<system-err>IO.IOException: open &quot;../lib/ghul.ghul&quot;: No such file or directory (2)
ghul(_ZN2IO11IOException4initEiN6System6StringE+0x2d) [0x7bb95d]
ghul(_ZN2IO10FileStream16throwIOExceptionEN6System6StringEiN6System6StringE+0x105) [0x7b8f55]
ghul(_ZN2IO4File10openStreamEN6System6StringEiib+0x62) [0x81fed2]
ghul(_ZN6Driver4Main4initEv+0x7a5) [0x79d765]
ghul(_ZN6System7Startup4run1EN6System6ObjectE+0xd) [0x827bad]
ghul(main+0x43) [0x739153]

</system-err>
</testcase>
<testcase name="parse-incomplete-property-11" time="0.012" classname="parse-incomplete-property-11">
<failure type="compiler error mismatch" message="compiler error mismatch">
1d0
&lt; cases/parse-incomplete-property-11/test.ghul: 6,5..6,7: error: unexpected input in property
</failure>
<system-err>IO.IOException: open &quot;../lib/ghul.ghul&quot;: No such file or directory (2)
ghul(_ZN2IO11IOException4initEiN6System6StringE+0x2d) [0x7bb95d]
ghul(_ZN2IO10FileStream16throwIOExceptionEN6System6StringEiN6System6StringE+0x105) [0x7b8f55]
ghul(_ZN2IO4File10openStreamEN6System6StringEiib+0x62) [0x81fed2]
ghul(_ZN6Driver4Main4initEv+0x7a5) [0x79d765]
ghul(_ZN6System7Startup4run1EN6System6ObjectE+0xd) [0x827bad]
ghul(main+0x43) [0x739153]

</system-err>
</testcase>
<testcase name="parse-incomplete-property-12" time="0.012" classname="parse-incomplete-property-12">
<failure type="compiler error mismatch" message="compiler error mismatch">
1,2d0
&lt; cases/parse-incomplete-property-12/test.ghul: 5,33..5,34: error: syntax error: expected si but found ,
&lt; cases/parse-incomplete-property-12/test.ghul: 6,5..6,7: error: unexpected input in property
</failure>
<system-err>IO.IOException: open &quot;../lib/ghul.ghul&quot;: No such file or directory (2)
ghul(_ZN2IO11IOException4initEiN6System6StringE+0x2d) [0x7bb95d]
ghul(_ZN2IO10FileStream16throwIOExceptionEN6System6StringEiN6System6StringE+0x105) [0x7b8f55]
ghul(_ZN2IO4File10openStreamEN6System6StringEiib+0x62) [0x81fed2]
ghul(_ZN6Driver4Main4initEv+0x7a5) [0x79d765]
ghul(_ZN6System7Startup4run1EN6System6ObjectE+0xd) [0x827bad]
ghul(main+0x43) [0x739153]

</system-err>
</testcase>
<testcase name="parse-incomplete-property-13" time="0.012" classname="parse-incomplete-property-13">
<failure type="compiler error mismatch" message="compiler error mismatch">
1d0
&lt; cases/parse-incomplete-property-13/test.ghul: 6,5..6,7: error: unexpected input in property
</failure>
<system-err>IO.IOException: open &quot;../lib/ghul.ghul&quot;: No such file or directory (2)
ghul(_ZN2IO11IOException4initEiN6System6StringE+0x2d) [0x7bb95d]
ghul(_ZN2IO10FileStream16throwIOExceptionEN6System6StringEiN6System6StringE+0x105) [0x7b8f55]
ghul(_ZN2IO4File10openStreamEN6System6StringEiib+0x62) [0x81fed2]
ghul(_ZN6Driver4Main4initEv+0x7a5) [0x79d765]
ghul(_ZN6System7Startup4run1EN6System6ObjectE+0xd) [0x827bad]
ghul(main+0x43) [0x739153]

</system-err>
</testcase>
<testcase name="parse-incomplete-property-14" time="0.012" classname="parse-incomplete-property-14">
<failure type="compiler error mismatch" message="compiler error mismatch">
1,2d0
&lt; cases/parse-incomplete-property-14/test.ghul: 6,5..6,7: error: in primary expression: expected (, [, cast, char literal, identifier, int literal, isa, native, new, none, null, self, string literal or super but found si
&lt; cases/parse-incomplete-property-14/test.ghul: 6,5..6,7: error: syntax error: expected ; but found si
</failure>
<system-err>IO.IOException: open &quot;../lib/ghul.ghul&quot;: No such file or directory (2)
ghul(_ZN2IO11IOException4initEiN6System6StringE+0x2d) [0x7bb95d]
ghul(_ZN2IO10FileStream16throwIOExceptionEN6System6StringEiN6System6StringE+0x105) [0x7b8f55]
ghul(_ZN2IO4File10openStreamEN6System6StringEiib+0x62) [0x81fed2]
ghul(_ZN6Driver4Main4initEv+0x7a5) [0x79d765]
ghul(_ZN6System7Startup4run1EN6System6ObjectE+0xd) [0x827bad]
ghul(main+0x43) [0x739153]

</system-err>
</testcase>
<testcase name="parse-incomplete-property-15" time="0.011" classname="parse-incomplete-property-15">
<failure type="compiler error mismatch" message="compiler error mismatch">
1,2d0
&lt; cases/parse-incomplete-property-15/test.ghul: 6,5..6,7: error: in primary expression: expected (, [, cast, char literal, identifier, int literal, isa, native, new, none, null, self, string literal or super but found si
&lt; cases/parse-incomplete-property-15/test.ghul: 6,5..6,7: error: syntax error: expected ; but found si
</failure>
<system-err>IO.IOException: open &quot;../lib/ghul.ghul&quot;: No such file or directory (2)
ghul(_ZN2IO11IOException4initEiN6System6StringE+0x2d) [0x7bb95d]
ghul(_ZN2IO10FileStream16throwIOExceptionEN6System6StringEiN6System6StringE+0x105) [0x7b8f55]
ghul(_ZN2IO4File10openStreamEN6System6StringEiib+0x62) [0x81fed2]
ghul(_ZN6Driver4Main4initEv+0x7a5) [0x79d765]
ghul(_ZN6System7Startup4run1EN6System6ObjectE+0xd) [0x827bad]
ghul(main+0x43) [0x739153]

</system-err>
</testcase>
<testcase name="parse-incomplete-property-16" time="0.011" classname="parse-incomplete-property-16">
<failure type="compiler error mismatch" message="compiler error mismatch">
1d0
&lt; cases/parse-incomplete-property-16/test.ghul: 6,5..6,7: error: syntax error: expected ; but found si
</failure>
<system-err>IO.IOException: open &quot;../lib/ghul.ghul&quot;: No such file or directory (2)
ghul(_ZN2IO11IOException4initEiN6System6StringE+0x2d) [0x7bb95d]
ghul(_ZN2IO10FileStream16throwIOExceptionEN6System6StringEiN6System6StringE+0x105) [0x7b8f55]
ghul(_ZN2IO4File10openStreamEN6System6StringEiib+0x62) [0x81fed2]
ghul(_ZN6Driver4Main4initEv+0x7a5) [0x79d765]
ghul(_ZN6System7Startup4run1EN6System6ObjectE+0xd) [0x827bad]
ghul(main+0x43) [0x739153]

</system-err>
</testcase>
<testcase name="parse-incomplete-property-17" time="0.011" classname="parse-incomplete-property-17">
<failure type="compiler error mismatch" message="compiler error mismatch">
1d0
&lt; cases/parse-incomplete-property-17/test.ghul: 5,19..5,20: error: in type expression: expected ( or identifier but found =
</failure>
<system-err>IO.IOException: open &quot;../lib/ghul.ghul&quot;: No such file or directory (2)
ghul(_ZN2IO11IOException4initEiN6System6StringE+0x2d) [0x7bb95d]
ghul(_ZN2IO10FileStream16throwIOExceptionEN6System6StringEiN6System6StringE+0x105) [0x7b8f55]
ghul(_ZN2IO4File10openStreamEN6System6StringEiib+0x62) [0x81fed2]
ghul(_ZN6Driver4Main4initEv+0x7a5) [0x79d765]
ghul(_ZN6System7Startup4run1EN6System6ObjectE+0xd) [0x827bad]
ghul(main+0x43) [0x739153]

</system-err>
</testcase>
<testcase name="parse-incomplete-property-1" time="0.011" classname="parse-incomplete-property-1">
<failure type="compiler error mismatch" message="compiler error mismatch">
1d0
&lt; cases/parse-incomplete-property-1/test.ghul: 6,5..6,7: error: in type expression: expected ( or identifier but found si
</failure>
<system-err>IO.IOException: open &quot;../lib/ghul.ghul&quot;: No such file or directory (2)
ghul(_ZN2IO11IOException4initEiN6System6StringE+0x2d) [0x7bb95d]
ghul(_ZN2IO10FileStream16throwIOExceptionEN6System6StringEiN6System6StringE+0x105) [0x7b8f55]
ghul(_ZN2IO4File10openStreamEN6System6StringEiib+0x62) [0x81fed2]
ghul(_ZN6Driver4Main4initEv+0x7a5) [0x79d765]
ghul(_ZN6System7Startup4run1EN6System6ObjectE+0xd) [0x827bad]
ghul(main+0x43) [0x739153]

</system-err>
</testcase>
<testcase name="parse-incomplete-property-2" time="0.011" classname="parse-incomplete-property-2">
<failure type="compiler error mismatch" message="compiler error mismatch">
1d0
&lt; cases/parse-incomplete-property-2/test.ghul: 6,5..6,7: error: unexpected input in property
</failure>
<system-err>IO.IOException: open &quot;../lib/ghul.ghul&quot;: No such file or directory (2)
ghul(_ZN2IO11IOException4initEiN6System6StringE+0x2d) [0x7bb95d]
ghul(_ZN2IO10FileStream16throwIOExceptionEN6System6StringEiN6System6StringE+0x105) [0x7b8f55]
ghul(_ZN2IO4File10openStreamEN6System6StringEiib+0x62) [0x81fed2]
ghul(_ZN6Driver4Main4initEv+0x7a5) [0x79d765]
ghul(_ZN6System7Startup4run1EN6System6ObjectE+0xd) [0x827bad]
ghul(main+0x43) [0x739153]

</system-err>
</testcase>
<testcase name="parse-incomplete-property-3" time="0.013" classname="parse-incomplete-property-3">
<failure type="compiler error mismatch" message="compiler error mismatch">
1,2d0
&lt; cases/parse-incomplete-property-3/test.ghul: 6,5..6,7: error: in primary expression: expected (, [, cast, char literal, identifier, int literal, isa, native, new, none, null, self, string literal or super but found si
&lt; cases/parse-incomplete-property-3/test.ghul: 6,5..6,7: error: syntax error: expected ; but found si
</failure>
<system-err>IO.IOException: open &quot;../lib/ghul.ghul&quot;: No such file or directory (2)
ghul(_ZN2IO11IOException4initEiN6System6StringE+0x2d) [0x7bb95d]
ghul(_ZN2IO10FileStream16throwIOExceptionEN6System6StringEiN6System6StringE+0x105) [0x7b8f55]
ghul(_ZN2IO4File10openStreamEN6System6StringEiib+0x62) [0x81fed2]
ghul(_ZN6Driver4Main4initEv+0x7a5) [0x79d765]
ghul(_ZN6System7Startup4run1EN6System6ObjectE+0xd) [0x827bad]
ghul(main+0x43) [0x739153]

</system-err>
</testcase>
<testcase name="parse-incomplete-property-4" time="0.011" classname="parse-incomplete-property-4">
<failure type="compiler error mismatch" message="compiler error mismatch">
1,2d0
&lt; cases/parse-incomplete-property-4/test.ghul: 6,5..6,7: error: in primary expression: expected (, [, cast, char literal, identifier, int literal, isa, native, new, none, null, self, string literal or super but found si
&lt; cases/parse-incomplete-property-4/test.ghul: 6,5..6,7: error: syntax error: expected ; but found si
</failure>
<system-err>IO.IOException: open &quot;../lib/ghul.ghul&quot;: No such file or directory (2)
ghul(_ZN2IO11IOException4initEiN6System6StringE+0x2d) [0x7bb95d]
ghul(_ZN2IO10FileStream16throwIOExceptionEN6System6StringEiN6System6StringE+0x105) [0x7b8f55]
ghul(_ZN2IO4File10openStreamEN6System6StringEiib+0x62) [0x81fed2]
ghul(_ZN6Driver4Main4initEv+0x7a5) [0x79d765]
ghul(_ZN6System7Startup4run1EN6System6ObjectE+0xd) [0x827bad]
ghul(main+0x43) [0x739153]

</system-err>
</testcase>
<testcase name="parse-incomplete-property-5" time="0.011" classname="parse-incomplete-property-5">
<failure type="compiler error mismatch" message="compiler error mismatch">
1d0
&lt; cases/parse-incomplete-property-5/test.ghul: 6,5..6,7: error: unexpected input in property
</failure>
<system-err>IO.IOException: open &quot;../lib/ghul.ghul&quot;: No such file or directory (2)
ghul(_ZN2IO11IOException4initEiN6System6StringE+0x2d) [0x7bb95d]
ghul(_ZN2IO10FileStream16throwIOExceptionEN6System6StringEiN6System6StringE+0x105) [0x7b8f55]
ghul(_ZN2IO4File10openStreamEN6System6StringEiib+0x62) [0x81fed2]
ghul(_ZN6Driver4Main4initEv+0x7a5) [0x79d765]
ghul(_ZN6System7Startup4run1EN6System6ObjectE+0xd) [0x827bad]
ghul(main+0x43) [0x739153]

</system-err>
</testcase>
<testcase name="parse-incomplete-property-6" time="0.012" classname="parse-incomplete-property-6">
<failure type="compiler error mismatch" message="compiler error mismatch">
1,2d0
&lt; cases/parse-incomplete-property-6/test.ghul: 6,5..6,7: error: in identifier: expected identifier but found si
&lt; cases/parse-incomplete-property-6/test.ghul: 6,5..6,7: error: syntax error: expected ; but found si
</failure>
<system-err>IO.IOException: open &quot;../lib/ghul.ghul&quot;: No such file or directory (2)
ghul(_ZN2IO11IOException4initEiN6System6StringE+0x2d) [0x7bb95d]
ghul(_ZN2IO10FileStream16throwIOExceptionEN6System6StringEiN6System6StringE+0x105) [0x7b8f55]
ghul(_ZN2IO4File10openStreamEN6System6StringEiib+0x62) [0x81fed2]
ghul(_ZN6Driver4Main4initEv+0x7a5) [0x79d765]
ghul(_ZN6System7Startup4run1EN6System6ObjectE+0xd) [0x827bad]
ghul(main+0x43) [0x739153]

</system-err>
</testcase>
<testcase name="parse-incomplete-property-7" time="0.011" classname="parse-incomplete-property-7">
<failure type="compiler error mismatch" message="compiler error mismatch">
1d0
&lt; cases/parse-incomplete-property-7/test.ghul: 6,5..6,7: error: syntax error: expected ; but found si
</failure>
<system-err>IO.IOException: open &quot;../lib/ghul.ghul&quot;: No such file or directory (2)
ghul(_ZN2IO11IOException4initEiN6System6StringE+0x2d) [0x7bb95d]
ghul(_ZN2IO10FileStream16throwIOExceptionEN6System6StringEiN6System6StringE+0x105) [0x7b8f55]
ghul(_ZN2IO4File10openStreamEN6System6StringEiib+0x62) [0x81fed2]
ghul(_ZN6Driver4Main4initEv+0x7a5) [0x79d765]
ghul(_ZN6System7Startup4run1EN6System6ObjectE+0xd) [0x827bad]
ghul(main+0x43) [0x739153]

</system-err>
</testcase>
<testcase name="parse-incomplete-property-8" time="0.011" classname="parse-incomplete-property-8">
<failure type="compiler error mismatch" message="compiler error mismatch">
1d0
&lt; cases/parse-incomplete-property-8/test.ghul: 7,1..8,1: error: syntax error: expected si but found end of input
</failure>
<system-err>IO.IOException: open &quot;../lib/ghul.ghul&quot;: No such file or directory (2)
ghul(_ZN2IO11IOException4initEiN6System6StringE+0x2d) [0x7bb95d]
ghul(_ZN2IO10FileStream16throwIOExceptionEN6System6StringEiN6System6StringE+0x105) [0x7b8f55]
ghul(_ZN2IO4File10openStreamEN6System6StringEiib+0x62) [0x81fed2]
ghul(_ZN6Driver4Main4initEv+0x7a5) [0x79d765]
ghul(_ZN6System7Startup4run1EN6System6ObjectE+0xd) [0x827bad]
ghul(main+0x43) [0x739153]

</system-err>
</testcase>
<testcase name="parse-incomplete-property-9" time="0.011" classname="parse-incomplete-property-9">
<failure type="compiler error mismatch" message="compiler error mismatch">
1,2d0
&lt; cases/parse-incomplete-property-9/test.ghul: 6,5..6,7: error: in identifier: expected identifier but found si
&lt; cases/parse-incomplete-property-9/test.ghul: 6,5..6,7: error: syntax error: expected ; but found si
</failure>
<system-err>IO.IOException: open &quot;../lib/ghul.ghul&quot;: No such file or directory (2)
ghul(_ZN2IO11IOException4initEiN6System6StringE+0x2d) [0x7bb95d]
ghul(_ZN2IO10FileStream16throwIOExceptionEN6System6StringEiN6System6StringE+0x105) [0x7b8f55]
ghul(_ZN2IO4File10openStreamEN6System6StringEiib+0x62) [0x81fed2]
ghul(_ZN6Driver4Main4initEv+0x7a5) [0x79d765]
ghul(_ZN6System7Startup4run1EN6System6ObjectE+0xd) [0x827bad]
ghul(main+0x43) [0x739153]

</system-err>
</testcase>
<testcase name="parse-incomplete-trait-1" time="0.012" classname="parse-incomplete-trait-1">
<failure type="compiler error mismatch" message="compiler error mismatch">
1d0
&lt; cases/parse-incomplete-trait-1/test.ghul: 6,1..6,2: error: in type expression: expected ( or identifier but found si
</failure>
<system-err>IO.IOException: open &quot;../lib/ghul.ghul&quot;: No such file or directory (2)
ghul(_ZN2IO11IOException4initEiN6System6StringE+0x2d) [0x7bb95d]
ghul(_ZN2IO10FileStream16throwIOExceptionEN6System6StringEiN6System6StringE+0x105) [0x7b8f55]
ghul(_ZN2IO4File10openStreamEN6System6StringEiib+0x62) [0x81fed2]
ghul(_ZN6Driver4Main4initEv+0x7a5) [0x79d765]
ghul(_ZN6System7Startup4run1EN6System6ObjectE+0xd) [0x827bad]
ghul(main+0x43) [0x739153]

</system-err>
</testcase>
<testcase name="parse-incomplete-type-1" time="0.011" classname="parse-incomplete-type-1">
<failure type="compiler error mismatch" message="compiler error mismatch">
1d0
&lt; cases/parse-incomplete-type-1/test.ghul: 4,5..4,7: error: in qualified identifier: expected identifier but found si
</failure>
<system-err>IO.IOException: open &quot;../lib/ghul.ghul&quot;: No such file or directory (2)
ghul(_ZN2IO11IOException4initEiN6System6StringE+0x2d) [0x7bb95d]
ghul(_ZN2IO10FileStream16throwIOExceptionEN6System6StringEiN6System6StringE+0x105) [0x7b8f55]
ghul(_ZN2IO4File10openStreamEN6System6StringEiib+0x62) [0x81fed2]
ghul(_ZN6Driver4Main4initEv+0x7a5) [0x79d765]
ghul(_ZN6System7Startup4run1EN6System6ObjectE+0xd) [0x827bad]
ghul(main+0x43) [0x739153]

</system-err>
</testcase>
<testcase name="parse-incomplete-use-1" time="0.011" classname="parse-incomplete-use-1">
<failure type="compiler error mismatch" message="compiler error mismatch">
1d0
&lt; cases/parse-incomplete-use-1/test.ghul: 3,1..3,3: error: in qualified identifier: expected identifier but found si
</failure>
<system-err>IO.IOException: open &quot;../lib/ghul.ghul&quot;: No such file or directory (2)
ghul(_ZN2IO11IOException4initEiN6System6StringE+0x2d) [0x7bb95d]
ghul(_ZN2IO10FileStream16throwIOExceptionEN6System6StringEiN6System6StringE+0x105) [0x7b8f55]
ghul(_ZN2IO4File10openStreamEN6System6StringEiib+0x62) [0x81fed2]
ghul(_ZN6Driver4Main4initEv+0x7a5) [0x79d765]
ghul(_ZN6System7Startup4run1EN6System6ObjectE+0xd) [0x827bad]
ghul(main+0x43) [0x739153]

</system-err>
</testcase>
<testcase name="parse-incomplete-use-2" time="0.011" classname="parse-incomplete-use-2">
<failure type="compiler error mismatch" message="compiler error mismatch">
1d0
&lt; cases/parse-incomplete-use-2/test.ghul: 3,1..3,3: error: syntax error: expected ; but found si
</failure>
<system-err>IO.IOException: open &quot;../lib/ghul.ghul&quot;: No such file or directory (2)
ghul(_ZN2IO11IOException4initEiN6System6StringE+0x2d) [0x7bb95d]
ghul(_ZN2IO10FileStream16throwIOExceptionEN6System6StringEiN6System6StringE+0x105) [0x7b8f55]
ghul(_ZN2IO4File10openStreamEN6System6StringEiib+0x62) [0x81fed2]
ghul(_ZN6Driver4Main4initEv+0x7a5) [0x79d765]
ghul(_ZN6System7Startup4run1EN6System6ObjectE+0xd) [0x827bad]
ghul(main+0x43) [0x739153]

</system-err>
</testcase>
<testcase name="parse-incomplete-use-3" time="0.011" classname="parse-incomplete-use-3">
<failure type="compiler error mismatch" message="compiler error mismatch">
1,2d0
&lt; cases/parse-incomplete-use-3/test.ghul: 3,1..3,3: error: in qualified identifier: expected identifier but found si
&lt; cases/parse-incomplete-use-3/test.ghul: 3,1..3,3: error: syntax error: expected ; but found si
</failure>
<system-err>IO.IOException: open &quot;../lib/ghul.ghul&quot;: No such file or directory (2)
ghul(_ZN2IO11IOException4initEiN6System6StringE+0x2d) [0x7bb95d]
ghul(_ZN2IO10FileStream16throwIOExceptionEN6System6StringEiN6System6StringE+0x105) [0x7b8f55]
ghul(_ZN2IO4File10openStreamEN6System6StringEiib+0x62) [0x81fed2]
ghul(_ZN6Driver4Main4initEv+0x7a5) [0x79d765]
ghul(_ZN6System7Startup4run1EN6System6ObjectE+0xd) [0x827bad]
ghul(main+0x43) [0x739153]

</system-err>
</testcase>
<testcase name="parse-incomplete-use-4" time="0.011" classname="parse-incomplete-use-4">
<failure type="compiler error mismatch" message="compiler error mismatch">
1d0
&lt; cases/parse-incomplete-use-4/test.ghul: 3,1..3,3: error: syntax error: expected ; but found si
</failure>
<system-err>IO.IOException: open &quot;../lib/ghul.ghul&quot;: No such file or directory (2)
ghul(_ZN2IO11IOException4initEiN6System6StringE+0x2d) [0x7bb95d]
ghul(_ZN2IO10FileStream16throwIOExceptionEN6System6StringEiN6System6StringE+0x105) [0x7b8f55]
ghul(_ZN2IO4File10openStreamEN6System6StringEiib+0x62) [0x81fed2]
ghul(_ZN6Driver4Main4initEv+0x7a5) [0x79d765]
ghul(_ZN6System7Startup4run1EN6System6ObjectE+0xd) [0x827bad]
ghul(main+0x43) [0x739153]

</system-err>
</testcase>
<testcase name="parse-incomplete-use-5" time="0.011" classname="parse-incomplete-use-5">
<failure type="compiler error mismatch" message="compiler error mismatch">
1,2d0
&lt; cases/parse-incomplete-use-5/test.ghul: 13,15..13,27: error: member doesNotExist not found in Test.Test
&lt; cases/parse-incomplete-use-5/test.ghul: 7,5..7,10: error: in qualified identifier: expected identifier but found class
</failure>
<system-err>IO.IOException: open &quot;../lib/ghul.ghul&quot;: No such file or directory (2)
ghul(_ZN2IO11IOException4initEiN6System6StringE+0x2d) [0x7bb95d]
ghul(_ZN2IO10FileStream16throwIOExceptionEN6System6StringEiN6System6StringE+0x105) [0x7b8f55]
ghul(_ZN2IO4File10openStreamEN6System6StringEiib+0x62) [0x81fed2]
ghul(_ZN6Driver4Main4initEv+0x7a5) [0x79d765]
ghul(_ZN6System7Startup4run1EN6System6ObjectE+0xd) [0x827bad]
ghul(main+0x43) [0x739153]

</system-err>
</testcase>
<testcase name="parse-incomplete-use-6" time="0.011" classname="parse-incomplete-use-6">
<failure type="compiler error mismatch" message="compiler error mismatch">
1d0
&lt; cases/parse-incomplete-use-6/test.ghul: 5,5..5,8: error: in qualified identifier: expected identifier but found use
</failure>
<system-err>IO.IOException: open &quot;../lib/ghul.ghul&quot;: No such file or directory (2)
ghul(_ZN2IO11IOException4initEiN6System6StringE+0x2d) [0x7bb95d]
ghul(_ZN2IO10FileStream16throwIOExceptionEN6System6StringEiN6System6StringE+0x105) [0x7b8f55]
ghul(_ZN2IO4File10openStreamEN6System6StringEiib+0x62) [0x81fed2]
ghul(_ZN6Driver4Main4initEv+0x7a5) [0x79d765]
ghul(_ZN6System7Startup4run1EN6System6ObjectE+0xd) [0x827bad]
ghul(main+0x43) [0x739153]

</system-err>
</testcase>
<testcase name="parse-incomplete-use-7" time="0.011" classname="parse-incomplete-use-7">
<failure type="compiler error mismatch" message="compiler error mismatch">
1,2d0
&lt; cases/parse-incomplete-use-7/test.ghul: 4,5..4,8: error: syntax error: expected ; but found use
&lt; cases/parse-incomplete-use-7/test.ghul: 6,5..6,10: error: syntax error: expected ; but found class
</failure>
<system-err>IO.IOException: open &quot;../lib/ghul.ghul&quot;: No such file or directory (2)
ghul(_ZN2IO11IOException4initEiN6System6StringE+0x2d) [0x7bb95d]
ghul(_ZN2IO10FileStream16throwIOExceptionEN6System6StringEiN6System6StringE+0x105) [0x7b8f55]
ghul(_ZN2IO4File10openStreamEN6System6StringEiib+0x62) [0x81fed2]
ghul(_ZN6Driver4Main4initEv+0x7a5) [0x79d765]
ghul(_ZN6System7Startup4run1EN6System6ObjectE+0xd) [0x827bad]
ghul(main+0x43) [0x739153]

</system-err>
</testcase>
<testcase name="parse-incomplete-variable-10" time="0.011" classname="parse-incomplete-variable-10">
<failure type="compiler error mismatch" message="compiler error mismatch">
1,2d0
&lt; cases/parse-incomplete-variable-10/test.ghul: 6,25..6,27: error: in type expression: expected ( or identifier but found in
&lt; cases/parse-incomplete-variable-10/test.ghul: 7,9..7,11: error: syntax error: expected ; but found si
</failure>
<system-err>IO.IOException: open &quot;../lib/ghul.ghul&quot;: No such file or directory (2)
ghul(_ZN2IO11IOException4initEiN6System6StringE+0x2d) [0x7bb95d]
ghul(_ZN2IO10FileStream16throwIOExceptionEN6System6StringEiN6System6StringE+0x105) [0x7b8f55]
ghul(_ZN2IO4File10openStreamEN6System6StringEiib+0x62) [0x81fed2]
ghul(_ZN6Driver4Main4initEv+0x7a5) [0x79d765]
ghul(_ZN6System7Startup4run1EN6System6ObjectE+0xd) [0x827bad]
ghul(main+0x43) [0x739153]

</system-err>
</testcase>
<testcase name="parse-incomplete-variable-1" time="0.014" classname="parse-incomplete-variable-1">
<failure type="compiler error mismatch" message="compiler error mismatch">
1,2d0
&lt; cases/parse-incomplete-variable-1/test.ghul: 7,9..7,11: error: syntax error: expected ; but found si
&lt; cases/parse-incomplete-variable-1/test.ghul: 7,9..7,11: error: syntax error: expected identifier but found si
</failure>
<system-err>IO.IOException: open &quot;../lib/ghul.ghul&quot;: No such file or directory (2)
ghul(_ZN2IO11IOException4initEiN6System6StringE+0x2d) [0x7bb95d]
ghul(_ZN2IO10FileStream16throwIOExceptionEN6System6StringEiN6System6StringE+0x105) [0x7b8f55]
ghul(_ZN2IO4File10openStreamEN6System6StringEiib+0x62) [0x81fed2]
ghul(_ZN6Driver4Main4initEv+0x7a5) [0x79d765]
ghul(_ZN6System7Startup4run1EN6System6ObjectE+0xd) [0x827bad]
ghul(main+0x43) [0x739153]

</system-err>
</testcase>
<testcase name="parse-incomplete-variable-2" time="0.011" classname="parse-incomplete-variable-2">
<failure type="compiler error mismatch" message="compiler error mismatch">
1,2d0
&lt; cases/parse-incomplete-variable-2/test.ghul: 6,17..6,18: error: variable must have explict type or initializer
&lt; cases/parse-incomplete-variable-2/test.ghul: 7,9..7,11: error: syntax error: expected ; but found si
</failure>
<system-err>IO.IOException: open &quot;../lib/ghul.ghul&quot;: No such file or directory (2)
ghul(_ZN2IO11IOException4initEiN6System6StringE+0x2d) [0x7bb95d]
ghul(_ZN2IO10FileStream16throwIOExceptionEN6System6StringEiN6System6StringE+0x105) [0x7b8f55]
ghul(_ZN2IO4File10openStreamEN6System6StringEiib+0x62) [0x81fed2]
ghul(_ZN6Driver4Main4initEv+0x7a5) [0x79d765]
ghul(_ZN6System7Startup4run1EN6System6ObjectE+0xd) [0x827bad]
ghul(main+0x43) [0x739153]

</system-err>
</testcase>
<testcase name="parse-incomplete-variable-3" time="0.011" classname="parse-incomplete-variable-3">
<failure type="compiler error mismatch" message="compiler error mismatch">
1d0
&lt; cases/parse-incomplete-variable-3/test.ghul: 7,9..7,11: error: syntax error: expected ; but found si
</failure>
<system-err>IO.IOException: open &quot;../lib/ghul.ghul&quot;: No such file or directory (2)
ghul(_ZN2IO11IOException4initEiN6System6StringE+0x2d) [0x7bb95d]
ghul(_ZN2IO10FileStream16throwIOExceptionEN6System6StringEiN6System6StringE+0x105) [0x7b8f55]
ghul(_ZN2IO4File10openStreamEN6System6StringEiib+0x62) [0x81fed2]
ghul(_ZN6Driver4Main4initEv+0x7a5) [0x79d765]
ghul(_ZN6System7Startup4run1EN6System6ObjectE+0xd) [0x827bad]
ghul(main+0x43) [0x739153]

</system-err>
</testcase>
<testcase name="parse-incomplete-variable-4" time="0.011" classname="parse-incomplete-variable-4">
<failure type="compiler error mismatch" message="compiler error mismatch">
1,2d0
&lt; cases/parse-incomplete-variable-4/test.ghul: 7,9..7,11: error: in type expression: expected ( or identifier but found si
&lt; cases/parse-incomplete-variable-4/test.ghul: 7,9..7,11: error: syntax error: expected ; but found si
</failure>
<system-err>IO.IOException: open &quot;../lib/ghul.ghul&quot;: No such file or directory (2)
ghul(_ZN2IO11IOException4initEiN6System6StringE+0x2d) [0x7bb95d]
ghul(_ZN2IO10FileStream16throwIOExceptionEN6System6StringEiN6System6StringE+0x105) [0x7b8f55]
ghul(_ZN2IO4File10openStreamEN6System6StringEiib+0x62) [0x81fed2]
ghul(_ZN6Driver4Main4initEv+0x7a5) [0x79d765]
ghul(_ZN6System7Startup4run1EN6System6ObjectE+0xd) [0x827bad]
ghul(main+0x43) [0x739153]

</system-err>
</testcase>
<testcase name="parse-incomplete-variable-5" time="0.011" classname="parse-incomplete-variable-5">
<failure type="compiler error mismatch" message="compiler error mismatch">
1,2d0
&lt; cases/parse-incomplete-variable-5/test.ghul: 7,9..7,11: error: in primary expression: expected (, [, cast, char literal, identifier, int literal, isa, native, new, none, null, self, string literal or super but found si
&lt; cases/parse-incomplete-variable-5/test.ghul: 7,9..7,11: error: syntax error: expected ; but found si
</failure>
<system-err>IO.IOException: open &quot;../lib/ghul.ghul&quot;: No such file or directory (2)
ghul(_ZN2IO11IOException4initEiN6System6StringE+0x2d) [0x7bb95d]
ghul(_ZN2IO10FileStream16throwIOExceptionEN6System6StringEiN6System6StringE+0x105) [0x7b8f55]
ghul(_ZN2IO4File10openStreamEN6System6StringEiib+0x62) [0x81fed2]
ghul(_ZN6Driver4Main4initEv+0x7a5) [0x79d765]
ghul(_ZN6System7Startup4run1EN6System6ObjectE+0xd) [0x827bad]
ghul(main+0x43) [0x739153]

</system-err>
</testcase>
<testcase name="parse-incomplete-variable-6" time="0.011" classname="parse-incomplete-variable-6">
<failure type="compiler error mismatch" message="compiler error mismatch">
1,2d0
&lt; cases/parse-incomplete-variable-6/test.ghul: 7,9..7,11: error: in primary expression: expected (, [, cast, char literal, identifier, int literal, isa, native, new, none, null, self, string literal or super but found si
&lt; cases/parse-incomplete-variable-6/test.ghul: 7,9..7,11: error: syntax error: expected ; but found si
</failure>
<system-err>IO.IOException: open &quot;../lib/ghul.ghul&quot;: No such file or directory (2)
ghul(_ZN2IO11IOException4initEiN6System6StringE+0x2d) [0x7bb95d]
ghul(_ZN2IO10FileStream16throwIOExceptionEN6System6StringEiN6System6StringE+0x105) [0x7b8f55]
ghul(_ZN2IO4File10openStreamEN6System6StringEiib+0x62) [0x81fed2]
ghul(_ZN6Driver4Main4initEv+0x7a5) [0x79d765]
ghul(_ZN6System7Startup4run1EN6System6ObjectE+0xd) [0x827bad]
ghul(main+0x43) [0x739153]

</system-err>
</testcase>
<testcase name="parse-incomplete-variable-7" time="0.011" classname="parse-incomplete-variable-7">
<failure type="compiler error mismatch" message="compiler error mismatch">
1d0
&lt; cases/parse-incomplete-variable-7/test.ghul: 7,9..7,11: error: syntax error: expected ; but found si
</failure>
<system-err>IO.IOException: open &quot;../lib/ghul.ghul&quot;: No such file or directory (2)
ghul(_ZN2IO11IOException4initEiN6System6StringE+0x2d) [0x7bb95d]
ghul(_ZN2IO10FileStream16throwIOExceptionEN6System6StringEiN6System6StringE+0x105) [0x7b8f55]
ghul(_ZN2IO4File10openStreamEN6System6StringEiib+0x62) [0x81fed2]
ghul(_ZN6Driver4Main4initEv+0x7a5) [0x79d765]
ghul(_ZN6System7Startup4run1EN6System6ObjectE+0xd) [0x827bad]
ghul(main+0x43) [0x739153]

</system-err>
</testcase>
<testcase name="parse-incomplete-variable-8" time="0.013" classname="parse-incomplete-variable-8">
<failure type="compiler error mismatch" message="compiler error mismatch">
1,2d0
&lt; cases/parse-incomplete-variable-8/test.ghul: 7,9..7,11: error: in type expression: expected ( or identifier but found si
&lt; cases/parse-incomplete-variable-8/test.ghul: 7,9..7,11: error: syntax error: expected ; but found si
</failure>
<system-err>IO.IOException: open &quot;../lib/ghul.ghul&quot;: No such file or directory (2)
ghul(_ZN2IO11IOException4initEiN6System6StringE+0x2d) [0x7bb95d]
ghul(_ZN2IO10FileStream16throwIOExceptionEN6System6StringEiN6System6StringE+0x105) [0x7b8f55]
ghul(_ZN2IO4File10openStreamEN6System6StringEiib+0x62) [0x81fed2]
ghul(_ZN6Driver4Main4initEv+0x7a5) [0x79d765]
ghul(_ZN6System7Startup4run1EN6System6ObjectE+0xd) [0x827bad]
ghul(main+0x43) [0x739153]

</system-err>
</testcase>
<testcase name="parse-incomplete-variable-9" time="0.011" classname="parse-incomplete-variable-9">
<failure type="compiler error mismatch" message="compiler error mismatch">
1,2d0
&lt; cases/parse-incomplete-variable-9/test.ghul: 6,20..6,22: error: in type expression: expected ( or identifier but found in
&lt; cases/parse-incomplete-variable-9/test.ghul: 7,9..7,11: error: syntax error: expected ; but found si
</failure>
<system-err>IO.IOException: open &quot;../lib/ghul.ghul&quot;: No such file or directory (2)
ghul(_ZN2IO11IOException4initEiN6System6StringE+0x2d) [0x7bb95d]
ghul(_ZN2IO10FileStream16throwIOExceptionEN6System6StringEiN6System6StringE+0x105) [0x7b8f55]
ghul(_ZN2IO4File10openStreamEN6System6StringEiib+0x62) [0x81fed2]
ghul(_ZN6Driver4Main4initEv+0x7a5) [0x79d765]
ghul(_ZN6System7Startup4run1EN6System6ObjectE+0xd) [0x827bad]
ghul(main+0x43) [0x739153]

</system-err>
</testcase>
<testcase name="parse-single-arg-lambda-with-parens" time="0.011" classname="parse-single-arg-lambda-with-parens">
<failure type="build" message="build">
unexpected build failure
</failure>
<system-err>IO.IOException: open &quot;../lib/ghul.ghul&quot;: No such file or directory (2)
ghul(_ZN2IO11IOException4initEiN6System6StringE+0x2d) [0x7bb95d]
ghul(_ZN2IO10FileStream16throwIOExceptionEN6System6StringEiN6System6StringE+0x105) [0x7b8f55]
ghul(_ZN2IO4File10openStreamEN6System6StringEiib+0x62) [0x81fed2]
ghul(_ZN6Driver4Main4initEv+0x7a5) [0x79d765]
ghul(_ZN6System7Startup4run1EN6System6ObjectE+0xd) [0x827bad]
ghul(main+0x43) [0x739153]

</system-err>
</testcase>
<testcase name="parse-unary" time="0.011" classname="parse-unary">
</testcase>
<testcase name="range" time="3.873" classname="range">
<failure type="test output mismatch" message="test output mismatch">
1,371c1,13
&lt; range exclusive -3..-3 =&gt; -3..-3
&lt; range inclusive -3::-3 =&gt; -3::-3
&lt; -3 of -3::-3
&lt; range exclusive -3..-2 =&gt; -3..-2
&lt; -3 of -3..-2
&lt; range inclusive -3::-2 =&gt; -3::-2
&lt; -3 of -3::-2
&lt; -2 of -3::-2
&lt; range exclusive -3..-1 =&gt; -3..-1
&lt; -3 of -3..-1
&lt; -2 of -3..-1
&lt; range inclusive -3::-1 =&gt; -3::-1
&lt; -3 of -3::-1
&lt; -2 of -3::-1
&lt; -1 of -3::-1
&lt; range exclusive -3..0 =&gt; -3..0
&lt; -3 of -3..0
&lt; -2 of -3..0
&lt; -1 of -3..0
&lt; range inclusive -3::0 =&gt; -3::0
&lt; -3 of -3::0
&lt; -2 of -3::0
&lt; -1 of -3::0
&lt; 0 of -3::0
&lt; range exclusive -3..1 =&gt; -3..1
&lt; -3 of -3..1
&lt; -2 of -3..1
&lt; -1 of -3..1
&lt; 0 of -3..1
&lt; range inclusive -3::1 =&gt; -3::1
&lt; -3 of -3::1
&lt; -2 of -3::1
&lt; -1 of -3::1
&lt; 0 of -3::1
&lt; 1 of -3::1
&lt; range exclusive -3..2 =&gt; -3..2
&lt; -3 of -3..2
&lt; -2 of -3..2
&lt; -1 of -3..2
&lt; 0 of -3..2
&lt; 1 of -3..2
&lt; range inclusive -3::2 =&gt; -3::2
&lt; -3 of -3::2
&lt; -2 of -3::2
&lt; -1 of -3::2
&lt; 0 of -3::2
&lt; 1 of -3::2
&lt; 2 of -3::2
&lt; range exclusive -3..3 =&gt; -3..3
&lt; -3 of -3..3
&lt; -2 of -3..3
&lt; -1 of -3..3
&lt; 0 of -3..3
&lt; 1 of -3..3
&lt; 2 of -3..3
&lt; range inclusive -3::3 =&gt; -3::3
&lt; -3 of -3::3
&lt; -2 of -3::3
&lt; -1 of -3::3
&lt; 0 of -3::3
&lt; 1 of -3::3
&lt; 2 of -3::3
&lt; 3 of -3::3
&lt; range exclusive -2..-3 =&gt; -2..-3
&lt; -2 of -2..-3
&lt; range inclusive -2::-3 =&gt; -2::-3
&lt; -2 of -2::-3
&lt; -3 of -2::-3
&lt; range exclusive -2..-2 =&gt; -2..-2
&lt; range inclusive -2::-2 =&gt; -2::-2
&lt; -2 of -2::-2
&lt; range exclusive -2..-1 =&gt; -2..-1
&lt; -2 of -2..-1
&lt; range inclusive -2::-1 =&gt; -2::-1
&lt; -2 of -2::-1
&lt; -1 of -2::-1
&lt; range exclusive -2..0 =&gt; -2..0
&lt; -2 of -2..0
&lt; -1 of -2..0
&lt; range inclusive -2::0 =&gt; -2::0
&lt; -2 of -2::0
&lt; -1 of -2::0
&lt; 0 of -2::0
&lt; range exclusive -2..1 =&gt; -2..1
&lt; -2 of -2..1
&lt; -1 of -2..1
&lt; 0 of -2..1
&lt; range inclusive -2::1 =&gt; -2::1
&lt; -2 of -2::1
&lt; -1 of -2::1
&lt; 0 of -2::1
&lt; 1 of -2::1
&lt; range exclusive -2..2 =&gt; -2..2
&lt; -2 of -2..2
&lt; -1 of -2..2
&lt; 0 of -2..2
&lt; 1 of -2..2
&lt; range inclusive -2::2 =&gt; -2::2
&lt; -2 of -2::2
&lt; -1 of -2::2
&lt; 0 of -2::2
&lt; 1 of -2::2
&lt; 2 of -2::2
&lt; range exclusive -2..3 =&gt; -2..3
&lt; -2 of -2..3
&lt; -1 of -2..3
&lt; 0 of -2..3
&lt; 1 of -2..3
&lt; 2 of -2..3
&lt; range inclusive -2::3 =&gt; -2::3
&lt; -2 of -2::3
&lt; -1 of -2::3
&lt; 0 of -2::3
&lt; 1 of -2::3
&lt; 2 of -2::3
&lt; 3 of -2::3
&lt; range exclusive -1..-3 =&gt; -1..-3
&lt; -1 of -1..-3
&lt; -2 of -1..-3
&lt; range inclusive -1::-3 =&gt; -1::-3
&lt; -1 of -1::-3
&lt; -2 of -1::-3
&lt; -3 of -1::-3
&lt; range exclusive -1..-2 =&gt; -1..-2
&lt; -1 of -1..-2
&lt; range inclusive -1::-2 =&gt; -1::-2
&lt; -1 of -1::-2
&lt; -2 of -1::-2
&lt; range exclusive -1..-1 =&gt; -1..-1
&lt; range inclusive -1::-1 =&gt; -1::-1
&lt; -1 of -1::-1
&lt; range exclusive -1..0 =&gt; -1..0
&lt; -1 of -1..0
&lt; range inclusive -1::0 =&gt; -1::0
&lt; -1 of -1::0
&lt; 0 of -1::0
&lt; range exclusive -1..1 =&gt; -1..1
&lt; -1 of -1..1
&lt; 0 of -1..1
&lt; range inclusive -1::1 =&gt; -1::1
&lt; -1 of -1::1
&lt; 0 of -1::1
&lt; 1 of -1::1
&lt; range exclusive -1..2 =&gt; -1..2
&lt; -1 of -1..2
&lt; 0 of -1..2
&lt; 1 of -1..2
&lt; range inclusive -1::2 =&gt; -1::2
&lt; -1 of -1::2
&lt; 0 of -1::2
&lt; 1 of -1::2
&lt; 2 of -1::2
&lt; range exclusive -1..3 =&gt; -1..3
&lt; -1 of -1..3
&lt; 0 of -1..3
&lt; 1 of -1..3
&lt; 2 of -1..3
&lt; range inclusive -1::3 =&gt; -1::3
&lt; -1 of -1::3
&lt; 0 of -1::3
&lt; 1 of -1::3
&lt; 2 of -1::3
&lt; 3 of -1::3
&lt; range exclusive 0..-3 =&gt; 0..-3
&lt; 0 of 0..-3
&lt; -1 of 0..-3
&lt; -2 of 0..-3
&lt; range inclusive 0::-3 =&gt; 0::-3
&lt; 0 of 0::-3
&lt; -1 of 0::-3
&lt; -2 of 0::-3
&lt; -3 of 0::-3
&lt; range exclusive 0..-2 =&gt; 0..-2
&lt; 0 of 0..-2
&lt; -1 of 0..-2
&lt; range inclusive 0::-2 =&gt; 0::-2
&lt; 0 of 0::-2
&lt; -1 of 0::-2
&lt; -2 of 0::-2
&lt; range exclusive 0..-1 =&gt; 0..-1
&lt; 0 of 0..-1
&lt; range inclusive 0::-1 =&gt; 0::-1
&lt; 0 of 0::-1
&lt; -1 of 0::-1
&lt; range exclusive 0..0 =&gt; 0..0
&lt; range inclusive 0::0 =&gt; 0::0
&lt; 0 of 0::0
&lt; range exclusive 0..1 =&gt; 0..1
&lt; 0 of 0..1
&lt; range inclusive 0::1 =&gt; 0::1
&lt; 0 of 0::1
&lt; 1 of 0::1
&lt; range exclusive 0..2 =&gt; 0..2
&lt; 0 of 0..2
&lt; 1 of 0..2
&lt; range inclusive 0::2 =&gt; 0::2
&lt; 0 of 0::2
&lt; 1 of 0::2
&lt; 2 of 0::2
&lt; range exclusive 0..3 =&gt; 0..3
&lt; 0 of 0..3
&lt; 1 of 0..3
&lt; 2 of 0..3
&lt; range inclusive 0::3 =&gt; 0::3
&lt; 0 of 0::3
&lt; 1 of 0::3
&lt; 2 of 0::3
&lt; 3 of 0::3
&lt; range exclusive 1..-3 =&gt; 1..-3
&lt; 1 of 1..-3
&lt; 0 of 1..-3
&lt; -1 of 1..-3
&lt; -2 of 1..-3
&lt; range inclusive 1::-3 =&gt; 1::-3
&lt; 1 of 1::-3
&lt; 0 of 1::-3
&lt; -1 of 1::-3
&lt; -2 of 1::-3
&lt; -3 of 1::-3
&lt; range exclusive 1..-2 =&gt; 1..-2
&lt; 1 of 1..-2
&lt; 0 of 1..-2
&lt; -1 of 1..-2
&lt; range inclusive 1::-2 =&gt; 1::-2
&lt; 1 of 1::-2
&lt; 0 of 1::-2
&lt; -1 of 1::-2
&lt; -2 of 1::-2
&lt; range exclusive 1..-1 =&gt; 1..-1
&lt; 1 of 1..-1
&lt; 0 of 1..-1
&lt; range inclusive 1::-1 =&gt; 1::-1
&lt; 1 of 1::-1
&lt; 0 of 1::-1
&lt; -1 of 1::-1
&lt; range exclusive 1..0 =&gt; 1..0
&lt; 1 of 1..0
&lt; range inclusive 1::0 =&gt; 1::0
&lt; 1 of 1::0
&lt; 0 of 1::0
&lt; range exclusive 1..1 =&gt; 1..1
&lt; range inclusive 1::1 =&gt; 1::1
&lt; 1 of 1::1
&lt; range exclusive 1..2 =&gt; 1..2
&lt; 1 of 1..2
&lt; range inclusive 1::2 =&gt; 1::2
&lt; 1 of 1::2
&lt; 2 of 1::2
&lt; range exclusive 1..3 =&gt; 1..3
&lt; 1 of 1..3
&lt; 2 of 1..3
&lt; range inclusive 1::3 =&gt; 1::3
&lt; 1 of 1::3
&lt; 2 of 1::3
&lt; 3 of 1::3
&lt; range exclusive 2..-3 =&gt; 2..-3
&lt; 2 of 2..-3
&lt; 1 of 2..-3
&lt; 0 of 2..-3
&lt; -1 of 2..-3
&lt; -2 of 2..-3
&lt; range inclusive 2::-3 =&gt; 2::-3
&lt; 2 of 2::-3
&lt; 1 of 2::-3
&lt; 0 of 2::-3
&lt; -1 of 2::-3
&lt; -2 of 2::-3
&lt; -3 of 2::-3
&lt; range exclusive 2..-2 =&gt; 2..-2
&lt; 2 of 2..-2
&lt; 1 of 2..-2
&lt; 0 of 2..-2
&lt; -1 of 2..-2
&lt; range inclusive 2::-2 =&gt; 2::-2
&lt; 2 of 2::-2
&lt; 1 of 2::-2
&lt; 0 of 2::-2
&lt; -1 of 2::-2
&lt; -2 of 2::-2
&lt; range exclusive 2..-1 =&gt; 2..-1
&lt; 2 of 2..-1
&lt; 1 of 2..-1
&lt; 0 of 2..-1
&lt; range inclusive 2::-1 =&gt; 2::-1
&lt; 2 of 2::-1
&lt; 1 of 2::-1
&lt; 0 of 2::-1
&lt; -1 of 2::-1
&lt; range exclusive 2..0 =&gt; 2..0
&lt; 2 of 2..0
&lt; 1 of 2..0
&lt; range inclusive 2::0 =&gt; 2::0
&lt; 2 of 2::0
&lt; 1 of 2::0
&lt; 0 of 2::0
&lt; range exclusive 2..1 =&gt; 2..1
&lt; 2 of 2..1
&lt; range inclusive 2::1 =&gt; 2::1
&lt; 2 of 2::1
&lt; 1 of 2::1
&lt; range exclusive 2..2 =&gt; 2..2
&lt; range inclusive 2::2 =&gt; 2::2
&lt; 2 of 2::2
&lt; range exclusive 2..3 =&gt; 2..3
&lt; 2 of 2..3
&lt; range inclusive 2::3 =&gt; 2::3
&lt; 2 of 2::3
&lt; 3 of 2::3
&lt; range exclusive 3..-3 =&gt; 3..-3
&lt; 3 of 3..-3
&lt; 2 of 3..-3
&lt; 1 of 3..-3
&lt; 0 of 3..-3
&lt; -1 of 3..-3
&lt; -2 of 3..-3
&lt; range inclusive 3::-3 =&gt; 3::-3
&lt; 3 of 3::-3
&lt; 2 of 3::-3
&lt; 1 of 3::-3
&lt; 0 of 3::-3
&lt; -1 of 3::-3
&lt; -2 of 3::-3
&lt; -3 of 3::-3
&lt; range exclusive 3..-2 =&gt; 3..-2
&lt; 3 of 3..-2
&lt; 2 of 3..-2
&lt; 1 of 3..-2
&lt; 0 of 3..-2
&lt; -1 of 3..-2
&lt; range inclusive 3::-2 =&gt; 3::-2
&lt; 3 of 3::-2
&lt; 2 of 3::-2
&lt; 1 of 3::-2
&lt; 0 of 3::-2
&lt; -1 of 3::-2
&lt; -2 of 3::-2
&lt; range exclusive 3..-1 =&gt; 3..-1
&lt; 3 of 3..-1
&lt; 2 of 3..-1
&lt; 1 of 3..-1
&lt; 0 of 3..-1
&lt; range inclusive 3::-1 =&gt; 3::-1
&lt; 3 of 3::-1
&lt; 2 of 3::-1
&lt; 1 of 3::-1
&lt; 0 of 3::-1
&lt; -1 of 3::-1
&lt; range exclusive 3..0 =&gt; 3..0
&lt; 3 of 3..0
&lt; 2 of 3..0
&lt; 1 of 3..0
&lt; range inclusive 3::0 =&gt; 3::0
&lt; 3 of 3::0
&lt; 2 of 3::0
&lt; 1 of 3::0
&lt; 0 of 3::0
&lt; range exclusive 3..1 =&gt; 3..1
&lt; 3 of 3..1
&lt; 2 of 3..1
&lt; range inclusive 3::1 =&gt; 3::1
&lt; 3 of 3::1
&lt; 2 of 3::1
&lt; 1 of 3::1
&lt; range exclusive 3..2 =&gt; 3..2
&lt; 3 of 3..2
&lt; range inclusive 3::2 =&gt; 3::2
&lt; 3 of 3::2
&lt; 2 of 3::2
&lt; range exclusive 3..3 =&gt; 3..3
&lt; range inclusive 3::3 =&gt; 3::3
&lt; 3 of 3::3
---
&gt; uncaught exception System.Exception
&gt; 	execvp: binary: Unknown error 41392816
&gt; ../../tester/tester(_ZN6System9Exception13initBacktraceEv+0x3a) [0x4a489a]
&gt; ../../tester/tester(_ZN6System9Exception4initEN6System6StringE+0x22) [0x4a47e2]
&gt; ../../tester/tester(_ZN4Util7Process14throwUnixErrorEN6System6StringE+0x67) [0x4a0157]
&gt; ../../tester/tester(_ZN4Util7Process5spawnEPcPPcPPc+0x5e) [0x4a044e]
&gt; ../../tester/tester(_ZN4Util7Process5spawnEN6System6StringEA_N6System6StringEA_N6System6StringE+0x1c1) [0x4a0621]
&gt; ../../tester/tester(_ZN6Tester11TEST_RUNNER4testEv+0x908) [0x47f7a8]
&gt; ../../tester/tester(_ZN6Tester4Main4initEv+0x417) [0x491627]
&gt; ../../tester/tester(_ZN6System7Startup4run1EN6System6ObjectE+0x1f) [0x48a47f]
&gt; ../../tester/tester(__entry_point+0x20) [0x498ac0]
&gt; ../../tester/tester(main+0x29) [0x46df59]
&gt; 
</failure>
<system-out>uncaught exception System.Exception
	execvp: binary: Unknown error 41392816
../../tester/tester(_ZN6System9Exception13initBacktraceEv+0x3a) [0x4a489a]
../../tester/tester(_ZN6System9Exception4initEN6System6StringE+0x22) [0x4a47e2]
../../tester/tester(_ZN4Util7Process14throwUnixErrorEN6System6StringE+0x67) [0x4a0157]
../../tester/tester(_ZN4Util7Process5spawnEPcPPcPPc+0x5e) [0x4a044e]
../../tester/tester(_ZN4Util7Process5spawnEN6System6StringEA_N6System6StringEA_N6System6StringE+0x1c1) [0x4a0621]
../../tester/tester(_ZN6Tester11TEST_RUNNER4testEv+0x908) [0x47f7a8]
../../tester/tester(_ZN6Tester4Main4initEv+0x417) [0x491627]
../../tester/tester(_ZN6System7Startup4run1EN6System6ObjectE+0x1f) [0x48a47f]
../../tester/tester(__entry_point+0x20) [0x498ac0]
../../tester/tester(main+0x29) [0x46df59]

</system-out>
<system-err>System.Exception: execvp: /usr/bin/lc: Unknown error 62180728
ghul(_ZN4Util7Process14throwUnixErrorEN6System6StringE+0x74) [0x83c834]
ghul(_ZN4Util7Process5spawnEN6System6StringEA_N6System6StringEA_N6System6StringE+0x11d) [0x83cc0d]
ghul(_ZN4Util7Process3runEN6System6StringEA_N6System6StringEA_N6System6StringEb+0x59) [0x83cc89]
ghul(_ZN6Driver4Main4initEv+0xe03) [0x79ddc3]
ghul(_ZN6System7Startup4run1EN6System6ObjectE+0xd) [0x827bad]
ghul(main+0x43) [0x739153]

</system-err>
</testcase>
<testcase name="simple-case" time="3.840" classname="simple-case">
<failure type="test output mismatch" message="test output mismatch">
1,10c1,13
&lt; v is something else
&lt; v is 1
&lt; v is 2, 3 or 4
&lt; v is 2, 3 or 4
&lt; v is 2, 3 or 4
&lt; v is 5 or 6
&lt; v is 5 or 6
&lt; v is something else
&lt; v is 8
&lt; v is something else
---
&gt; uncaught exception System.Exception
&gt; 	execvp: binary: Unknown error 41435072
&gt; ../../tester/tester(_ZN6System9Exception13initBacktraceEv+0x3a) [0x4a489a]
&gt; ../../tester/tester(_ZN6System9Exception4initEN6System6StringE+0x22) [0x4a47e2]
&gt; ../../tester/tester(_ZN4Util7Process14throwUnixErrorEN6System6StringE+0x67) [0x4a0157]
&gt; ../../tester/tester(_ZN4Util7Process5spawnEPcPPcPPc+0x5e) [0x4a044e]
&gt; ../../tester/tester(_ZN4Util7Process5spawnEN6System6StringEA_N6System6StringEA_N6System6StringE+0x1c1) [0x4a0621]
&gt; ../../tester/tester(_ZN6Tester11TEST_RUNNER4testEv+0x908) [0x47f7a8]
&gt; ../../tester/tester(_ZN6Tester4Main4initEv+0x417) [0x491627]
&gt; ../../tester/tester(_ZN6System7Startup4run1EN6System6ObjectE+0x1f) [0x48a47f]
&gt; ../../tester/tester(__entry_point+0x20) [0x498ac0]
&gt; ../../tester/tester(main+0x29) [0x46df59]
&gt; 
</failure>
<system-out>uncaught exception System.Exception
	execvp: binary: Unknown error 41435072
../../tester/tester(_ZN6System9Exception13initBacktraceEv+0x3a) [0x4a489a]
../../tester/tester(_ZN6System9Exception4initEN6System6StringE+0x22) [0x4a47e2]
../../tester/tester(_ZN4Util7Process14throwUnixErrorEN6System6StringE+0x67) [0x4a0157]
../../tester/tester(_ZN4Util7Process5spawnEPcPPcPPc+0x5e) [0x4a044e]
../../tester/tester(_ZN4Util7Process5spawnEN6System6StringEA_N6System6StringEA_N6System6StringE+0x1c1) [0x4a0621]
../../tester/tester(_ZN6Tester11TEST_RUNNER4testEv+0x908) [0x47f7a8]
../../tester/tester(_ZN6Tester4Main4initEv+0x417) [0x491627]
../../tester/tester(_ZN6System7Startup4run1EN6System6ObjectE+0x1f) [0x48a47f]
../../tester/tester(__entry_point+0x20) [0x498ac0]
../../tester/tester(main+0x29) [0x46df59]

</system-out>
<system-err>System.Exception: execvp: /usr/bin/lc: Unknown error -1558450824
ghul(_ZN4Util7Process14throwUnixErrorEN6System6StringE+0x74) [0x83c834]
ghul(_ZN4Util7Process5spawnEN6System6StringEA_N6System6StringEA_N6System6StringE+0x11d) [0x83cc0d]
ghul(_ZN4Util7Process3runEN6System6StringEA_N6System6StringEA_N6System6StringEb+0x59) [0x83cc89]
ghul(_ZN6Driver4Main4initEv+0xe03) [0x79ddc3]
ghul(_ZN6System7Startup4run1EN6System6ObjectE+0xd) [0x827bad]
ghul(main+0x43) [0x739153]

</system-err>
</testcase>
<testcase name="simple-generic-inheritance" time="0.012" classname="simple-generic-inheritance">
<failure type="build" message="build">
unexpected build failure
</failure>
<failure type="compiler warning mismatch" message="compiler warning mismatch">
1,2d0
&lt; ./cases/simple-generic-inheritance/test.ghul: 21,0..22,0: warn: first statement in void Test.GenericInheritance.J[char].init(char) is not a call to super.init() or this.init() (in template Test.GenericInheritance.J[char])
&lt; ./cases/simple-generic-inheritance/test.ghul: 21,0..22,0: warn: first statement in void Test.GenericInheritance.J[int].init(int) is not a call to super.init() or this.init() (in template Test.GenericInheritance.J[int])
</failure>
<system-err>IO.IOException: open &quot;../lib/ghul.ghul&quot;: No such file or directory (2)
ghul(_ZN2IO11IOException4initEiN6System6StringE+0x2d) [0x7bb95d]
ghul(_ZN2IO10FileStream16throwIOExceptionEN6System6StringEiN6System6StringE+0x105) [0x7b8f55]
ghul(_ZN2IO4File10openStreamEN6System6StringEiib+0x62) [0x81fed2]
ghul(_ZN6Driver4Main4initEv+0x7a5) [0x79d765]
ghul(_ZN6System7Startup4run1EN6System6ObjectE+0xd) [0x827bad]
ghul(main+0x43) [0x739153]

</system-err>
</testcase>
<testcase name="simple-generic" time="0.011" classname="simple-generic">
</testcase>
<testcase name="simple-if" time="0.011" classname="simple-if">
<failure type="build" message="build">
unexpected build failure
</failure>
<system-err>IO.IOException: open &quot;../lib/ghul.ghul&quot;: No such file or directory (2)
ghul(_ZN2IO11IOException4initEiN6System6StringE+0x2d) [0x7bb95d]
ghul(_ZN2IO10FileStream16throwIOExceptionEN6System6StringEiN6System6StringE+0x105) [0x7b8f55]
ghul(_ZN2IO4File10openStreamEN6System6StringEiib+0x62) [0x81fed2]
ghul(_ZN6Driver4Main4initEv+0x7a5) [0x79d765]
ghul(_ZN6System7Startup4run1EN6System6ObjectE+0xd) [0x827bad]
ghul(main+0x43) [0x739153]

</system-err>
</testcase>
<testcase name="simple-indexer" time="3.894" classname="simple-indexer">
<failure type="test output mismatch" message="test output mismatch">
0a1,13
&gt; uncaught exception System.Exception
&gt; 	execvp: binary: Unknown error 41679632
&gt; ../../tester/tester(_ZN6System9Exception13initBacktraceEv+0x3a) [0x4a489a]
&gt; ../../tester/tester(_ZN6System9Exception4initEN6System6StringE+0x22) [0x4a47e2]
&gt; ../../tester/tester(_ZN4Util7Process14throwUnixErrorEN6System6StringE+0x67) [0x4a0157]
&gt; ../../tester/tester(_ZN4Util7Process5spawnEPcPPcPPc+0x5e) [0x4a044e]
&gt; ../../tester/tester(_ZN4Util7Process5spawnEN6System6StringEA_N6System6StringEA_N6System6StringE+0x1c1) [0x4a0621]
&gt; ../../tester/tester(_ZN6Tester11TEST_RUNNER4testEv+0x908) [0x47f7a8]
&gt; ../../tester/tester(_ZN6Tester4Main4initEv+0x417) [0x491627]
&gt; ../../tester/tester(_ZN6System7Startup4run1EN6System6ObjectE+0x1f) [0x48a47f]
&gt; ../../tester/tester(__entry_point+0x20) [0x498ac0]
&gt; ../../tester/tester(main+0x29) [0x46df59]
&gt; 
</failure>
<system-out>uncaught exception System.Exception
	execvp: binary: Unknown error 41679632
../../tester/tester(_ZN6System9Exception13initBacktraceEv+0x3a) [0x4a489a]
../../tester/tester(_ZN6System9Exception4initEN6System6StringE+0x22) [0x4a47e2]
../../tester/tester(_ZN4Util7Process14throwUnixErrorEN6System6StringE+0x67) [0x4a0157]
../../tester/tester(_ZN4Util7Process5spawnEPcPPcPPc+0x5e) [0x4a044e]
../../tester/tester(_ZN4Util7Process5spawnEN6System6StringEA_N6System6StringEA_N6System6StringE+0x1c1) [0x4a0621]
../../tester/tester(_ZN6Tester11TEST_RUNNER4testEv+0x908) [0x47f7a8]
../../tester/tester(_ZN6Tester4Main4initEv+0x417) [0x491627]
../../tester/tester(_ZN6System7Startup4run1EN6System6ObjectE+0x1f) [0x48a47f]
../../tester/tester(__entry_point+0x20) [0x498ac0]
../../tester/tester(main+0x29) [0x46df59]

</system-out>
<system-err>System.Exception: execvp: /usr/bin/lc: Unknown error -1932477064
ghul(_ZN4Util7Process14throwUnixErrorEN6System6StringE+0x74) [0x83c834]
ghul(_ZN4Util7Process5spawnEN6System6StringEA_N6System6StringEA_N6System6StringE+0x11d) [0x83cc0d]
ghul(_ZN4Util7Process3runEN6System6StringEA_N6System6StringEA_N6System6StringEb+0x59) [0x83cc89]
ghul(_ZN6Driver4Main4initEv+0xe03) [0x79ddc3]
ghul(_ZN6System7Startup4run1EN6System6ObjectE+0xd) [0x827bad]
ghul(main+0x43) [0x739153]

</system-err>
</testcase>
<testcase name="simple-isa" time="3.960" classname="simple-isa">
<failure type="test output mismatch" message="test output mismatch">
1,6c1,13
&lt; expected ba is an A
&lt; expected ca is an A
&lt; expected db is an A
&lt; expected ba is not an A
&lt; expected a is not a CA
&lt; expected a is not an DB
---
&gt; uncaught exception System.Exception
&gt; 	execvp: binary: Unknown error 41677760
&gt; ../../tester/tester(_ZN6System9Exception13initBacktraceEv+0x3a) [0x4a489a]
&gt; ../../tester/tester(_ZN6System9Exception4initEN6System6StringE+0x22) [0x4a47e2]
&gt; ../../tester/tester(_ZN4Util7Process14throwUnixErrorEN6System6StringE+0x67) [0x4a0157]
&gt; ../../tester/tester(_ZN4Util7Process5spawnEPcPPcPPc+0x5e) [0x4a044e]
&gt; ../../tester/tester(_ZN4Util7Process5spawnEN6System6StringEA_N6System6StringEA_N6System6StringE+0x1c1) [0x4a0621]
&gt; ../../tester/tester(_ZN6Tester11TEST_RUNNER4testEv+0x908) [0x47f7a8]
&gt; ../../tester/tester(_ZN6Tester4Main4initEv+0x417) [0x491627]
&gt; ../../tester/tester(_ZN6System7Startup4run1EN6System6ObjectE+0x1f) [0x48a47f]
&gt; ../../tester/tester(__entry_point+0x20) [0x498ac0]
&gt; ../../tester/tester(main+0x29) [0x46df59]
&gt; 
</failure>
<failure type="compiler warning mismatch" message="compiler warning mismatch">
1,3d0
&lt; ./cases/simple-isa/test.ghul: 39,0..40,0: warn: isa Test.SimpleOperators.A always evaluates to true here
&lt; ./cases/simple-isa/test.ghul: 45,0..46,0: warn: isa Test.SimpleOperators.A always evaluates to true here
&lt; ./cases/simple-isa/test.ghul: 51,0..52,0: warn: isa Test.SimpleOperators.A always evaluates to true here
</failure>
<system-out>uncaught exception System.Exception
	execvp: binary: Unknown error 41677760
../../tester/tester(_ZN6System9Exception13initBacktraceEv+0x3a) [0x4a489a]
../../tester/tester(_ZN6System9Exception4initEN6System6StringE+0x22) [0x4a47e2]
../../tester/tester(_ZN4Util7Process14throwUnixErrorEN6System6StringE+0x67) [0x4a0157]
../../tester/tester(_ZN4Util7Process5spawnEPcPPcPPc+0x5e) [0x4a044e]
../../tester/tester(_ZN4Util7Process5spawnEN6System6StringEA_N6System6StringEA_N6System6StringE+0x1c1) [0x4a0621]
../../tester/tester(_ZN6Tester11TEST_RUNNER4testEv+0x908) [0x47f7a8]
../../tester/tester(_ZN6Tester4Main4initEv+0x417) [0x491627]
../../tester/tester(_ZN6System7Startup4run1EN6System6ObjectE+0x1f) [0x48a47f]
../../tester/tester(__entry_point+0x20) [0x498ac0]
../../tester/tester(main+0x29) [0x46df59]

</system-out>
<system-err>System.Exception: execvp: /usr/bin/lc: Unknown error 1963253112
ghul(_ZN4Util7Process14throwUnixErrorEN6System6StringE+0x74) [0x83c834]
ghul(_ZN4Util7Process5spawnEN6System6StringEA_N6System6StringEA_N6System6StringE+0x11d) [0x83cc0d]
ghul(_ZN4Util7Process3runEN6System6StringEA_N6System6StringEA_N6System6StringEb+0x59) [0x83cc89]
ghul(_ZN6Driver4Main4initEv+0xe03) [0x79ddc3]
ghul(_ZN6System7Startup4run1EN6System6ObjectE+0xd) [0x827bad]
ghul(main+0x43) [0x739153]

</system-err>
</testcase>
<testcase name="simple-operators" time="3.939" classname="simple-operators">
<failure type="test output mismatch" message="test output mismatch">
1,8c1,13
&lt; expected value_null =~ null
&lt; expected null =~ value_null
&lt; expected value_null !~ value_0
&lt; expected value_0 !~ value_null
&lt; expected value_1 !~ value_2
&lt; expected value_1 !~ value_2
&lt; expected value_2 =~ value_2
&lt; expected value_2 =~ value_2
---
&gt; uncaught exception System.Exception
&gt; 	execvp: binary: Unknown error 41732832
&gt; ../../tester/tester(_ZN6System9Exception13initBacktraceEv+0x3a) [0x4a489a]
&gt; ../../tester/tester(_ZN6System9Exception4initEN6System6StringE+0x22) [0x4a47e2]
&gt; ../../tester/tester(_ZN4Util7Process14throwUnixErrorEN6System6StringE+0x67) [0x4a0157]
&gt; ../../tester/tester(_ZN4Util7Process5spawnEPcPPcPPc+0x5e) [0x4a044e]
&gt; ../../tester/tester(_ZN4Util7Process5spawnEN6System6StringEA_N6System6StringEA_N6System6StringE+0x1c1) [0x4a0621]
&gt; ../../tester/tester(_ZN6Tester11TEST_RUNNER4testEv+0x908) [0x47f7a8]
&gt; ../../tester/tester(_ZN6Tester4Main4initEv+0x417) [0x491627]
&gt; ../../tester/tester(_ZN6System7Startup4run1EN6System6ObjectE+0x1f) [0x48a47f]
&gt; ../../tester/tester(__entry_point+0x20) [0x498ac0]
&gt; ../../tester/tester(main+0x29) [0x46df59]
&gt; 
</failure>
<system-out>uncaught exception System.Exception
	execvp: binary: Unknown error 41732832
../../tester/tester(_ZN6System9Exception13initBacktraceEv+0x3a) [0x4a489a]
../../tester/tester(_ZN6System9Exception4initEN6System6StringE+0x22) [0x4a47e2]
../../tester/tester(_ZN4Util7Process14throwUnixErrorEN6System6StringE+0x67) [0x4a0157]
../../tester/tester(_ZN4Util7Process5spawnEPcPPcPPc+0x5e) [0x4a044e]
../../tester/tester(_ZN4Util7Process5spawnEN6System6StringEA_N6System6StringEA_N6System6StringE+0x1c1) [0x4a0621]
../../tester/tester(_ZN6Tester11TEST_RUNNER4testEv+0x908) [0x47f7a8]
../../tester/tester(_ZN6Tester4Main4initEv+0x417) [0x491627]
../../tester/tester(_ZN6System7Startup4run1EN6System6ObjectE+0x1f) [0x48a47f]
../../tester/tester(__entry_point+0x20) [0x498ac0]
../../tester/tester(main+0x29) [0x46df59]

</system-out>
<system-err>System.Exception: execvp: /usr/bin/lc: Unknown error 743837048
ghul(_ZN4Util7Process14throwUnixErrorEN6System6StringE+0x74) [0x83c834]
ghul(_ZN4Util7Process5spawnEN6System6StringEA_N6System6StringEA_N6System6StringE+0x11d) [0x83cc0d]
ghul(_ZN4Util7Process3runEN6System6StringEA_N6System6StringEA_N6System6StringEb+0x59) [0x83cc89]
ghul(_ZN6Driver4Main4initEv+0xe03) [0x79ddc3]
ghul(_ZN6System7Startup4run1EN6System6ObjectE+0xd) [0x827bad]
ghul(main+0x43) [0x739153]

</system-err>
</testcase>
<testcase name="simple-overrides" time="0.017" classname="simple-overrides">
</testcase>
<testcase name="simple-property" time="3.983" classname="simple-property">
<failure type="test output mismatch" message="test output mismatch">
0a1,13
&gt; uncaught exception System.Exception
&gt; 	execvp: binary: Unknown error 41057568
&gt; ../../tester/tester(_ZN6System9Exception13initBacktraceEv+0x3a) [0x4a489a]
&gt; ../../tester/tester(_ZN6System9Exception4initEN6System6StringE+0x22) [0x4a47e2]
&gt; ../../tester/tester(_ZN4Util7Process14throwUnixErrorEN6System6StringE+0x67) [0x4a0157]
&gt; ../../tester/tester(_ZN4Util7Process5spawnEPcPPcPPc+0x5e) [0x4a044e]
&gt; ../../tester/tester(_ZN4Util7Process5spawnEN6System6StringEA_N6System6StringEA_N6System6StringE+0x1c1) [0x4a0621]
&gt; ../../tester/tester(_ZN6Tester11TEST_RUNNER4testEv+0x908) [0x47f7a8]
&gt; ../../tester/tester(_ZN6Tester4Main4initEv+0x417) [0x491627]
&gt; ../../tester/tester(_ZN6System7Startup4run1EN6System6ObjectE+0x1f) [0x48a47f]
&gt; ../../tester/tester(__entry_point+0x20) [0x498ac0]
&gt; ../../tester/tester(main+0x29) [0x46df59]
&gt; 
</failure>
<system-out>uncaught exception System.Exception
	execvp: binary: Unknown error 41057568
../../tester/tester(_ZN6System9Exception13initBacktraceEv+0x3a) [0x4a489a]
../../tester/tester(_ZN6System9Exception4initEN6System6StringE+0x22) [0x4a47e2]
../../tester/tester(_ZN4Util7Process14throwUnixErrorEN6System6StringE+0x67) [0x4a0157]
../../tester/tester(_ZN4Util7Process5spawnEPcPPcPPc+0x5e) [0x4a044e]
../../tester/tester(_ZN4Util7Process5spawnEN6System6StringEA_N6System6StringEA_N6System6StringE+0x1c1) [0x4a0621]
../../tester/tester(_ZN6Tester11TEST_RUNNER4testEv+0x908) [0x47f7a8]
../../tester/tester(_ZN6Tester4Main4initEv+0x417) [0x491627]
../../tester/tester(_ZN6System7Startup4run1EN6System6ObjectE+0x1f) [0x48a47f]
../../tester/tester(__entry_point+0x20) [0x498ac0]
../../tester/tester(main+0x29) [0x46df59]

</system-out>
<system-err>System.Exception: execvp: /usr/bin/lc: Unknown error -1427608200
ghul(_ZN4Util7Process14throwUnixErrorEN6System6StringE+0x74) [0x83c834]
ghul(_ZN4Util7Process5spawnEN6System6StringEA_N6System6StringEA_N6System6StringE+0x11d) [0x83cc0d]
ghul(_ZN4Util7Process3runEN6System6StringEA_N6System6StringEA_N6System6StringEb+0x59) [0x83cc89]
ghul(_ZN6Driver4Main4initEv+0xe03) [0x79ddc3]
ghul(_ZN6System7Startup4run1EN6System6ObjectE+0xd) [0x827bad]
ghul(main+0x43) [0x739153]

</system-err>
</testcase>
<testcase name="simple-trait" time="3.868" classname="simple-trait">
<failure type="test output mismatch" message="test output mismatch">
1,20c1,13
&lt; f(0) =&gt; 0
&lt; g(0) =&gt; 0
&lt; f(1) =&gt; 2
&lt; g(1) =&gt; 0
&lt; f(2) =&gt; 4
&lt; g(2) =&gt; 1
&lt; f(3) =&gt; 6
&lt; g(3) =&gt; 1
&lt; f(4) =&gt; 8
&lt; g(4) =&gt; 2
&lt; f(5) =&gt; 10
&lt; g(5) =&gt; 2
&lt; f(6) =&gt; 12
&lt; g(6) =&gt; 3
&lt; f(7) =&gt; 14
&lt; g(7) =&gt; 3
&lt; f(8) =&gt; 16
&lt; g(8) =&gt; 4
&lt; f(9) =&gt; 18
&lt; g(9) =&gt; 4
---
&gt; uncaught exception System.Exception
&gt; 	execvp: binary: Unknown error 41168592
&gt; ../../tester/tester(_ZN6System9Exception13initBacktraceEv+0x3a) [0x4a489a]
&gt; ../../tester/tester(_ZN6System9Exception4initEN6System6StringE+0x22) [0x4a47e2]
&gt; ../../tester/tester(_ZN4Util7Process14throwUnixErrorEN6System6StringE+0x67) [0x4a0157]
&gt; ../../tester/tester(_ZN4Util7Process5spawnEPcPPcPPc+0x5e) [0x4a044e]
&gt; ../../tester/tester(_ZN4Util7Process5spawnEN6System6StringEA_N6System6StringEA_N6System6StringE+0x1c1) [0x4a0621]
&gt; ../../tester/tester(_ZN6Tester11TEST_RUNNER4testEv+0x908) [0x47f7a8]
&gt; ../../tester/tester(_ZN6Tester4Main4initEv+0x417) [0x491627]
&gt; ../../tester/tester(_ZN6System7Startup4run1EN6System6ObjectE+0x1f) [0x48a47f]
&gt; ../../tester/tester(__entry_point+0x20) [0x498ac0]
&gt; ../../tester/tester(main+0x29) [0x46df59]
&gt; 
</failure>
<system-out>uncaught exception System.Exception
	execvp: binary: Unknown error 41168592
../../tester/tester(_ZN6System9Exception13initBacktraceEv+0x3a) [0x4a489a]
../../tester/tester(_ZN6System9Exception4initEN6System6StringE+0x22) [0x4a47e2]
../../tester/tester(_ZN4Util7Process14throwUnixErrorEN6System6StringE+0x67) [0x4a0157]
../../tester/tester(_ZN4Util7Process5spawnEPcPPcPPc+0x5e) [0x4a044e]
../../tester/tester(_ZN4Util7Process5spawnEN6System6StringEA_N6System6StringEA_N6System6StringE+0x1c1) [0x4a0621]
../../tester/tester(_ZN6Tester11TEST_RUNNER4testEv+0x908) [0x47f7a8]
../../tester/tester(_ZN6Tester4Main4initEv+0x417) [0x491627]
../../tester/tester(_ZN6System7Startup4run1EN6System6ObjectE+0x1f) [0x48a47f]
../../tester/tester(__entry_point+0x20) [0x498ac0]
../../tester/tester(main+0x29) [0x46df59]

</system-out>
<system-err>System.Exception: execvp: /usr/bin/lc: Unknown error -1149637256
ghul(_ZN4Util7Process14throwUnixErrorEN6System6StringE+0x74) [0x83c834]
ghul(_ZN4Util7Process5spawnEN6System6StringEA_N6System6StringEA_N6System6StringE+0x11d) [0x83cc0d]
ghul(_ZN4Util7Process3runEN6System6StringEA_N6System6StringEA_N6System6StringEb+0x59) [0x83cc89]
ghul(_ZN6Driver4Main4initEv+0xe03) [0x79ddc3]
ghul(_ZN6System7Startup4run1EN6System6ObjectE+0xd) [0x827bad]
ghul(main+0x43) [0x739153]

</system-err>
</testcase>
<testcase name="simple-type-compatibility" time="0.011" classname="simple-type-compatibility">
</testcase>
<testcase name="single-element-tuple" time="0.011" classname="single-element-tuple">
</testcase>
<testcase name="static-modifier-error" time="0.913" classname="static-modifier-error">
<failure type="compiler error mismatch" message="compiler error mismatch">
1d0
&lt; ./cases/static-modifier-error/test.ghul: 19,0..20,0: error: cannot call instance method void Test.StaticModifier.Instance.instance_function() from static context
</failure>
<system-err>System.Exception: execvp: /usr/bin/lc: Unknown error -1229812360
ghul(_ZN4Util7Process14throwUnixErrorEN6System6StringE+0x74) [0x83c834]
ghul(_ZN4Util7Process5spawnEN6System6StringEA_N6System6StringEA_N6System6StringE+0x11d) [0x83cc0d]
ghul(_ZN4Util7Process3runEN6System6StringEA_N6System6StringEA_N6System6StringEb+0x59) [0x83cc89]
ghul(_ZN6Driver4Main4initEv+0xe03) [0x79ddc3]
ghul(_ZN6System7Startup4run1EN6System6ObjectE+0xd) [0x827bad]
ghul(main+0x43) [0x739153]

</system-err>
</testcase>
<testcase name="static-modifier" time="3.916" classname="static-modifier">
<failure type="test output mismatch" message="test output mismatch">
1,3c1,13
&lt; instance function
&lt; static function
&lt; static function
---
&gt; uncaught exception System.Exception
&gt; 	execvp: binary: Unknown error 41216544
&gt; ../../tester/tester(_ZN6System9Exception13initBacktraceEv+0x3a) [0x4a489a]
&gt; ../../tester/tester(_ZN6System9Exception4initEN6System6StringE+0x22) [0x4a47e2]
&gt; ../../tester/tester(_ZN4Util7Process14throwUnixErrorEN6System6StringE+0x67) [0x4a0157]
&gt; ../../tester/tester(_ZN4Util7Process5spawnEPcPPcPPc+0x5e) [0x4a044e]
&gt; ../../tester/tester(_ZN4Util7Process5spawnEN6System6StringEA_N6System6StringEA_N6System6StringE+0x1c1) [0x4a0621]
&gt; ../../tester/tester(_ZN6Tester11TEST_RUNNER4testEv+0x908) [0x47f7a8]
&gt; ../../tester/tester(_ZN6Tester4Main4initEv+0x417) [0x491627]
&gt; ../../tester/tester(_ZN6System7Startup4run1EN6System6ObjectE+0x1f) [0x48a47f]
&gt; ../../tester/tester(__entry_point+0x20) [0x498ac0]
&gt; ../../tester/tester(main+0x29) [0x46df59]
&gt; 
</failure>
<failure type="compiler warning mismatch" message="compiler warning mismatch">
1d0
&lt; ./cases/static-modifier/test.ghul: 20,0..21,0: warn: call to static method void Test.StaticModifier.Instance.static_function() does not evaluate left value
</failure>
<system-out>uncaught exception System.Exception
	execvp: binary: Unknown error 41216544
../../tester/tester(_ZN6System9Exception13initBacktraceEv+0x3a) [0x4a489a]
../../tester/tester(_ZN6System9Exception4initEN6System6StringE+0x22) [0x4a47e2]
../../tester/tester(_ZN4Util7Process14throwUnixErrorEN6System6StringE+0x67) [0x4a0157]
../../tester/tester(_ZN4Util7Process5spawnEPcPPcPPc+0x5e) [0x4a044e]
../../tester/tester(_ZN4Util7Process5spawnEN6System6StringEA_N6System6StringEA_N6System6StringE+0x1c1) [0x4a0621]
../../tester/tester(_ZN6Tester11TEST_RUNNER4testEv+0x908) [0x47f7a8]
../../tester/tester(_ZN6Tester4Main4initEv+0x417) [0x491627]
../../tester/tester(_ZN6System7Startup4run1EN6System6ObjectE+0x1f) [0x48a47f]
../../tester/tester(__entry_point+0x20) [0x498ac0]
../../tester/tester(main+0x29) [0x46df59]

</system-out>
<system-err>System.Exception: execvp: /usr/bin/lc: Unknown error 123284856
ghul(_ZN4Util7Process14throwUnixErrorEN6System6StringE+0x74) [0x83c834]
ghul(_ZN4Util7Process5spawnEN6System6StringEA_N6System6StringEA_N6System6StringE+0x11d) [0x83cc0d]
ghul(_ZN4Util7Process3runEN6System6StringEA_N6System6StringEA_N6System6StringEb+0x59) [0x83cc89]
ghul(_ZN6Driver4Main4initEv+0xe03) [0x79ddc3]
ghul(_ZN6System7Startup4run1EN6System6ObjectE+0xd) [0x827bad]
ghul(main+0x43) [0x739153]

</system-err>
</testcase>
<testcase name="string-plus-int" time="0.015" classname="string-plus-int">
<failure type="build" message="build">
unexpected build failure
</failure>
<system-err>IO.IOException: open &quot;../lib/ghul.ghul&quot;: No such file or directory (2)
ghul(_ZN2IO11IOException4initEiN6System6StringE+0x2d) [0x7bb95d]
ghul(_ZN2IO10FileStream16throwIOExceptionEN6System6StringEiN6System6StringE+0x105) [0x7b8f55]
ghul(_ZN2IO4File10openStreamEN6System6StringEiib+0x62) [0x81fed2]
ghul(_ZN6Driver4Main4initEv+0x7a5) [0x79d765]
ghul(_ZN6System7Startup4run1EN6System6ObjectE+0xd) [0x827bad]
ghul(main+0x43) [0x739153]

</system-err>
</testcase>
<testcase name="trait-indexer-assign-1" time="3.947" classname="trait-indexer-assign-1">
<failure type="test output mismatch" message="test output mismatch">
1,10c1,13
&lt; test 0 is 0
&lt; test 1 is 1
&lt; test 2 is 4
&lt; test 3 is 9
&lt; test 4 is 16
&lt; test 5 is 25
&lt; test 6 is 36
&lt; test 7 is 49
&lt; test 8 is 64
&lt; test 9 is 81
---
&gt; uncaught exception System.Exception
&gt; 	execvp: binary: Unknown error 41327328
&gt; ../../tester/tester(_ZN6System9Exception13initBacktraceEv+0x3a) [0x4a489a]
&gt; ../../tester/tester(_ZN6System9Exception4initEN6System6StringE+0x22) [0x4a47e2]
&gt; ../../tester/tester(_ZN4Util7Process14throwUnixErrorEN6System6StringE+0x67) [0x4a0157]
&gt; ../../tester/tester(_ZN4Util7Process5spawnEPcPPcPPc+0x5e) [0x4a044e]
&gt; ../../tester/tester(_ZN4Util7Process5spawnEN6System6StringEA_N6System6StringEA_N6System6StringE+0x1c1) [0x4a0621]
&gt; ../../tester/tester(_ZN6Tester11TEST_RUNNER4testEv+0x908) [0x47f7a8]
&gt; ../../tester/tester(_ZN6Tester4Main4initEv+0x417) [0x491627]
&gt; ../../tester/tester(_ZN6System7Startup4run1EN6System6ObjectE+0x1f) [0x48a47f]
&gt; ../../tester/tester(__entry_point+0x20) [0x498ac0]
&gt; ../../tester/tester(main+0x29) [0x46df59]
&gt; 
</failure>
<system-out>uncaught exception System.Exception
	execvp: binary: Unknown error 41327328
../../tester/tester(_ZN6System9Exception13initBacktraceEv+0x3a) [0x4a489a]
../../tester/tester(_ZN6System9Exception4initEN6System6StringE+0x22) [0x4a47e2]
../../tester/tester(_ZN4Util7Process14throwUnixErrorEN6System6StringE+0x67) [0x4a0157]
../../tester/tester(_ZN4Util7Process5spawnEPcPPcPPc+0x5e) [0x4a044e]
../../tester/tester(_ZN4Util7Process5spawnEN6System6StringEA_N6System6StringEA_N6System6StringE+0x1c1) [0x4a0621]
../../tester/tester(_ZN6Tester11TEST_RUNNER4testEv+0x908) [0x47f7a8]
../../tester/tester(_ZN6Tester4Main4initEv+0x417) [0x491627]
../../tester/tester(_ZN6System7Startup4run1EN6System6ObjectE+0x1f) [0x48a47f]
../../tester/tester(__entry_point+0x20) [0x498ac0]
../../tester/tester(main+0x29) [0x46df59]

</system-out>
<system-err>System.Exception: execvp: /usr/bin/lc: Unknown error -1385628296
ghul(_ZN4Util7Process14throwUnixErrorEN6System6StringE+0x74) [0x83c834]
ghul(_ZN4Util7Process5spawnEN6System6StringEA_N6System6StringEA_N6System6StringE+0x11d) [0x83cc0d]
ghul(_ZN4Util7Process3runEN6System6StringEA_N6System6StringEA_N6System6StringEb+0x59) [0x83cc89]
ghul(_ZN6Driver4Main4initEv+0xe03) [0x79ddc3]
ghul(_ZN6System7Startup4run1EN6System6ObjectE+0xd) [0x827bad]
ghul(main+0x43) [0x739153]

</system-err>
</testcase>
<testcase name="trait-inherit" time="0.014" classname="trait-inherit">
<failure type="build" message="build">
unexpected build failure
</failure>
<system-err>IO.IOException: open &quot;../lib/ghul.ghul&quot;: No such file or directory (2)
ghul(_ZN2IO11IOException4initEiN6System6StringE+0x2d) [0x7bb95d]
ghul(_ZN2IO10FileStream16throwIOExceptionEN6System6StringEiN6System6StringE+0x105) [0x7b8f55]
ghul(_ZN2IO4File10openStreamEN6System6StringEiib+0x62) [0x81fed2]
ghul(_ZN6Driver4Main4initEv+0x7a5) [0x79d765]
ghul(_ZN6System7Startup4run1EN6System6ObjectE+0xd) [0x827bad]
ghul(main+0x43) [0x739153]

</system-err>
</testcase>
<testcase name="trait-property-assign-1" time="4.003" classname="trait-property-assign-1">
<failure type="test output mismatch" message="test output mismatch">
1,10c1,13
&lt; test 1 is 1
&lt; test 2 is 2
&lt; test 3 is 3
&lt; test 4 is 4
&lt; test 5 is 5
&lt; test 6 is 6
&lt; test 7 is 7
&lt; test 8 is 8
&lt; test 9 is 9
&lt; test 10 is 10
---
&gt; uncaught exception System.Exception
&gt; 	execvp: binary: Unknown error 41373200
&gt; ../../tester/tester(_ZN6System9Exception13initBacktraceEv+0x3a) [0x4a489a]
&gt; ../../tester/tester(_ZN6System9Exception4initEN6System6StringE+0x22) [0x4a47e2]
&gt; ../../tester/tester(_ZN4Util7Process14throwUnixErrorEN6System6StringE+0x67) [0x4a0157]
&gt; ../../tester/tester(_ZN4Util7Process5spawnEPcPPcPPc+0x5e) [0x4a044e]
&gt; ../../tester/tester(_ZN4Util7Process5spawnEN6System6StringEA_N6System6StringEA_N6System6StringE+0x1c1) [0x4a0621]
&gt; ../../tester/tester(_ZN6Tester11TEST_RUNNER4testEv+0x908) [0x47f7a8]
&gt; ../../tester/tester(_ZN6Tester4Main4initEv+0x417) [0x491627]
&gt; ../../tester/tester(_ZN6System7Startup4run1EN6System6ObjectE+0x1f) [0x48a47f]
&gt; ../../tester/tester(__entry_point+0x20) [0x498ac0]
&gt; ../../tester/tester(main+0x29) [0x46df59]
&gt; 
</failure>
<system-out>uncaught exception System.Exception
	execvp: binary: Unknown error 41373200
../../tester/tester(_ZN6System9Exception13initBacktraceEv+0x3a) [0x4a489a]
../../tester/tester(_ZN6System9Exception4initEN6System6StringE+0x22) [0x4a47e2]
../../tester/tester(_ZN4Util7Process14throwUnixErrorEN6System6StringE+0x67) [0x4a0157]
../../tester/tester(_ZN4Util7Process5spawnEPcPPcPPc+0x5e) [0x4a044e]
../../tester/tester(_ZN4Util7Process5spawnEN6System6StringEA_N6System6StringEA_N6System6StringE+0x1c1) [0x4a0621]
../../tester/tester(_ZN6Tester11TEST_RUNNER4testEv+0x908) [0x47f7a8]
../../tester/tester(_ZN6Tester4Main4initEv+0x417) [0x491627]
../../tester/tester(_ZN6System7Startup4run1EN6System6ObjectE+0x1f) [0x48a47f]
../../tester/tester(__entry_point+0x20) [0x498ac0]
../../tester/tester(main+0x29) [0x46df59]

</system-out>
<system-err>System.Exception: execvp: /usr/bin/lc: Unknown error 2108525944
ghul(_ZN4Util7Process14throwUnixErrorEN6System6StringE+0x74) [0x83c834]
ghul(_ZN4Util7Process5spawnEN6System6StringEA_N6System6StringEA_N6System6StringE+0x11d) [0x83cc0d]
ghul(_ZN4Util7Process3runEN6System6StringEA_N6System6StringEA_N6System6StringEb+0x59) [0x83cc89]
ghul(_ZN6Driver4Main4initEv+0xe03) [0x79ddc3]
ghul(_ZN6System7Startup4run1EN6System6ObjectE+0xd) [0x827bad]
ghul(main+0x43) [0x739153]

</system-err>
</testcase>
<testcase name="typed-sequence" time="4.218" classname="typed-sequence">
<failure type="test output mismatch" message="test output mismatch">
1,3c1,13
&lt; A Test.TypedSequence.C value: 1
&lt; A Test.TypedSequence.D value: 2
&lt; 1,2,3,4,5
---
&gt; uncaught exception System.Exception
&gt; 	execvp: binary: Unknown error 41369840
&gt; ../../tester/tester(_ZN6System9Exception13initBacktraceEv+0x3a) [0x4a489a]
&gt; ../../tester/tester(_ZN6System9Exception4initEN6System6StringE+0x22) [0x4a47e2]
&gt; ../../tester/tester(_ZN4Util7Process14throwUnixErrorEN6System6StringE+0x67) [0x4a0157]
&gt; ../../tester/tester(_ZN4Util7Process5spawnEPcPPcPPc+0x5e) [0x4a044e]
&gt; ../../tester/tester(_ZN4Util7Process5spawnEN6System6StringEA_N6System6StringEA_N6System6StringE+0x1c1) [0x4a0621]
&gt; ../../tester/tester(_ZN6Tester11TEST_RUNNER4testEv+0x908) [0x47f7a8]
&gt; ../../tester/tester(_ZN6Tester4Main4initEv+0x417) [0x491627]
&gt; ../../tester/tester(_ZN6System7Startup4run1EN6System6ObjectE+0x1f) [0x48a47f]
&gt; ../../tester/tester(__entry_point+0x20) [0x498ac0]
&gt; ../../tester/tester(main+0x29) [0x46df59]
&gt; 
</failure>
<system-out>uncaught exception System.Exception
	execvp: binary: Unknown error 41369840
../../tester/tester(_ZN6System9Exception13initBacktraceEv+0x3a) [0x4a489a]
../../tester/tester(_ZN6System9Exception4initEN6System6StringE+0x22) [0x4a47e2]
../../tester/tester(_ZN4Util7Process14throwUnixErrorEN6System6StringE+0x67) [0x4a0157]
../../tester/tester(_ZN4Util7Process5spawnEPcPPcPPc+0x5e) [0x4a044e]
../../tester/tester(_ZN4Util7Process5spawnEN6System6StringEA_N6System6StringEA_N6System6StringE+0x1c1) [0x4a0621]
../../tester/tester(_ZN6Tester11TEST_RUNNER4testEv+0x908) [0x47f7a8]
../../tester/tester(_ZN6Tester4Main4initEv+0x417) [0x491627]
../../tester/tester(_ZN6System7Startup4run1EN6System6ObjectE+0x1f) [0x48a47f]
../../tester/tester(__entry_point+0x20) [0x498ac0]
../../tester/tester(main+0x29) [0x46df59]

</system-out>
<system-err>System.Exception: execvp: /usr/bin/lc: Unknown error 30440824
ghul(_ZN4Util7Process14throwUnixErrorEN6System6StringE+0x74) [0x83c834]
ghul(_ZN4Util7Process5spawnEN6System6StringEA_N6System6StringEA_N6System6StringE+0x11d) [0x83cc0d]
ghul(_ZN4Util7Process3runEN6System6StringEA_N6System6StringEA_N6System6StringEb+0x59) [0x83cc89]
ghul(_ZN6Driver4Main4initEv+0xe03) [0x79ddc3]
ghul(_ZN6System7Startup4run1EN6System6ObjectE+0xd) [0x827bad]
ghul(main+0x43) [0x739153]

</system-err>
</testcase>
<testcase name="utf8-string-literal" time="0.015" classname="utf8-string-literal">
<failure type="build" message="build">
unexpected build failure
</failure>
<system-err>IO.IOException: open &quot;../lib/ghul.ghul&quot;: No such file or directory (2)
ghul(_ZN2IO11IOException4initEiN6System6StringE+0x2d) [0x7bb95d]
ghul(_ZN2IO10FileStream16throwIOExceptionEN6System6StringEiN6System6StringE+0x105) [0x7b8f55]
ghul(_ZN2IO4File10openStreamEN6System6StringEiib+0x62) [0x81fed2]
ghul(_ZN6Driver4Main4initEv+0x7a5) [0x79d765]
ghul(_ZN6System7Startup4run1EN6System6ObjectE+0xd) [0x827bad]
ghul(main+0x43) [0x739153]

</system-err>
</testcase>
<testcase name="zero-arg-function" time="3.893" classname="zero-arg-function">
<failure type="test output mismatch" message="test output mismatch">
0a1,13
&gt; uncaught exception System.Exception
&gt; 	execvp: binary: Unknown error 41433920
&gt; ../../tester/tester(_ZN6System9Exception13initBacktraceEv+0x3a) [0x4a489a]
&gt; ../../tester/tester(_ZN6System9Exception4initEN6System6StringE+0x22) [0x4a47e2]
&gt; ../../tester/tester(_ZN4Util7Process14throwUnixErrorEN6System6StringE+0x67) [0x4a0157]
&gt; ../../tester/tester(_ZN4Util7Process5spawnEPcPPcPPc+0x5e) [0x4a044e]
&gt; ../../tester/tester(_ZN4Util7Process5spawnEN6System6StringEA_N6System6StringEA_N6System6StringE+0x1c1) [0x4a0621]
&gt; ../../tester/tester(_ZN6Tester11TEST_RUNNER4testEv+0x908) [0x47f7a8]
&gt; ../../tester/tester(_ZN6Tester4Main4initEv+0x417) [0x491627]
&gt; ../../tester/tester(_ZN6System7Startup4run1EN6System6ObjectE+0x1f) [0x48a47f]
&gt; ../../tester/tester(__entry_point+0x20) [0x498ac0]
&gt; ../../tester/tester(main+0x29) [0x46df59]
&gt; 
</failure>
<system-out>uncaught exception System.Exception
	execvp: binary: Unknown error 41433920
../../tester/tester(_ZN6System9Exception13initBacktraceEv+0x3a) [0x4a489a]
../../tester/tester(_ZN6System9Exception4initEN6System6StringE+0x22) [0x4a47e2]
../../tester/tester(_ZN4Util7Process14throwUnixErrorEN6System6StringE+0x67) [0x4a0157]
../../tester/tester(_ZN4Util7Process5spawnEPcPPcPPc+0x5e) [0x4a044e]
../../tester/tester(_ZN4Util7Process5spawnEN6System6StringEA_N6System6StringEA_N6System6StringE+0x1c1) [0x4a0621]
../../tester/tester(_ZN6Tester11TEST_RUNNER4testEv+0x908) [0x47f7a8]
../../tester/tester(_ZN6Tester4Main4initEv+0x417) [0x491627]
../../tester/tester(_ZN6System7Startup4run1EN6System6ObjectE+0x1f) [0x48a47f]
../../tester/tester(__entry_point+0x20) [0x498ac0]
../../tester/tester(main+0x29) [0x46df59]

</system-out>
</testcase>
</testsuite>
</testsuites>

